{"meta": {"format": 3, "version": "7.13.0", "timestamp": "2026-03-08T23:22:32.654136", "branch_coverage": false, "show_contexts": false}, "files": {"app/__init__.py": {"executed_lines": [0], "summary": {"covered_lines": 0, "num_statements": 0, "percent_covered": 100.0, "percent_covered_display": "100", "missing_lines": 0, "excluded_lines": 0, "percent_statements_covered": 100.0, "percent_statements_covered_display": "100"}, "missing_lines": [], "excluded_lines": [], "functions": {"": {"executed_lines": [], "summary": {"covered_lines": 0, "num_statements": 0, "percent_covered": 100.0, "percent_covered_display": "100", "missing_lines": 0, "excluded_lines": 0, "percent_statements_covered": 100.0, "percent_statements_covered_display": "100"}, "missing_lines": [], "excluded_lines": []}}, "classes": {"": {"executed_lines": [], "summary": {"covered_lines": 0, "num_statements": 0, "percent_covered": 100.0, "percent_covered_display": "100", "missing_lines": 0, "excluded_lines": 0, "percent_statements_covered": 100.0, "percent_statements_covered_display": "100"}, "missing_lines": [], "excluded_lines": []}}}, "app/api/__init__.py": {"executed_lines": [0], "summary": {"covered_lines": 0, "num_statements": 0, "percent_covered": 100.0, "percent_covered_display": "100", "missing_lines": 0, "excluded_lines": 0, "percent_statements_covered": 100.0, "percent_statements_covered_display": "100"}, "missing_lines": [], "excluded_lines": [], "functions": {"": {"executed_lines": [], "summary": {"covered_lines": 0, "num_statements": 0, "percent_covered": 100.0, "percent_covered_display": "100", "missing_lines": 0, "excluded_lines": 0, "percent_statements_covered": 100.0, "percent_statements_covered_display": "100"}, "missing_lines": [], "excluded_lines": []}}, "classes": {"": {"executed_lines": [], "summary": {"covered_lines": 0, "num_statements": 0, "percent_covered": 100.0, "percent_covered_display": "100", "missing_lines": 0, "excluded_lines": 0, "percent_statements_covered": 100.0, "percent_statements_covered_display": "100"}, "missing_lines": [], "excluded_lines": []}}}, "app/api/routes/__init__.py": {"executed_lines": [1, 5, 7], "summary": {"covered_lines": 2, "num_statements": 2, "percent_covered": 100.0, "percent_covered_display": "100", "missing_lines": 0, "excluded_lines": 0, "percent_statements_covered": 100.0, "percent_statements_covered_display": "100"}, "missing_lines": [], "excluded_lines": [], "functions": {"": {"executed_lines": [1, 5, 7], "summary": {"covered_lines": 2, "num_statements": 2, "percent_covered": 100.0, "percent_covered_display": "100", "missing_lines": 0, "excluded_lines": 0, "percent_statements_covered": 100.0, "percent_statements_covered_display": "100"}, "missing_lines": [], "excluded_lines": []}}, "classes": {"": {"executed_lines": [1, 5, 7], "summary": {"covered_lines": 2, "num_statements": 2, "percent_covered": 100.0, "percent_covered_display": "100", "missing_lines": 0, "excluded_lines": 0, "percent_statements_covered": 100.0, "percent_statements_covered_display": "100"}, "missing_lines": [], "excluded_lines": []}}}, "app/api/routes/documents.py": {"executed_lines": [1, 7, 8, 9, 10, 11, 12, 14, 17, 18, 19, 20, 21, 22, 25, 26, 34, 35, 41, 42, 118, 119, 206, 207], "summary": {"covered_lines": 20, "num_statements": 92, "percent_covered": 21.73913043478261, "percent_covered_display": "22", "missing_lines": 72, "excluded_lines": 0, "percent_statements_covered": 21.73913043478261, "percent_statements_covered_display": "22"}, "missing_lines": [52, 53, 54, 55, 56, 58, 61, 62, 64, 65, 71, 75, 78, 79, 80, 81, 84, 86, 87, 89, 90, 92, 95, 96, 98, 106, 107, 111, 112, 137, 138, 139, 140, 143, 144, 145, 146, 148, 150, 152, 153, 154, 155, 156, 157, 159, 165, 166, 168, 169, 170, 173, 175, 176, 178, 179, 181, 183, 184, 186, 196, 197, 199, 200, 209, 210, 212, 213, 215, 217, 223, 224], "excluded_lines": [], "functions": {"ingest_documents": {"executed_lines": [], "summary": {"covered_lines": 0, "num_statements": 29, "percent_covered": 0.0, "percent_covered_display": "0", "missing_lines": 29, "excluded_lines": 0, "percent_statements_covered": 0.0, "percent_statements_covered_display": "0"}, "missing_lines": [52, 53, 54, 55, 56, 58, 61, 62, 64, 65, 71, 75, 78, 79, 80, 81, 84, 86, 87, 89, 90, 92, 95, 96, 98, 106, 107, 111, 112], "excluded_lines": []}, "upload_document": {"executed_lines": [], "summary": {"covered_lines": 0, "num_statements": 35, "percent_covered": 0.0, "percent_covered_display": "0", "missing_lines": 35, "excluded_lines": 0, "percent_statements_covered": 0.0, "percent_statements_covered_display": "0"}, "missing_lines": [137, 138, 139, 140, 143, 144, 145, 146, 148, 150, 152, 153, 154, 155, 156, 157, 159, 165, 166, 168, 169, 170, 173, 175, 176, 178, 179, 181, 183, 184, 186, 196, 197, 199, 200], "excluded_lines": []}, "get_stats": {"executed_lines": [], "summary": {"covered_lines": 0, "num_statements": 8, "percent_covered": 0.0, "percent_covered_display": "0", "missing_lines": 8, "excluded_lines": 0, "percent_statements_covered": 0.0, "percent_statements_covered_display": "0"}, "missing_lines": [209, 210, 212, 213, 215, 217, 223, 224], "excluded_lines": []}, "": {"executed_lines": [1, 7, 8, 9, 10, 11, 12, 14, 17, 18, 19, 20, 21, 22, 25, 26, 34, 35, 41, 42, 118, 119, 206, 207], "summary": {"covered_lines": 20, "num_statements": 20, "percent_covered": 100.0, "percent_covered_display": "100", "missing_lines": 0, "excluded_lines": 0, "percent_statements_covered": 100.0, "percent_statements_covered_display": "100"}, "missing_lines": [], "excluded_lines": []}}, "classes": {"DocumentIngestRequest": {"executed_lines": [], "summary": {"covered_lines": 0, "num_statements": 0, "percent_covered": 100.0, "percent_covered_display": "100", "missing_lines": 0, "excluded_lines": 0, "percent_statements_covered": 100.0, "percent_statements_covered_display": "100"}, "missing_lines": [], "excluded_lines": []}, "DocumentIngestResponse": {"executed_lines": [], "summary": {"covered_lines": 0, "num_statements": 0, "percent_covered": 100.0, "percent_covered_display": "100", "missing_lines": 0, "excluded_lines": 0, "percent_statements_covered": 100.0, "percent_statements_covered_display": "100"}, "missing_lines": [], "excluded_lines": []}, "DocumentStats": {"executed_lines": [], "summary": {"covered_lines": 0, "num_statements": 0, "percent_covered": 100.0, "percent_covered_display": "100", "missing_lines": 0, "excluded_lines": 0, "percent_statements_covered": 100.0, "percent_statements_covered_display": "100"}, "missing_lines": [], "excluded_lines": []}, "": {"executed_lines": [1, 7, 8, 9, 10, 11, 12, 14, 17, 18, 19, 20, 21, 22, 25, 26, 34, 35, 41, 42, 118, 119, 206, 207], "summary": {"covered_lines": 20, "num_statements": 92, "percent_covered": 21.73913043478261, "percent_covered_display": "22", "missing_lines": 72, "excluded_lines": 0, "percent_statements_covered": 21.73913043478261, "percent_statements_covered_display": "22"}, "missing_lines": [52, 53, 54, 55, 56, 58, 61, 62, 64, 65, 71, 75, 78, 79, 80, 81, 84, 86, 87, 89, 90, 92, 95, 96, 98, 106, 107, 111, 112, 137, 138, 139, 140, 143, 144, 145, 146, 148, 150, 152, 153, 154, 155, 156, 157, 159, 165, 166, 168, 169, 170, 173, 175, 176, 178, 179, 181, 183, 184, 186, 196, 197, 199, 200, 209, 210, 212, 213, 215, 217, 223, 224], "excluded_lines": []}}}, "app/api/routes/health.py": {"executed_lines": [1, 5, 6, 8, 11, 12, 14, 20, 21, 23], "summary": {"covered_lines": 9, "num_statements": 9, "percent_covered": 100.0, "percent_covered_display": "100", "missing_lines": 0, "excluded_lines": 0, "percent_statements_covered": 100.0, "percent_statements_covered_display": "100"}, "missing_lines": [], "excluded_lines": [], "functions": {"health_check": {"executed_lines": [14], "summary": {"covered_lines": 1, "num_statements": 1, "percent_covered": 100.0, "percent_covered_display": "100", "missing_lines": 0, "excluded_lines": 0, "percent_statements_covered": 100.0, "percent_statements_covered_display": "100"}, "missing_lines": [], "excluded_lines": []}, "detailed_health_check": {"executed_lines": [23], "summary": {"covered_lines": 1, "num_statements": 1, "percent_covered": 100.0, "percent_covered_display": "100", "missing_lines": 0, "excluded_lines": 0, "percent_statements_covered": 100.0, "percent_statements_covered_display": "100"}, "missing_lines": [], "excluded_lines": []}, "": {"executed_lines": [1, 5, 6, 8, 11, 12, 20, 21], "summary": {"covered_lines": 7, "num_statements": 7, "percent_covered": 100.0, "percent_covered_display": "100", "missing_lines": 0, "excluded_lines": 0, "percent_statements_covered": 100.0, "percent_statements_covered_display": "100"}, "missing_lines": [], "excluded_lines": []}}, "classes": {"": {"executed_lines": [1, 5, 6, 8, 11, 12, 14, 20, 21, 23], "summary": {"covered_lines": 9, "num_statements": 9, "percent_covered": 100.0, "percent_covered_display": "100", "missing_lines": 0, "excluded_lines": 0, "percent_statements_covered": 100.0, "percent_statements_covered_display": "100"}, "missing_lines": [], "excluded_lines": []}}}, "app/api/routes/ingest.py": {"executed_lines": [1, 5, 6, 7, 9, 12, 13, 24, 26, 38, 39, 41], "summary": {"covered_lines": 11, "num_statements": 13, "percent_covered": 84.61538461538461, "percent_covered_display": "85", "missing_lines": 2, "excluded_lines": 0, "percent_statements_covered": 84.61538461538461, "percent_statements_covered_display": "85"}, "missing_lines": [34, 35], "excluded_lines": [], "functions": {"ingest_documents": {"executed_lines": [24, 26], "summary": {"covered_lines": 2, "num_statements": 4, "percent_covered": 50.0, "percent_covered_display": "50", "missing_lines": 2, "excluded_lines": 0, "percent_statements_covered": 50.0, "percent_statements_covered_display": "50"}, "missing_lines": [34, 35], "excluded_lines": []}, "get_ingestion_status": {"executed_lines": [41], "summary": {"covered_lines": 1, "num_statements": 1, "percent_covered": 100.0, "percent_covered_display": "100", "missing_lines": 0, "excluded_lines": 0, "percent_statements_covered": 100.0, "percent_statements_covered_display": "100"}, "missing_lines": [], "excluded_lines": []}, "": {"executed_lines": [1, 5, 6, 7, 9, 12, 13, 38, 39], "summary": {"covered_lines": 8, "num_statements": 8, "percent_covered": 100.0, "percent_covered_display": "100", "missing_lines": 0, "excluded_lines": 0, "percent_statements_covered": 100.0, "percent_statements_covered_display": "100"}, "missing_lines": [], "excluded_lines": []}}, "classes": {"": {"executed_lines": [1, 5, 6, 7, 9, 12, 13, 24, 26, 38, 39, 41], "summary": {"covered_lines": 11, "num_statements": 13, "percent_covered": 84.61538461538461, "percent_covered_display": "85", "missing_lines": 2, "excluded_lines": 0, "percent_statements_covered": 84.61538461538461, "percent_statements_covered_display": "85"}, "missing_lines": [34, 35], "excluded_lines": []}}}, "app/api/routes/query.py": {"executed_lines": [1, 7, 8, 9, 11, 14, 17, 18, 19, 20, 21, 22, 23, 26, 27, 35, 36, 37, 38, 39, 42, 43, 82, 83, 123, 124, 126], "summary": {"covered_lines": 23, "num_statements": 40, "percent_covered": 57.5, "percent_covered_display": "58", "missing_lines": 17, "excluded_lines": 0, "percent_statements_covered": 57.5, "percent_statements_covered_display": "58"}, "missing_lines": [53, 55, 57, 60, 67, 75, 76, 93, 94, 96, 99, 104, 105, 106, 114, 116, 117], "excluded_lines": [], "functions": {"query": {"executed_lines": [], "summary": {"covered_lines": 0, "num_statements": 7, "percent_covered": 0.0, "percent_covered_display": "0", "missing_lines": 7, "excluded_lines": 0, "percent_statements_covered": 0.0, "percent_statements_covered_display": "0"}, "missing_lines": [53, 55, 57, 60, 67, 75, 76], "excluded_lines": []}, "batch_query": {"executed_lines": [], "summary": {"covered_lines": 0, "num_statements": 10, "percent_covered": 0.0, "percent_covered_display": "0", "missing_lines": 10, "excluded_lines": 0, "percent_statements_covered": 0.0, "percent_statements_covered_display": "0"}, "missing_lines": [93, 94, 96, 99, 104, 105, 106, 114, 116, 117], "excluded_lines": []}, "health_check": {"executed_lines": [126], "summary": {"covered_lines": 1, "num_statements": 1, "percent_covered": 100.0, "percent_covered_display": "100", "missing_lines": 0, "excluded_lines": 0, "percent_statements_covered": 100.0, "percent_statements_covered_display": "100"}, "missing_lines": [], "excluded_lines": []}, "": {"executed_lines": [1, 7, 8, 9, 11, 14, 17, 18, 19, 20, 21, 22, 23, 26, 27, 35, 36, 37, 38, 39, 42, 43, 82, 83, 123, 124], "summary": {"covered_lines": 22, "num_statements": 22, "percent_covered": 100.0, "percent_covered_display": "100", "missing_lines": 0, "excluded_lines": 0, "percent_statements_covered": 100.0, "percent_statements_covered_display": "100"}, "missing_lines": [], "excluded_lines": []}}, "classes": {"QueryRequest": {"executed_lines": [], "summary": {"covered_lines": 0, "num_statements": 0, "percent_covered": 100.0, "percent_covered_display": "100", "missing_lines": 0, "excluded_lines": 0, "percent_statements_covered": 100.0, "percent_statements_covered_display": "100"}, "missing_lines": [], "excluded_lines": []}, "QueryResponse": {"executed_lines": [], "summary": {"covered_lines": 0, "num_statements": 0, "percent_covered": 100.0, "percent_covered_display": "100", "missing_lines": 0, "excluded_lines": 0, "percent_statements_covered": 100.0, "percent_statements_covered_display": "100"}, "missing_lines": [], "excluded_lines": []}, "BatchQueryRequest": {"executed_lines": [], "summary": {"covered_lines": 0, "num_statements": 0, "percent_covered": 100.0, "percent_covered_display": "100", "missing_lines": 0, "excluded_lines": 0, "percent_statements_covered": 100.0, "percent_statements_covered_display": "100"}, "missing_lines": [], "excluded_lines": []}, "": {"executed_lines": [1, 7, 8, 9, 11, 14, 17, 18, 19, 20, 21, 22, 23, 26, 27, 35, 36, 37, 38, 39, 42, 43, 82, 83, 123, 124, 126], "summary": {"covered_lines": 23, "num_statements": 40, "percent_covered": 57.5, "percent_covered_display": "58", "missing_lines": 17, "excluded_lines": 0, "percent_statements_covered": 57.5, "percent_statements_covered_display": "58"}, "missing_lines": [53, 55, 57, 60, 67, 75, 76, 93, 94, 96, 99, 104, 105, 106, 114, 116, 117], "excluded_lines": []}}}, "app/config.py": {"executed_lines": [1, 5, 6, 7, 10, 11, 14, 15, 16, 19, 20, 23, 24, 25, 28, 29, 32, 33, 34, 37, 38, 39, 40, 43, 45, 46, 47, 50, 51, 53, 56], "summary": {"covered_lines": 29, "num_statements": 29, "percent_covered": 100.0, "percent_covered_display": "100", "missing_lines": 0, "excluded_lines": 0, "percent_statements_covered": 100.0, "percent_statements_covered_display": "100"}, "missing_lines": [], "excluded_lines": [], "functions": {"get_settings": {"executed_lines": [53], "summary": {"covered_lines": 1, "num_statements": 1, "percent_covered": 100.0, "percent_covered_display": "100", "missing_lines": 0, "excluded_lines": 0, "percent_statements_covered": 100.0, "percent_statements_covered_display": "100"}, "missing_lines": [], "excluded_lines": []}, "": {"executed_lines": [1, 5, 6, 7, 10, 11, 14, 15, 16, 19, 20, 23, 24, 25, 28, 29, 32, 33, 34, 37, 38, 39, 40, 43, 45, 46, 47, 50, 51, 56], "summary": {"covered_lines": 28, "num_statements": 28, "percent_covered": 100.0, "percent_covered_display": "100", "missing_lines": 0, "excluded_lines": 0, "percent_statements_covered": 100.0, "percent_statements_covered_display": "100"}, "missing_lines": [], "excluded_lines": []}}, "classes": {"Settings": {"executed_lines": [], "summary": {"covered_lines": 0, "num_statements": 0, "percent_covered": 100.0, "percent_covered_display": "100", "missing_lines": 0, "excluded_lines": 0, "percent_statements_covered": 100.0, "percent_statements_covered_display": "100"}, "missing_lines": [], "excluded_lines": []}, "Settings.Config": {"executed_lines": [], "summary": {"covered_lines": 0, "num_statements": 0, "percent_covered": 100.0, "percent_covered_display": "100", "missing_lines": 0, "excluded_lines": 0, "percent_statements_covered": 100.0, "percent_statements_covered_display": "100"}, "missing_lines": [], "excluded_lines": []}, "": {"executed_lines": [1, 5, 6, 7, 10, 11, 14, 15, 16, 19, 20, 23, 24, 25, 28, 29, 32, 33, 34, 37, 38, 39, 40, 43, 45, 46, 47, 50, 51, 53, 56], "summary": {"covered_lines": 29, "num_statements": 29, "percent_covered": 100.0, "percent_covered_display": "100", "missing_lines": 0, "excluded_lines": 0, "percent_statements_covered": 100.0, "percent_statements_covered_display": "100"}, "missing_lines": [], "excluded_lines": []}}}, "app/core/__init__.py": {"executed_lines": [0], "summary": {"covered_lines": 0, "num_statements": 0, "percent_covered": 100.0, "percent_covered_display": "100", "missing_lines": 0, "excluded_lines": 0, "percent_statements_covered": 100.0, "percent_statements_covered_display": "100"}, "missing_lines": [], "excluded_lines": [], "functions": {"": {"executed_lines": [], "summary": {"covered_lines": 0, "num_statements": 0, "percent_covered": 100.0, "percent_covered_display": "100", "missing_lines": 0, "excluded_lines": 0, "percent_statements_covered": 100.0, "percent_statements_covered_display": "100"}, "missing_lines": [], "excluded_lines": []}}, "classes": {"": {"executed_lines": [], "summary": {"covered_lines": 0, "num_statements": 0, "percent_covered": 100.0, "percent_covered_display": "100", "missing_lines": 0, "excluded_lines": 0, "percent_statements_covered": 100.0, "percent_statements_covered_display": "100"}, "missing_lines": [], "excluded_lines": []}}}, "app/core/config.py": {"executed_lines": [1, 7, 8, 9, 10, 13, 14, 17, 18, 19, 22, 23, 24, 27, 28, 31, 32, 33, 39, 40, 41, 44, 45, 46, 49, 50, 51, 54, 55, 56, 58, 59, 60, 61, 65, 68, 70], "summary": {"covered_lines": 35, "num_statements": 35, "percent_covered": 100.0, "percent_covered_display": "100", "missing_lines": 0, "excluded_lines": 0, "percent_statements_covered": 100.0, "percent_statements_covered_display": "100"}, "missing_lines": [], "excluded_lines": [], "functions": {"get_settings": {"executed_lines": [70], "summary": {"covered_lines": 1, "num_statements": 1, "percent_covered": 100.0, "percent_covered_display": "100", "missing_lines": 0, "excluded_lines": 0, "percent_statements_covered": 100.0, "percent_statements_covered_display": "100"}, "missing_lines": [], "excluded_lines": []}, "": {"executed_lines": [1, 7, 8, 9, 10, 13, 14, 17, 18, 19, 22, 23, 24, 27, 28, 31, 32, 33, 39, 40, 41, 44, 45, 46, 49, 50, 51, 54, 55, 56, 58, 59, 60, 61, 65, 68], "summary": {"covered_lines": 34, "num_statements": 34, "percent_covered": 100.0, "percent_covered_display": "100", "missing_lines": 0, "excluded_lines": 0, "percent_statements_covered": 100.0, "percent_statements_covered_display": "100"}, "missing_lines": [], "excluded_lines": []}}, "classes": {"Settings": {"executed_lines": [], "summary": {"covered_lines": 0, "num_statements": 0, "percent_covered": 100.0, "percent_covered_display": "100", "missing_lines": 0, "excluded_lines": 0, "percent_statements_covered": 100.0, "percent_statements_covered_display": "100"}, "missing_lines": [], "excluded_lines": []}, "Settings.Config": {"executed_lines": [], "summary": {"covered_lines": 0, "num_statements": 0, "percent_covered": 100.0, "percent_covered_display": "100", "missing_lines": 0, "excluded_lines": 0, "percent_statements_covered": 100.0, "percent_statements_covered_display": "100"}, "missing_lines": [], "excluded_lines": []}, "": {"executed_lines": [1, 7, 8, 9, 10, 13, 14, 17, 18, 19, 22, 23, 24, 27, 28, 31, 32, 33, 39, 40, 41, 44, 45, 46, 49, 50, 51, 54, 55, 56, 58, 59, 60, 61, 65, 68, 70], "summary": {"covered_lines": 35, "num_statements": 35, "percent_covered": 100.0, "percent_covered_display": "100", "missing_lines": 0, "excluded_lines": 0, "percent_statements_covered": 100.0, "percent_statements_covered_display": "100"}, "missing_lines": [], "excluded_lines": []}}}, "app/core/embeddings.py": {"executed_lines": [1, 7, 8, 9, 10, 13, 16, 17, 19, 20, 24, 25, 29, 30, 31, 36, 37, 39, 40, 41, 42, 45, 51, 65, 70, 71, 76, 77, 79, 92, 105, 118, 119, 125, 126, 128, 129, 130, 131, 133, 135, 136, 138, 139, 141, 142, 143, 144, 146, 148, 150, 151, 153, 156, 158, 159, 161, 163, 164], "summary": {"covered_lines": 54, "num_statements": 89, "percent_covered": 60.674157303370784, "percent_covered_display": "61", "missing_lines": 35, "excluded_lines": 0, "percent_statements_covered": 60.674157303370784, "percent_statements_covered_display": "61"}, "missing_lines": [22, 27, 33, 53, 54, 59, 60, 62, 63, 67, 68, 73, 80, 81, 83, 84, 86, 87, 88, 89, 90, 94, 95, 100, 102, 103, 107, 108, 113, 115, 116, 122, 165, 166, 169], "excluded_lines": [], "functions": {"EmbeddingModel.embed_texts": {"executed_lines": [], "summary": {"covered_lines": 0, "num_statements": 1, "percent_covered": 0.0, "percent_covered_display": "0", "missing_lines": 1, "excluded_lines": 0, "percent_statements_covered": 0.0, "percent_statements_covered_display": "0"}, "missing_lines": [22], "excluded_lines": []}, "EmbeddingModel.embed_query": {"executed_lines": [], "summary": {"covered_lines": 0, "num_statements": 1, "percent_covered": 0.0, "percent_covered_display": "0", "missing_lines": 1, "excluded_lines": 0, "percent_statements_covered": 0.0, "percent_statements_covered_display": "0"}, "missing_lines": [27], "excluded_lines": []}, "EmbeddingModel.dimension": {"executed_lines": [], "summary": {"covered_lines": 0, "num_statements": 1, "percent_covered": 0.0, "percent_covered_display": "0", "missing_lines": 1, "excluded_lines": 0, "percent_statements_covered": 0.0, "percent_statements_covered_display": "0"}, "missing_lines": [33], "excluded_lines": []}, "OpenAIEmbeddings.__init__": {"executed_lines": [40, 41, 42, 45], "summary": {"covered_lines": 4, "num_statements": 4, "percent_covered": 100.0, "percent_covered_display": "100", "missing_lines": 0, "excluded_lines": 0, "percent_statements_covered": 100.0, "percent_statements_covered_display": "100"}, "missing_lines": [], "excluded_lines": []}, "OpenAIEmbeddings.embed_texts": {"executed_lines": [], "summary": {"covered_lines": 0, "num_statements": 6, "percent_covered": 0.0, "percent_covered_display": "0", "missing_lines": 6, "excluded_lines": 0, "percent_statements_covered": 0.0, "percent_statements_covered_display": "0"}, "missing_lines": [53, 54, 59, 60, 62, 63], "excluded_lines": []}, "OpenAIEmbeddings.embed_query": {"executed_lines": [], "summary": {"covered_lines": 0, "num_statements": 2, "percent_covered": 0.0, "percent_covered_display": "0", "missing_lines": 2, "excluded_lines": 0, "percent_statements_covered": 0.0, "percent_statements_covered_display": "0"}, "missing_lines": [67, 68], "excluded_lines": []}, "OpenAIEmbeddings.dimension": {"executed_lines": [], "summary": {"covered_lines": 0, "num_statements": 1, "percent_covered": 0.0, "percent_covered_display": "0", "missing_lines": 1, "excluded_lines": 0, "percent_statements_covered": 0.0, "percent_statements_covered_display": "0"}, "missing_lines": [73], "excluded_lines": []}, "CohereEmbeddings.__init__": {"executed_lines": [], "summary": {"covered_lines": 0, "num_statements": 9, "percent_covered": 0.0, "percent_covered_display": "0", "missing_lines": 9, "excluded_lines": 0, "percent_statements_covered": 0.0, "percent_statements_covered_display": "0"}, "missing_lines": [80, 81, 83, 84, 86, 87, 88, 89, 90], "excluded_lines": []}, "CohereEmbeddings.embed_texts": {"executed_lines": [], "summary": {"covered_lines": 0, "num_statements": 5, "percent_covered": 0.0, "percent_covered_display": "0", "missing_lines": 5, "excluded_lines": 0, "percent_statements_covered": 0.0, "percent_statements_covered_display": "0"}, "missing_lines": [94, 95, 100, 102, 103], "excluded_lines": []}, "CohereEmbeddings.embed_query": {"executed_lines": [], "summary": {"covered_lines": 0, "num_statements": 5, "percent_covered": 0.0, "percent_covered_display": "0", "missing_lines": 5, "excluded_lines": 0, "percent_statements_covered": 0.0, "percent_statements_covered_display": "0"}, "missing_lines": [107, 108, 113, 115, 116], "excluded_lines": []}, "CohereEmbeddings.dimension": {"executed_lines": [], "summary": {"covered_lines": 0, "num_statements": 1, "percent_covered": 0.0, "percent_covered_display": "0", "missing_lines": 1, "excluded_lines": 0, "percent_statements_covered": 0.0, "percent_statements_covered_display": "0"}, "missing_lines": [122], "excluded_lines": []}, "MockEmbeddings.__init__": {"executed_lines": [129, 130, 131], "summary": {"covered_lines": 3, "num_statements": 3, "percent_covered": 100.0, "percent_covered_display": "100", "missing_lines": 0, "excluded_lines": 0, "percent_statements_covered": 100.0, "percent_statements_covered_display": "100"}, "missing_lines": [], "excluded_lines": []}, "MockEmbeddings.embed_texts": {"executed_lines": [135, 136, 138, 139, 141, 142, 143, 144], "summary": {"covered_lines": 8, "num_statements": 8, "percent_covered": 100.0, "percent_covered_display": "100", "missing_lines": 0, "excluded_lines": 0, "percent_statements_covered": 100.0, "percent_statements_covered_display": "100"}, "missing_lines": [], "excluded_lines": []}, "MockEmbeddings.embed_query": {"executed_lines": [148], "summary": {"covered_lines": 1, "num_statements": 1, "percent_covered": 100.0, "percent_covered_display": "100", "missing_lines": 0, "excluded_lines": 0, "percent_statements_covered": 100.0, "percent_statements_covered_display": "100"}, "missing_lines": [], "excluded_lines": []}, "MockEmbeddings.dimension": {"executed_lines": [153], "summary": {"covered_lines": 1, "num_statements": 1, "percent_covered": 100.0, "percent_covered_display": "100", "missing_lines": 0, "excluded_lines": 0, "percent_statements_covered": 100.0, "percent_statements_covered_display": "100"}, "missing_lines": [], "excluded_lines": []}, "get_embedding_model": {"executed_lines": [158, 159, 161, 163, 164], "summary": {"covered_lines": 5, "num_statements": 8, "percent_covered": 62.5, "percent_covered_display": "62", "missing_lines": 3, "excluded_lines": 0, "percent_statements_covered": 62.5, "percent_statements_covered_display": "62"}, "missing_lines": [165, 166, 169], "excluded_lines": []}, "": {"executed_lines": [1, 7, 8, 9, 10, 13, 16, 17, 19, 20, 24, 25, 29, 30, 31, 36, 37, 39, 51, 65, 70, 71, 76, 77, 79, 92, 105, 118, 119, 125, 126, 128, 133, 146, 150, 151, 156], "summary": {"covered_lines": 32, "num_statements": 32, "percent_covered": 100.0, "percent_covered_display": "100", "missing_lines": 0, "excluded_lines": 0, "percent_statements_covered": 100.0, "percent_statements_covered_display": "100"}, "missing_lines": [], "excluded_lines": []}}, "classes": {"EmbeddingModel": {"executed_lines": [], "summary": {"covered_lines": 0, "num_statements": 3, "percent_covered": 0.0, "percent_covered_display": "0", "missing_lines": 3, "excluded_lines": 0, "percent_statements_covered": 0.0, "percent_statements_covered_display": "0"}, "missing_lines": [22, 27, 33], "excluded_lines": []}, "OpenAIEmbeddings": {"executed_lines": [40, 41, 42, 45], "summary": {"covered_lines": 4, "num_statements": 13, "percent_covered": 30.76923076923077, "percent_covered_display": "31", "missing_lines": 9, "excluded_lines": 0, "percent_statements_covered": 30.76923076923077, "percent_statements_covered_display": "31"}, "missing_lines": [53, 54, 59, 60, 62, 63, 67, 68, 73], "excluded_lines": []}, "CohereEmbeddings": {"executed_lines": [], "summary": {"covered_lines": 0, "num_statements": 20, "percent_covered": 0.0, "percent_covered_display": "0", "missing_lines": 20, "excluded_lines": 0, "percent_statements_covered": 0.0, "percent_statements_covered_display": "0"}, "missing_lines": [80, 81, 83, 84, 86, 87, 88, 89, 90, 94, 95, 100, 102, 103, 107, 108, 113, 115, 116, 122], "excluded_lines": []}, "MockEmbeddings": {"executed_lines": [129, 130, 131, 135, 136, 138, 139, 141, 142, 143, 144, 148, 153], "summary": {"covered_lines": 13, "num_statements": 13, "percent_covered": 100.0, "percent_covered_display": "100", "missing_lines": 0, "excluded_lines": 0, "percent_statements_covered": 100.0, "percent_statements_covered_display": "100"}, "missing_lines": [], "excluded_lines": []}, "": {"executed_lines": [1, 7, 8, 9, 10, 13, 16, 17, 19, 20, 24, 25, 29, 30, 31, 36, 37, 39, 51, 65, 70, 71, 76, 77, 79, 92, 105, 118, 119, 125, 126, 128, 133, 146, 150, 151, 156, 158, 159, 161, 163, 164], "summary": {"covered_lines": 37, "num_statements": 40, "percent_covered": 92.5, "percent_covered_display": "92", "missing_lines": 3, "excluded_lines": 0, "percent_statements_covered": 92.5, "percent_statements_covered_display": "92"}, "missing_lines": [165, 166, 169], "excluded_lines": []}}}, "app/core/vectordb.py": {"executed_lines": [1, 8, 9, 10, 11, 12, 15, 16, 17, 24, 25, 27, 28, 32, 33, 37, 38, 47, 48, 57, 58, 62, 63, 68, 69, 71, 78, 97, 119, 143, 171, 179, 192, 193, 195, 196, 197, 198, 199, 200, 202, 204, 205, 207, 211, 216, 218, 219, 221, 222, 228, 233, 240, 243, 244, 246, 249, 251, 252, 255, 256, 257, 258, 259, 261, 263, 270, 271, 273, 274, 276, 277, 279, 281, 282, 283, 284, 286, 287, 288, 289, 296, 298, 302, 312, 334, 336, 338, 339], "summary": {"covered_lines": 84, "num_statements": 164, "percent_covered": 51.21951219512195, "percent_covered_display": "51", "missing_lines": 80, "excluded_lines": 0, "percent_statements_covered": 51.21951219512195, "percent_statements_covered_display": "51"}, "missing_lines": [30, 35, 45, 55, 60, 65, 72, 73, 74, 75, 76, 80, 81, 83, 86, 87, 89, 90, 92, 93, 94, 95, 99, 100, 102, 103, 104, 106, 113, 114, 116, 117, 126, 127, 130, 136, 137, 138, 139, 141, 150, 151, 153, 160, 161, 162, 169, 173, 174, 176, 177, 181, 182, 184, 185, 208, 209, 213, 214, 223, 224, 226, 230, 231, 241, 300, 304, 305, 307, 314, 315, 317, 318, 320, 323, 324, 325, 331, 337, 341], "excluded_lines": [], "functions": {"VectorDB.connect": {"executed_lines": [], "summary": {"covered_lines": 0, "num_statements": 1, "percent_covered": 0.0, "percent_covered_display": "0", "missing_lines": 1, "excluded_lines": 0, "percent_statements_covered": 0.0, "percent_statements_covered_display": "0"}, "missing_lines": [30], "excluded_lines": []}, "VectorDB.create_index": {"executed_lines": [], "summary": {"covered_lines": 0, "num_statements": 1, "percent_covered": 0.0, "percent_covered_display": "0", "missing_lines": 1, "excluded_lines": 0, "percent_statements_covered": 0.0, "percent_statements_covered_display": "0"}, "missing_lines": [35], "excluded_lines": []}, "VectorDB.upsert": {"executed_lines": [], "summary": {"covered_lines": 0, "num_statements": 1, "percent_covered": 0.0, "percent_covered_display": "0", "missing_lines": 1, "excluded_lines": 0, "percent_statements_covered": 0.0, "percent_statements_covered_display": "0"}, "missing_lines": [45], "excluded_lines": []}, "VectorDB.search": {"executed_lines": [], "summary": {"covered_lines": 0, "num_statements": 1, "percent_covered": 0.0, "percent_covered_display": "0", "missing_lines": 1, "excluded_lines": 0, "percent_statements_covered": 0.0, "percent_statements_covered_display": "0"}, "missing_lines": [55], "excluded_lines": []}, "VectorDB.delete": {"executed_lines": [], "summary": {"covered_lines": 0, "num_statements": 1, "percent_covered": 0.0, "percent_covered_display": "0", "missing_lines": 1, "excluded_lines": 0, "percent_statements_covered": 0.0, "percent_statements_covered_display": "0"}, "missing_lines": [60], "excluded_lines": []}, "VectorDB.get_stats": {"executed_lines": [], "summary": {"covered_lines": 0, "num_statements": 1, "percent_covered": 0.0, "percent_covered_display": "0", "missing_lines": 1, "excluded_lines": 0, "percent_statements_covered": 0.0, "percent_statements_covered_display": "0"}, "missing_lines": [65], "excluded_lines": []}, "PineconeVectorDB.__init__": {"executed_lines": [], "summary": {"covered_lines": 0, "num_statements": 5, "percent_covered": 0.0, "percent_covered_display": "0", "missing_lines": 5, "excluded_lines": 0, "percent_statements_covered": 0.0, "percent_statements_covered_display": "0"}, "missing_lines": [72, 73, 74, 75, 76], "excluded_lines": []}, "PineconeVectorDB.connect": {"executed_lines": [], "summary": {"covered_lines": 0, "num_statements": 11, "percent_covered": 0.0, "percent_covered_display": "0", "missing_lines": 11, "excluded_lines": 0, "percent_statements_covered": 0.0, "percent_statements_covered_display": "0"}, "missing_lines": [80, 81, 83, 86, 87, 89, 90, 92, 93, 94, 95], "excluded_lines": []}, "PineconeVectorDB.create_index": {"executed_lines": [], "summary": {"covered_lines": 0, "num_statements": 10, "percent_covered": 0.0, "percent_covered_display": "0", "missing_lines": 10, "excluded_lines": 0, "percent_statements_covered": 0.0, "percent_statements_covered_display": "0"}, "missing_lines": [99, 100, 102, 103, 104, 106, 113, 114, 116, 117], "excluded_lines": []}, "PineconeVectorDB.upsert": {"executed_lines": [], "summary": {"covered_lines": 0, "num_statements": 8, "percent_covered": 0.0, "percent_covered_display": "0", "missing_lines": 8, "excluded_lines": 0, "percent_statements_covered": 0.0, "percent_statements_covered_display": "0"}, "missing_lines": [126, 127, 130, 136, 137, 138, 139, 141], "excluded_lines": []}, "PineconeVectorDB.search": {"executed_lines": [], "summary": {"covered_lines": 0, "num_statements": 7, "percent_covered": 0.0, "percent_covered_display": "0", "missing_lines": 7, "excluded_lines": 0, "percent_statements_covered": 0.0, "percent_statements_covered_display": "0"}, "missing_lines": [150, 151, 153, 160, 161, 162, 169], "excluded_lines": []}, "PineconeVectorDB.delete": {"executed_lines": [], "summary": {"covered_lines": 0, "num_statements": 4, "percent_covered": 0.0, "percent_covered_display": "0", "missing_lines": 4, "excluded_lines": 0, "percent_statements_covered": 0.0, "percent_statements_covered_display": "0"}, "missing_lines": [173, 174, 176, 177], "excluded_lines": []}, "PineconeVectorDB.get_stats": {"executed_lines": [], "summary": {"covered_lines": 0, "num_statements": 4, "percent_covered": 0.0, "percent_covered_display": "0", "missing_lines": 4, "excluded_lines": 0, "percent_statements_covered": 0.0, "percent_statements_covered_display": "0"}, "missing_lines": [181, 182, 184, 185], "excluded_lines": []}, "FAISSVectorDB.__init__": {"executed_lines": [196, 197, 198, 199, 200], "summary": {"covered_lines": 5, "num_statements": 5, "percent_covered": 100.0, "percent_covered_display": "100", "missing_lines": 0, "excluded_lines": 0, "percent_statements_covered": 100.0, "percent_statements_covered_display": "100"}, "missing_lines": [], "excluded_lines": []}, "FAISSVectorDB.connect": {"executed_lines": [204, 205, 207, 211], "summary": {"covered_lines": 4, "num_statements": 8, "percent_covered": 50.0, "percent_covered_display": "50", "missing_lines": 4, "excluded_lines": 0, "percent_statements_covered": 50.0, "percent_statements_covered_display": "50"}, "missing_lines": [208, 209, 213, 214], "excluded_lines": []}, "FAISSVectorDB.create_index": {"executed_lines": [218, 219, 221, 222, 228], "summary": {"covered_lines": 5, "num_statements": 10, "percent_covered": 50.0, "percent_covered_display": "50", "missing_lines": 5, "excluded_lines": 0, "percent_statements_covered": 50.0, "percent_statements_covered_display": "50"}, "missing_lines": [223, 224, 226, 230, 231], "excluded_lines": []}, "FAISSVectorDB.upsert": {"executed_lines": [240, 243, 244, 246, 249, 251, 252, 255, 256, 257, 258, 259, 261], "summary": {"covered_lines": 13, "num_statements": 14, "percent_covered": 92.85714285714286, "percent_covered_display": "93", "missing_lines": 1, "excluded_lines": 0, "percent_statements_covered": 92.85714285714286, "percent_statements_covered_display": "93"}, "missing_lines": [241], "excluded_lines": []}, "FAISSVectorDB.search": {"executed_lines": [270, 271, 273, 274, 276, 277, 279, 281, 282, 283, 284, 286, 287, 288, 289, 296], "summary": {"covered_lines": 16, "num_statements": 16, "percent_covered": 100.0, "percent_covered_display": "100", "missing_lines": 0, "excluded_lines": 0, "percent_statements_covered": 100.0, "percent_statements_covered_display": "100"}, "missing_lines": [], "excluded_lines": []}, "FAISSVectorDB.delete": {"executed_lines": [], "summary": {"covered_lines": 0, "num_statements": 1, "percent_covered": 0.0, "percent_covered_display": "0", "missing_lines": 1, "excluded_lines": 0, "percent_statements_covered": 0.0, "percent_statements_covered_display": "0"}, "missing_lines": [300], "excluded_lines": []}, "FAISSVectorDB.get_stats": {"executed_lines": [], "summary": {"covered_lines": 0, "num_statements": 3, "percent_covered": 0.0, "percent_covered_display": "0", "missing_lines": 3, "excluded_lines": 0, "percent_statements_covered": 0.0, "percent_statements_covered_display": "0"}, "missing_lines": [304, 305, 307], "excluded_lines": []}, "FAISSVectorDB.save": {"executed_lines": [], "summary": {"covered_lines": 0, "num_statements": 9, "percent_covered": 0.0, "percent_covered_display": "0", "missing_lines": 9, "excluded_lines": 0, "percent_statements_covered": 0.0, "percent_statements_covered_display": "0"}, "missing_lines": [314, 315, 317, 318, 320, 323, 324, 325, 331], "excluded_lines": []}, "get_vector_db": {"executed_lines": [336, 338, 339], "summary": {"covered_lines": 3, "num_statements": 5, "percent_covered": 60.0, "percent_covered_display": "60", "missing_lines": 2, "excluded_lines": 0, "percent_statements_covered": 60.0, "percent_statements_covered_display": "60"}, "missing_lines": [337, 341], "excluded_lines": []}, "": {"executed_lines": [1, 8, 9, 10, 11, 12, 15, 16, 17, 24, 25, 27, 28, 32, 33, 37, 38, 47, 48, 57, 58, 62, 63, 68, 69, 71, 78, 97, 119, 143, 171, 179, 192, 193, 195, 202, 216, 233, 263, 298, 302, 312, 334], "summary": {"covered_lines": 38, "num_statements": 38, "percent_covered": 100.0, "percent_covered_display": "100", "missing_lines": 0, "excluded_lines": 0, "percent_statements_covered": 100.0, "percent_statements_covered_display": "100"}, "missing_lines": [], "excluded_lines": []}}, "classes": {"SearchResult": {"executed_lines": [], "summary": {"covered_lines": 0, "num_statements": 0, "percent_covered": 100.0, "percent_covered_display": "100", "missing_lines": 0, "excluded_lines": 0, "percent_statements_covered": 100.0, "percent_statements_covered_display": "100"}, "missing_lines": [], "excluded_lines": []}, "VectorDB": {"executed_lines": [], "summary": {"covered_lines": 0, "num_statements": 6, "percent_covered": 0.0, "percent_covered_display": "0", "missing_lines": 6, "excluded_lines": 0, "percent_statements_covered": 0.0, "percent_statements_covered_display": "0"}, "missing_lines": [30, 35, 45, 55, 60, 65], "excluded_lines": []}, "PineconeVectorDB": {"executed_lines": [], "summary": {"covered_lines": 0, "num_statements": 49, "percent_covered": 0.0, "percent_covered_display": "0", "missing_lines": 49, "excluded_lines": 0, "percent_statements_covered": 0.0, "percent_statements_covered_display": "0"}, "missing_lines": [72, 73, 74, 75, 76, 80, 81, 83, 86, 87, 89, 90, 92, 93, 94, 95, 99, 100, 102, 103, 104, 106, 113, 114, 116, 117, 126, 127, 130, 136, 137, 138, 139, 141, 150, 151, 153, 160, 161, 162, 169, 173, 174, 176, 177, 181, 182, 184, 185], "excluded_lines": []}, "FAISSVectorDB": {"executed_lines": [196, 197, 198, 199, 200, 204, 205, 207, 211, 218, 219, 221, 222, 228, 240, 243, 244, 246, 249, 251, 252, 255, 256, 257, 258, 259, 261, 270, 271, 273, 274, 276, 277, 279, 281, 282, 283, 284, 286, 287, 288, 289, 296], "summary": {"covered_lines": 43, "num_statements": 66, "percent_covered": 65.15151515151516, "percent_covered_display": "65", "missing_lines": 23, "excluded_lines": 0, "percent_statements_covered": 65.15151515151516, "percent_statements_covered_display": "65"}, "missing_lines": [208, 209, 213, 214, 223, 224, 226, 230, 231, 241, 300, 304, 305, 307, 314, 315, 317, 318, 320, 323, 324, 325, 331], "excluded_lines": []}, "": {"executed_lines": [1, 8, 9, 10, 11, 12, 15, 16, 17, 24, 25, 27, 28, 32, 33, 37, 38, 47, 48, 57, 58, 62, 63, 68, 69, 71, 78, 97, 119, 143, 171, 179, 192, 193, 195, 202, 216, 233, 263, 298, 302, 312, 334, 336, 338, 339], "summary": {"covered_lines": 41, "num_statements": 43, "percent_covered": 95.34883720930233, "percent_covered_display": "95", "missing_lines": 2, "excluded_lines": 0, "percent_statements_covered": 95.34883720930233, "percent_statements_covered_display": "95"}, "missing_lines": [337, 341], "excluded_lines": []}}}, "app/main.py": {"executed_lines": [], "summary": {"covered_lines": 0, "num_statements": 48, "percent_covered": 0.0, "percent_covered_display": "0", "missing_lines": 48, "excluded_lines": 0, "percent_statements_covered": 0.0, "percent_statements_covered_display": "0"}, "missing_lines": [7, 8, 9, 10, 12, 13, 14, 15, 16, 17, 20, 24, 27, 28, 31, 35, 37, 38, 42, 44, 45, 47, 48, 54, 55, 62, 64, 65, 66, 68, 71, 75, 84, 94, 95, 96, 99, 100, 102, 111, 112, 114, 120, 122, 123, 124, 127, 128], "excluded_lines": [], "functions": {"lifespan": {"executed_lines": [], "summary": {"covered_lines": 0, "num_statements": 17, "percent_covered": 0.0, "percent_covered_display": "0", "missing_lines": 17, "excluded_lines": 0, "percent_statements_covered": 0.0, "percent_statements_covered_display": "0"}, "missing_lines": [31, 35, 37, 38, 42, 44, 45, 47, 48, 54, 55, 62, 64, 65, 66, 68, 71], "excluded_lines": []}, "root": {"executed_lines": [], "summary": {"covered_lines": 0, "num_statements": 1, "percent_covered": 0.0, "percent_covered_display": "0", "missing_lines": 1, "excluded_lines": 0, "percent_statements_covered": 0.0, "percent_statements_covered_display": "0"}, "missing_lines": [102], "excluded_lines": []}, "health_check": {"executed_lines": [], "summary": {"covered_lines": 0, "num_statements": 1, "percent_covered": 0.0, "percent_covered_display": "0", "missing_lines": 1, "excluded_lines": 0, "percent_statements_covered": 0.0, "percent_statements_covered_display": "0"}, "missing_lines": [114], "excluded_lines": []}, "get_rag_pipeline": {"executed_lines": [], "summary": {"covered_lines": 0, "num_statements": 3, "percent_covered": 0.0, "percent_covered_display": "0", "missing_lines": 3, "excluded_lines": 0, "percent_statements_covered": 0.0, "percent_statements_covered_display": "0"}, "missing_lines": [122, 123, 124], "excluded_lines": []}, "": {"executed_lines": [], "summary": {"covered_lines": 0, "num_statements": 26, "percent_covered": 0.0, "percent_covered_display": "0", "missing_lines": 26, "excluded_lines": 0, "percent_statements_covered": 0.0, "percent_statements_covered_display": "0"}, "missing_lines": [7, 8, 9, 10, 12, 13, 14, 15, 16, 17, 20, 24, 27, 28, 75, 84, 94, 95, 96, 99, 100, 111, 112, 120, 127, 128], "excluded_lines": []}}, "classes": {"": {"executed_lines": [], "summary": {"covered_lines": 0, "num_statements": 48, "percent_covered": 0.0, "percent_covered_display": "0", "missing_lines": 48, "excluded_lines": 0, "percent_statements_covered": 0.0, "percent_statements_covered_display": "0"}, "missing_lines": [7, 8, 9, 10, 12, 13, 14, 15, 16, 17, 20, 24, 27, 28, 31, 35, 37, 38, 42, 44, 45, 47, 48, 54, 55, 62, 64, 65, 66, 68, 71, 75, 84, 94, 95, 96, 99, 100, 102, 111, 112, 114, 120, 122, 123, 124, 127, 128], "excluded_lines": []}}}, "app/models/__init__.py": {"executed_lines": [0], "summary": {"covered_lines": 0, "num_statements": 0, "percent_covered": 100.0, "percent_covered_display": "100", "missing_lines": 0, "excluded_lines": 0, "percent_statements_covered": 100.0, "percent_statements_covered_display": "100"}, "missing_lines": [], "excluded_lines": [], "functions": {"": {"executed_lines": [], "summary": {"covered_lines": 0, "num_statements": 0, "percent_covered": 100.0, "percent_covered_display": "100", "missing_lines": 0, "excluded_lines": 0, "percent_statements_covered": 100.0, "percent_statements_covered_display": "100"}, "missing_lines": [], "excluded_lines": []}}, "classes": {"": {"executed_lines": [], "summary": {"covered_lines": 0, "num_statements": 0, "percent_covered": 100.0, "percent_covered_display": "100", "missing_lines": 0, "excluded_lines": 0, "percent_statements_covered": 100.0, "percent_statements_covered_display": "100"}, "missing_lines": [], "excluded_lines": []}}}, "app/models/schemas.py": {"executed_lines": [1, 5, 6, 7, 10, 11, 12, 13, 14, 15, 17, 18, 28, 29, 31, 36, 37, 40, 43, 46, 47, 49, 50, 51, 54, 55, 63, 64], "summary": {"covered_lines": 21, "num_statements": 21, "percent_covered": 100.0, "percent_covered_display": "100", "missing_lines": 0, "excluded_lines": 0, "percent_statements_covered": 100.0, "percent_statements_covered_display": "100"}, "missing_lines": [], "excluded_lines": [], "functions": {"": {"executed_lines": [1, 5, 6, 7, 10, 11, 12, 13, 14, 15, 17, 18, 28, 29, 31, 36, 37, 40, 43, 46, 47, 49, 50, 51, 54, 55, 63, 64], "summary": {"covered_lines": 21, "num_statements": 21, "percent_covered": 100.0, "percent_covered_display": "100", "missing_lines": 0, "excluded_lines": 0, "percent_statements_covered": 100.0, "percent_statements_covered_display": "100"}, "missing_lines": [], "excluded_lines": []}}, "classes": {"QueryRequest": {"executed_lines": [], "summary": {"covered_lines": 0, "num_statements": 0, "percent_covered": 100.0, "percent_covered_display": "100", "missing_lines": 0, "excluded_lines": 0, "percent_statements_covered": 100.0, "percent_statements_covered_display": "100"}, "missing_lines": [], "excluded_lines": []}, "QueryRequest.Config": {"executed_lines": [], "summary": {"covered_lines": 0, "num_statements": 0, "percent_covered": 100.0, "percent_covered_display": "100", "missing_lines": 0, "excluded_lines": 0, "percent_statements_covered": 100.0, "percent_statements_covered_display": "100"}, "missing_lines": [], "excluded_lines": []}, "Source": {"executed_lines": [], "summary": {"covered_lines": 0, "num_statements": 0, "percent_covered": 100.0, "percent_covered_display": "100", "missing_lines": 0, "excluded_lines": 0, "percent_statements_covered": 100.0, "percent_statements_covered_display": "100"}, "missing_lines": [], "excluded_lines": []}, "QueryResponse": {"executed_lines": [], "summary": {"covered_lines": 0, "num_statements": 0, "percent_covered": 100.0, "percent_covered_display": "100", "missing_lines": 0, "excluded_lines": 0, "percent_statements_covered": 100.0, "percent_statements_covered_display": "100"}, "missing_lines": [], "excluded_lines": []}, "IngestRequest": {"executed_lines": [], "summary": {"covered_lines": 0, "num_statements": 0, "percent_covered": 100.0, "percent_covered_display": "100", "missing_lines": 0, "excluded_lines": 0, "percent_statements_covered": 100.0, "percent_statements_covered_display": "100"}, "missing_lines": [], "excluded_lines": []}, "IngestResponse": {"executed_lines": [], "summary": {"covered_lines": 0, "num_statements": 0, "percent_covered": 100.0, "percent_covered_display": "100", "missing_lines": 0, "excluded_lines": 0, "percent_statements_covered": 100.0, "percent_statements_covered_display": "100"}, "missing_lines": [], "excluded_lines": []}, "HealthResponse": {"executed_lines": [], "summary": {"covered_lines": 0, "num_statements": 0, "percent_covered": 100.0, "percent_covered_display": "100", "missing_lines": 0, "excluded_lines": 0, "percent_statements_covered": 100.0, "percent_statements_covered_display": "100"}, "missing_lines": [], "excluded_lines": []}, "": {"executed_lines": [1, 5, 6, 7, 10, 11, 12, 13, 14, 15, 17, 18, 28, 29, 31, 36, 37, 40, 43, 46, 47, 49, 50, 51, 54, 55, 63, 64], "summary": {"covered_lines": 21, "num_statements": 21, "percent_covered": 100.0, "percent_covered_display": "100", "missing_lines": 0, "excluded_lines": 0, "percent_statements_covered": 100.0, "percent_statements_covered_display": "100"}, "missing_lines": [], "excluded_lines": []}}}, "app/services/__init__.py": {"executed_lines": [0], "summary": {"covered_lines": 0, "num_statements": 0, "percent_covered": 100.0, "percent_covered_display": "100", "missing_lines": 0, "excluded_lines": 0, "percent_statements_covered": 100.0, "percent_statements_covered_display": "100"}, "missing_lines": [], "excluded_lines": [], "functions": {"": {"executed_lines": [], "summary": {"covered_lines": 0, "num_statements": 0, "percent_covered": 100.0, "percent_covered_display": "100", "missing_lines": 0, "excluded_lines": 0, "percent_statements_covered": 100.0, "percent_statements_covered_display": "100"}, "missing_lines": [], "excluded_lines": []}}, "classes": {"": {"executed_lines": [], "summary": {"covered_lines": 0, "num_statements": 0, "percent_covered": 100.0, "percent_covered_display": "100", "missing_lines": 0, "excluded_lines": 0, "percent_statements_covered": 100.0, "percent_statements_covered_display": "100"}, "missing_lines": [], "excluded_lines": []}}}, "app/services/document_loader.py": {"executed_lines": [1, 7, 8, 9, 10, 13, 14, 15, 18, 20, 25, 32, 33, 35, 36, 55, 56, 86, 87, 106, 107, 157, 158, 160, 170, 211], "summary": {"covered_lines": 22, "num_statements": 122, "percent_covered": 18.0327868852459, "percent_covered_display": "18", "missing_lines": 100, "excluded_lines": 0, "percent_statements_covered": 18.0327868852459, "percent_statements_covered_display": "18"}, "missing_lines": [22, 23, 27, 28, 29, 38, 40, 41, 43, 44, 46, 53, 58, 59, 60, 61, 63, 64, 65, 67, 68, 70, 71, 73, 74, 82, 84, 89, 91, 92, 94, 95, 97, 104, 113, 114, 116, 117, 118, 120, 123, 124, 126, 129, 131, 134, 135, 136, 138, 139, 140, 141, 142, 143, 144, 145, 146, 148, 150, 151, 153, 154, 166, 167, 168, 172, 175, 176, 177, 178, 180, 182, 183, 184, 186, 187, 189, 191, 192, 194, 197, 198, 200, 203, 204, 205, 206, 207, 209, 213, 215, 216, 218, 220, 221, 222, 223, 225, 229, 231], "excluded_lines": [], "functions": {"Document.__post_init__": {"executed_lines": [], "summary": {"covered_lines": 0, "num_statements": 2, "percent_covered": 0.0, "percent_covered_display": "0", "missing_lines": 2, "excluded_lines": 0, "percent_statements_covered": 0.0, "percent_statements_covered_display": "0"}, "missing_lines": [22, 23], "excluded_lines": []}, "Document._generate_id": {"executed_lines": [], "summary": {"covered_lines": 0, "num_statements": 3, "percent_covered": 0.0, "percent_covered_display": "0", "missing_lines": 3, "excluded_lines": 0, "percent_statements_covered": 0.0, "percent_statements_covered_display": "0"}, "missing_lines": [27, 28, 29], "excluded_lines": []}, "DocumentLoader.load_text_file": {"executed_lines": [], "summary": {"covered_lines": 0, "num_statements": 7, "percent_covered": 0.0, "percent_covered_display": "0", "missing_lines": 7, "excluded_lines": 0, "percent_statements_covered": 0.0, "percent_statements_covered_display": "0"}, "missing_lines": [38, 40, 41, 43, 44, 46, 53], "excluded_lines": []}, "DocumentLoader.load_pdf": {"executed_lines": [], "summary": {"covered_lines": 0, "num_statements": 15, "percent_covered": 0.0, "percent_covered_display": "0", "missing_lines": 15, "excluded_lines": 0, "percent_statements_covered": 0.0, "percent_statements_covered_display": "0"}, "missing_lines": [58, 59, 60, 61, 63, 64, 65, 67, 68, 70, 71, 73, 74, 82, 84], "excluded_lines": []}, "DocumentLoader.load_markdown": {"executed_lines": [], "summary": {"covered_lines": 0, "num_statements": 7, "percent_covered": 0.0, "percent_covered_display": "0", "missing_lines": 7, "excluded_lines": 0, "percent_statements_covered": 0.0, "percent_statements_covered_display": "0"}, "missing_lines": [89, 91, 92, 94, 95, 97, 104], "excluded_lines": []}, "DocumentLoader.load_directory": {"executed_lines": [], "summary": {"covered_lines": 0, "num_statements": 28, "percent_covered": 0.0, "percent_covered_display": "0", "missing_lines": 28, "excluded_lines": 0, "percent_statements_covered": 0.0, "percent_statements_covered_display": "0"}, "missing_lines": [113, 114, 116, 117, 118, 120, 123, 124, 126, 129, 131, 134, 135, 136, 138, 139, 140, 141, 142, 143, 144, 145, 146, 148, 150, 151, 153, 154], "excluded_lines": []}, "TextSplitter.__init__": {"executed_lines": [], "summary": {"covered_lines": 0, "num_statements": 3, "percent_covered": 0.0, "percent_covered_display": "0", "missing_lines": 3, "excluded_lines": 0, "percent_statements_covered": 0.0, "percent_statements_covered_display": "0"}, "missing_lines": [166, 167, 168], "excluded_lines": []}, "TextSplitter.split_text": {"executed_lines": [], "summary": {"covered_lines": 0, "num_statements": 24, "percent_covered": 0.0, "percent_covered_display": "0", "missing_lines": 24, "excluded_lines": 0, "percent_statements_covered": 0.0, "percent_statements_covered_display": "0"}, "missing_lines": [172, 175, 176, 177, 178, 180, 182, 183, 184, 186, 187, 189, 191, 192, 194, 197, 198, 200, 203, 204, 205, 206, 207, 209], "excluded_lines": []}, "TextSplitter.split_documents": {"executed_lines": [], "summary": {"covered_lines": 0, "num_statements": 11, "percent_covered": 0.0, "percent_covered_display": "0", "missing_lines": 11, "excluded_lines": 0, "percent_statements_covered": 0.0, "percent_statements_covered_display": "0"}, "missing_lines": [213, 215, 216, 218, 220, 221, 222, 223, 225, 229, 231], "excluded_lines": []}, "": {"executed_lines": [1, 7, 8, 9, 10, 13, 14, 15, 18, 20, 25, 32, 33, 35, 36, 55, 56, 86, 87, 106, 107, 157, 158, 160, 170, 211], "summary": {"covered_lines": 22, "num_statements": 22, "percent_covered": 100.0, "percent_covered_display": "100", "missing_lines": 0, "excluded_lines": 0, "percent_statements_covered": 100.0, "percent_statements_covered_display": "100"}, "missing_lines": [], "excluded_lines": []}}, "classes": {"Document": {"executed_lines": [], "summary": {"covered_lines": 0, "num_statements": 5, "percent_covered": 0.0, "percent_covered_display": "0", "missing_lines": 5, "excluded_lines": 0, "percent_statements_covered": 0.0, "percent_statements_covered_display": "0"}, "missing_lines": [22, 23, 27, 28, 29], "excluded_lines": []}, "DocumentLoader": {"executed_lines": [], "summary": {"covered_lines": 0, "num_statements": 57, "percent_covered": 0.0, "percent_covered_display": "0", "missing_lines": 57, "excluded_lines": 0, "percent_statements_covered": 0.0, "percent_statements_covered_display": "0"}, "missing_lines": [38, 40, 41, 43, 44, 46, 53, 58, 59, 60, 61, 63, 64, 65, 67, 68, 70, 71, 73, 74, 82, 84, 89, 91, 92, 94, 95, 97, 104, 113, 114, 116, 117, 118, 120, 123, 124, 126, 129, 131, 134, 135, 136, 138, 139, 140, 141, 142, 143, 144, 145, 146, 148, 150, 151, 153, 154], "excluded_lines": []}, "TextSplitter": {"executed_lines": [], "summary": {"covered_lines": 0, "num_statements": 38, "percent_covered": 0.0, "percent_covered_display": "0", "missing_lines": 38, "excluded_lines": 0, "percent_statements_covered": 0.0, "percent_statements_covered_display": "0"}, "missing_lines": [166, 167, 168, 172, 175, 176, 177, 178, 180, 182, 183, 184, 186, 187, 189, 191, 192, 194, 197, 198, 200, 203, 204, 205, 206, 207, 209, 213, 215, 216, 218, 220, 221, 222, 223, 225, 229, 231], "excluded_lines": []}, "": {"executed_lines": [1, 7, 8, 9, 10, 13, 14, 15, 18, 20, 25, 32, 33, 35, 36, 55, 56, 86, 87, 106, 107, 157, 158, 160, 170, 211], "summary": {"covered_lines": 22, "num_statements": 22, "percent_covered": 100.0, "percent_covered_display": "100", "missing_lines": 0, "excluded_lines": 0, "percent_statements_covered": 100.0, "percent_statements_covered_display": "100"}, "missing_lines": [], "excluded_lines": []}}}, "app/services/rag_pipeline.py": {"executed_lines": [1, 7, 8, 9, 10, 12, 13, 16, 19, 20, 21, 30, 31, 33, 40, 41, 42, 43, 44, 47, 49, 51, 69, 71, 73, 74, 90, 96, 97, 99, 105, 113, 114, 115, 117, 123, 125, 144, 147, 148, 155, 156, 165, 168, 171, 174, 175, 178, 181, 182, 183, 191, 193, 195, 204, 206, 208, 209, 210, 212, 213, 214, 223, 226, 227, 229], "summary": {"covered_lines": 62, "num_statements": 80, "percent_covered": 77.5, "percent_covered_display": "78", "missing_lines": 18, "excluded_lines": 0, "percent_statements_covered": 77.5, "percent_statements_covered_display": "78"}, "missing_lines": [106, 211, 237, 240, 247, 248, 253, 256, 257, 260, 272, 273, 284, 285, 286, 293, 300, 301], "excluded_lines": [], "functions": {"RAGPipeline.__init__": {"executed_lines": [40, 41, 42, 43, 44, 47], "summary": {"covered_lines": 6, "num_statements": 6, "percent_covered": 100.0, "percent_covered_display": "100", "missing_lines": 0, "excluded_lines": 0, "percent_statements_covered": 100.0, "percent_statements_covered_display": "100"}, "missing_lines": [], "excluded_lines": []}, "RAGPipeline._build_prompt": {"executed_lines": [51, 69], "summary": {"covered_lines": 2, "num_statements": 2, "percent_covered": 100.0, "percent_covered_display": "100", "missing_lines": 0, "excluded_lines": 0, "percent_statements_covered": 100.0, "percent_statements_covered_display": "100"}, "missing_lines": [], "excluded_lines": []}, "RAGPipeline._call_llm": {"executed_lines": [73, 74, 90, 96, 97], "summary": {"covered_lines": 5, "num_statements": 5, "percent_covered": 100.0, "percent_covered_display": "100", "missing_lines": 0, "excluded_lines": 0, "percent_statements_covered": 100.0, "percent_statements_covered_display": "100"}, "missing_lines": [], "excluded_lines": []}, "RAGPipeline._calculate_confidence": {"executed_lines": [105, 113, 114, 115, 117, 123], "summary": {"covered_lines": 6, "num_statements": 7, "percent_covered": 85.71428571428571, "percent_covered_display": "86", "missing_lines": 1, "excluded_lines": 0, "percent_statements_covered": 85.71428571428571, "percent_statements_covered_display": "86"}, "missing_lines": [106], "excluded_lines": []}, "RAGPipeline.query": {"executed_lines": [144, 147, 148, 155, 156, 165, 168, 171, 174, 175, 178, 181, 182, 183, 191, 193, 195], "summary": {"covered_lines": 17, "num_statements": 17, "percent_covered": 100.0, "percent_covered_display": "100", "missing_lines": 0, "excluded_lines": 0, "percent_statements_covered": 100.0, "percent_statements_covered_display": "100"}, "missing_lines": [], "excluded_lines": []}, "RAGPipeline.batch_query": {"executed_lines": [206, 208, 209, 210, 212, 213, 214, 223], "summary": {"covered_lines": 8, "num_statements": 9, "percent_covered": 88.88888888888889, "percent_covered_display": "89", "missing_lines": 1, "excluded_lines": 0, "percent_statements_covered": 88.88888888888889, "percent_statements_covered_display": "89"}, "missing_lines": [211], "excluded_lines": []}, "StreamingRAGPipeline.stream_query": {"executed_lines": [], "summary": {"covered_lines": 0, "num_statements": 16, "percent_covered": 0.0, "percent_covered_display": "0", "missing_lines": 16, "excluded_lines": 0, "percent_statements_covered": 0.0, "percent_statements_covered_display": "0"}, "missing_lines": [237, 240, 247, 248, 253, 256, 257, 260, 272, 273, 284, 285, 286, 293, 300, 301], "excluded_lines": []}, "": {"executed_lines": [1, 7, 8, 9, 10, 12, 13, 16, 19, 20, 21, 30, 31, 33, 49, 71, 99, 125, 204, 226, 227, 229], "summary": {"covered_lines": 18, "num_statements": 18, "percent_covered": 100.0, "percent_covered_display": "100", "missing_lines": 0, "excluded_lines": 0, "percent_statements_covered": 100.0, "percent_statements_covered_display": "100"}, "missing_lines": [], "excluded_lines": []}}, "classes": {"RAGResponse": {"executed_lines": [], "summary": {"covered_lines": 0, "num_statements": 0, "percent_covered": 100.0, "percent_covered_display": "100", "missing_lines": 0, "excluded_lines": 0, "percent_statements_covered": 100.0, "percent_statements_covered_display": "100"}, "missing_lines": [], "excluded_lines": []}, "RAGPipeline": {"executed_lines": [40, 41, 42, 43, 44, 47, 51, 69, 73, 74, 90, 96, 97, 105, 113, 114, 115, 117, 123, 144, 147, 148, 155, 156, 165, 168, 171, 174, 175, 178, 181, 182, 183, 191, 193, 195, 206, 208, 209, 210, 212, 213, 214, 223], "summary": {"covered_lines": 44, "num_statements": 46, "percent_covered": 95.65217391304348, "percent_covered_display": "96", "missing_lines": 2, "excluded_lines": 0, "percent_statements_covered": 95.65217391304348, "percent_statements_covered_display": "96"}, "missing_lines": [106, 211], "excluded_lines": []}, "StreamingRAGPipeline": {"executed_lines": [], "summary": {"covered_lines": 0, "num_statements": 16, "percent_covered": 0.0, "percent_covered_display": "0", "missing_lines": 16, "excluded_lines": 0, "percent_statements_covered": 0.0, "percent_statements_covered_display": "0"}, "missing_lines": [237, 240, 247, 248, 253, 256, 257, 260, 272, 273, 284, 285, 286, 293, 300, 301], "excluded_lines": []}, "": {"executed_lines": [1, 7, 8, 9, 10, 12, 13, 16, 19, 20, 21, 30, 31, 33, 49, 71, 99, 125, 204, 226, 227, 229], "summary": {"covered_lines": 18, "num_statements": 18, "percent_covered": 100.0, "percent_covered_display": "100", "missing_lines": 0, "excluded_lines": 0, "percent_statements_covered": 100.0, "percent_statements_covered_display": "100"}, "missing_lines": [], "excluded_lines": []}}}, "app/services/retrieval.py": {"executed_lines": [1, 7, 8, 9, 10, 11, 14, 15, 16, 20, 22, 24, 25, 28, 29, 31, 45, 46, 47, 48, 50, 72, 80, 83, 89, 91, 118, 180, 188, 192, 193, 204, 205, 207, 208, 210, 217, 218, 224, 226, 227, 229, 231, 233, 234, 236, 237, 238, 240, 243, 245, 247], "summary": {"covered_lines": 48, "num_statements": 98, "percent_covered": 48.97959183673469, "percent_covered_display": "49", "missing_lines": 50, "excluded_lines": 0, "percent_statements_covered": 48.97959183673469, "percent_statements_covered_display": "49"}, "missing_lines": [52, 53, 54, 57, 58, 60, 61, 63, 64, 66, 68, 69, 70, 93, 94, 96, 99, 102, 105, 107, 108, 109, 110, 116, 126, 127, 130, 133, 134, 135, 136, 144, 145, 146, 147, 148, 150, 151, 152, 154, 162, 169, 170, 171, 178, 189, 219, 220, 222, 251], "excluded_lines": [], "functions": {"RetrievalResult.__post_init__": {"executed_lines": [24, 25], "summary": {"covered_lines": 2, "num_statements": 2, "percent_covered": 100.0, "percent_covered_display": "100", "missing_lines": 0, "excluded_lines": 0, "percent_statements_covered": 100.0, "percent_statements_covered_display": "100"}, "missing_lines": [], "excluded_lines": []}, "HybridRetriever.__init__": {"executed_lines": [45, 46, 47, 48], "summary": {"covered_lines": 4, "num_statements": 4, "percent_covered": 100.0, "percent_covered_display": "100", "missing_lines": 0, "excluded_lines": 0, "percent_statements_covered": 100.0, "percent_statements_covered_display": "100"}, "missing_lines": [], "excluded_lines": []}, "HybridRetriever.build_bm25_index": {"executed_lines": [], "summary": {"covered_lines": 0, "num_statements": 13, "percent_covered": 0.0, "percent_covered_display": "0", "missing_lines": 13, "excluded_lines": 0, "percent_statements_covered": 0.0, "percent_statements_covered_display": "0"}, "missing_lines": [52, 53, 54, 57, 58, 60, 61, 63, 64, 66, 68, 69, 70], "excluded_lines": []}, "HybridRetriever.semantic_search": {"executed_lines": [80, 83, 89], "summary": {"covered_lines": 3, "num_statements": 3, "percent_covered": 100.0, "percent_covered_display": "100", "missing_lines": 0, "excluded_lines": 0, "percent_statements_covered": 100.0, "percent_statements_covered_display": "100"}, "missing_lines": [], "excluded_lines": []}, "HybridRetriever.keyword_search": {"executed_lines": [], "summary": {"covered_lines": 0, "num_statements": 11, "percent_covered": 0.0, "percent_covered_display": "0", "missing_lines": 11, "excluded_lines": 0, "percent_statements_covered": 0.0, "percent_statements_covered_display": "0"}, "missing_lines": [93, 94, 96, 99, 102, 105, 107, 108, 109, 110, 116], "excluded_lines": []}, "HybridRetriever.hybrid_search": {"executed_lines": [], "summary": {"covered_lines": 0, "num_statements": 21, "percent_covered": 0.0, "percent_covered_display": "0", "missing_lines": 21, "excluded_lines": 0, "percent_statements_covered": 0.0, "percent_statements_covered_display": "0"}, "missing_lines": [126, 127, 130, 133, 134, 135, 136, 144, 145, 146, 147, 148, 150, 151, 152, 154, 162, 169, 170, 171, 178], "excluded_lines": []}, "HybridRetriever.retrieve": {"executed_lines": [188, 192, 193], "summary": {"covered_lines": 3, "num_statements": 4, "percent_covered": 75.0, "percent_covered_display": "75", "missing_lines": 1, "excluded_lines": 0, "percent_statements_covered": 75.0, "percent_statements_covered_display": "75"}, "missing_lines": [189], "excluded_lines": []}, "ContextCompressor.__init__": {"executed_lines": [208], "summary": {"covered_lines": 1, "num_statements": 1, "percent_covered": 100.0, "percent_covered_display": "100", "missing_lines": 0, "excluded_lines": 0, "percent_statements_covered": 100.0, "percent_statements_covered_display": "100"}, "missing_lines": [], "excluded_lines": []}, "ContextCompressor.compress": {"executed_lines": [217, 218], "summary": {"covered_lines": 2, "num_statements": 5, "percent_covered": 40.0, "percent_covered_display": "40", "missing_lines": 3, "excluded_lines": 0, "percent_statements_covered": 40.0, "percent_statements_covered_display": "40"}, "missing_lines": [219, 220, 222], "excluded_lines": []}, "ContextCompressor._truncate_context": {"executed_lines": [226, 227, 229, 231, 233, 234, 236, 237, 238, 240, 243, 245], "summary": {"covered_lines": 12, "num_statements": 12, "percent_covered": 100.0, "percent_covered_display": "100", "missing_lines": 0, "excluded_lines": 0, "percent_statements_covered": 100.0, "percent_statements_covered_display": "100"}, "missing_lines": [], "excluded_lines": []}, "ContextCompressor._rerank_and_truncate": {"executed_lines": [], "summary": {"covered_lines": 0, "num_statements": 1, "percent_covered": 0.0, "percent_covered_display": "0", "missing_lines": 1, "excluded_lines": 0, "percent_statements_covered": 0.0, "percent_statements_covered_display": "0"}, "missing_lines": [251], "excluded_lines": []}, "": {"executed_lines": [1, 7, 8, 9, 10, 11, 14, 15, 16, 20, 22, 28, 29, 31, 50, 72, 91, 118, 180, 204, 205, 207, 210, 224, 247], "summary": {"covered_lines": 21, "num_statements": 21, "percent_covered": 100.0, "percent_covered_display": "100", "missing_lines": 0, "excluded_lines": 0, "percent_statements_covered": 100.0, "percent_statements_covered_display": "100"}, "missing_lines": [], "excluded_lines": []}}, "classes": {"RetrievalResult": {"executed_lines": [24, 25], "summary": {"covered_lines": 2, "num_statements": 2, "percent_covered": 100.0, "percent_covered_display": "100", "missing_lines": 0, "excluded_lines": 0, "percent_statements_covered": 100.0, "percent_statements_covered_display": "100"}, "missing_lines": [], "excluded_lines": []}, "HybridRetriever": {"executed_lines": [45, 46, 47, 48, 80, 83, 89, 188, 192, 193], "summary": {"covered_lines": 10, "num_statements": 56, "percent_covered": 17.857142857142858, "percent_covered_display": "18", "missing_lines": 46, "excluded_lines": 0, "percent_statements_covered": 17.857142857142858, "percent_statements_covered_display": "18"}, "missing_lines": [52, 53, 54, 57, 58, 60, 61, 63, 64, 66, 68, 69, 70, 93, 94, 96, 99, 102, 105, 107, 108, 109, 110, 116, 126, 127, 130, 133, 134, 135, 136, 144, 145, 146, 147, 148, 150, 151, 152, 154, 162, 169, 170, 171, 178, 189], "excluded_lines": []}, "ContextCompressor": {"executed_lines": [208, 217, 218, 226, 227, 229, 231, 233, 234, 236, 237, 238, 240, 243, 245], "summary": {"covered_lines": 15, "num_statements": 19, "percent_covered": 78.94736842105263, "percent_covered_display": "79", "missing_lines": 4, "excluded_lines": 0, "percent_statements_covered": 78.94736842105263, "percent_statements_covered_display": "79"}, "missing_lines": [219, 220, 222, 251], "excluded_lines": []}, "": {"executed_lines": [1, 7, 8, 9, 10, 11, 14, 15, 16, 20, 22, 28, 29, 31, 50, 72, 91, 118, 180, 204, 205, 207, 210, 224, 247], "summary": {"covered_lines": 21, "num_statements": 21, "percent_covered": 100.0, "percent_covered_display": "100", "missing_lines": 0, "excluded_lines": 0, "percent_statements_covered": 100.0, "percent_statements_covered_display": "100"}, "missing_lines": [], "excluded_lines": []}}}, "app/utils/__init__.py": {"executed_lines": [], "summary": {"covered_lines": 0, "num_statements": 1, "percent_covered": 0.0, "percent_covered_display": "0", "missing_lines": 1, "excluded_lines": 0, "percent_statements_covered": 0.0, "percent_statements_covered_display": "0"}, "missing_lines": [5], "excluded_lines": [], "functions": {"": {"executed_lines": [], "summary": {"covered_lines": 0, "num_statements": 1, "percent_covered": 0.0, "percent_covered_display": "0", "missing_lines": 1, "excluded_lines": 0, "percent_statements_covered": 0.0, "percent_statements_covered_display": "0"}, "missing_lines": [5], "excluded_lines": []}}, "classes": {"": {"executed_lines": [], "summary": {"covered_lines": 0, "num_statements": 1, "percent_covered": 0.0, "percent_covered_display": "0", "missing_lines": 1, "excluded_lines": 0, "percent_statements_covered": 0.0, "percent_statements_covered_display": "0"}, "missing_lines": [5], "excluded_lines": []}}}, "app/utils/logging.py": {"executed_lines": [], "summary": {"covered_lines": 0, "num_statements": 18, "percent_covered": 0.0, "percent_covered_display": "0", "missing_lines": 18, "excluded_lines": 0, "percent_statements_covered": 0.0, "percent_statements_covered_display": "0"}, "missing_lines": [5, 6, 7, 10, 26, 27, 30, 33, 34, 37, 41, 42, 45, 46, 47, 48, 49, 51], "excluded_lines": [], "functions": {"setup_logging": {"executed_lines": [], "summary": {"covered_lines": 0, "num_statements": 14, "percent_covered": 0.0, "percent_covered_display": "0", "missing_lines": 14, "excluded_lines": 0, "percent_statements_covered": 0.0, "percent_statements_covered_display": "0"}, "missing_lines": [26, 27, 30, 33, 34, 37, 41, 42, 45, 46, 47, 48, 49, 51], "excluded_lines": []}, "": {"executed_lines": [], "summary": {"covered_lines": 0, "num_statements": 4, "percent_covered": 0.0, "percent_covered_display": "0", "missing_lines": 4, "excluded_lines": 0, "percent_statements_covered": 0.0, "percent_statements_covered_display": "0"}, "missing_lines": [5, 6, 7, 10], "excluded_lines": []}}, "classes": {"": {"executed_lines": [], "summary": {"covered_lines": 0, "num_statements": 18, "percent_covered": 0.0, "percent_covered_display": "0", "missing_lines": 18, "excluded_lines": 0, "percent_statements_covered": 0.0, "percent_statements_covered_display": "0"}, "missing_lines": [5, 6, 7, 10, 26, 27, 30, 33, 34, 37, 41, 42, 45, 46, 47, 48, 49, 51], "excluded_lines": []}}}}, "totals": {"covered_lines": 420, "num_statements": 861, "percent_covered": 48.78048780487805, "percent_covered_display": "49", "missing_lines": 441, "excluded_lines": 0, "percent_statements_covered": 48.78048780487805, "percent_statements_covered_display": "49"}}