<test-run id="2" testcasecount="13" result="Passed" start-time="2026-03-22 01:49:13.448993" end-time="2026-03-22 01:49:19.078042" duration="5" total="13" passed="13" failed="0" inconclusive="0" skipped="0" asserts="0" clr-version="3.12.12 (main, Jan 18 2026, 06:09:15) [GCC 13.3.0]" engine-version="3.6.2"><command-line>/home/jules/.pyenv/versions/3.12.12/lib/python3.12/site-packages/pytest/__main__.py tests/ --doctest-modules --junitxml=junit/test-results.xml --cov=app --cov-report=xml --cov-report=html</command-line><filter><test re="0">tests/</test></filter><test-suite id="tests/integration/test_rag_integration.py" name="tests/integration/test_rag_integration.py" fullname="tests/integration/test_rag_integration.py" methodname="" classname="" runstate="Runnable" type="Assembly" testcasecount="7" result="Passed" label="Integration tests for Enterprise RAG System&#10;&#10;These tests verify end-to-end functionality of the RAG pipeline." start-time="2026-03-22 01:49:16.504071" end-time="2026-03-22 01:49:17.738259" duration="1.234188" asserts="0" total="7" passed="7" failed="0" warnings="0" inconclusive="0" skipped="0"><properties><property name="python_version" value="3.12.12 (main, Jan 18 2026, 06:09:15) [GCC 13.3.0]" /></properties><test-case id="100" name="tests/integration/test_rag_integration.py::test_rag_pipeline_end_to_end" fullname="tests/integration/test_rag_integration.py::test_rag_pipeline_end_to_end" methodname="test_rag_pipeline_end_to_end" classname="tests/integration/test_rag_integration.py" runstate="Runnable" seed="1" result="Passed" label="Test complete RAG pipeline" start-time="2026-03-22 01:49:16.504071" end-time="2026-03-22 01:49:17.707982" duration="1.203911" asserts="0"><properties><property name="python-version" value="3.12.12 (main, Jan 18 2026, 06:09:15) [GCC 13.3.0]" /><property name="fspath" value="tests/integration/test_rag_integration.py" /></properties><environment framework-version="3.6.2" clr-version="3.12.12 (main, Jan 18 2026, 06:09:15) [GCC 13.3.0]" os-version="6.8.0" platform="Linux" cwd="/app" machine-name="x86_64" user="" user-domain="" culture="C" uiculture="C" os-architecture="64bit" /><failure><message><![CDATA[]]></message><stack-trace><![CDATA[None]]></stack-trace></failure><reason><message><![CDATA[]]></message></reason><output><![CDATA[]]></output></test-case><test-case id="101" name="tests/integration/test_rag_integration.py::test_vector_db_operations" fullname="tests/integration/test_rag_integration.py::test_vector_db_operations" methodname="test_vector_db_operations" classname="tests/integration/test_rag_integration.py" runstate="Runnable" seed="1" result="Passed" label="Test vector database operations" start-time="2026-03-22 01:49:17.710406" end-time="2026-03-22 01:49:17.717296" duration="0.00689" asserts="0"><properties><property name="python-version" value="3.12.12 (main, Jan 18 2026, 06:09:15) [GCC 13.3.0]" /><property name="fspath" value="tests/integration/test_rag_integration.py" /></properties><environment framework-version="3.6.2" clr-version="3.12.12 (main, Jan 18 2026, 06:09:15) [GCC 13.3.0]" os-version="6.8.0" platform="Linux" cwd="/app" machine-name="x86_64" user="" user-domain="" culture="C" uiculture="C" os-architecture="64bit" /><failure><message><![CDATA[]]></message><stack-trace><![CDATA[None]]></stack-trace></failure><reason><message><![CDATA[]]></message></reason><output><![CDATA[]]></output></test-case><test-case id="102" name="tests/integration/test_rag_integration.py::test_hybrid_retrieval" fullname="tests/integration/test_rag_integration.py::test_hybrid_retrieval" methodname="test_hybrid_retrieval" classname="tests/integration/test_rag_integration.py" runstate="Runnable" seed="1" result="Passed" label="Test hybrid retrieval (semantic + keyword)" start-time="2026-03-22 01:49:17.719220" end-time="2026-03-22 01:49:17.723549" duration="0.004329" asserts="0"><properties><property name="python-version" value="3.12.12 (main, Jan 18 2026, 06:09:15) [GCC 13.3.0]" /><property name="fspath" value="tests/integration/test_rag_integration.py" /></properties><environment framework-version="3.6.2" clr-version="3.12.12 (main, Jan 18 2026, 06:09:15) [GCC 13.3.0]" os-version="6.8.0" platform="Linux" cwd="/app" machine-name="x86_64" user="" user-domain="" culture="C" uiculture="C" os-architecture="64bit" /><failure><message><![CDATA[]]></message><stack-trace><![CDATA[None]]></stack-trace></failure><reason><message><![CDATA[]]></message></reason><output><![CDATA[]]></output></test-case><test-case id="103" name="tests/integration/test_rag_integration.py::test_context_compression" fullname="tests/integration/test_rag_integration.py::test_context_compression" methodname="test_context_compression" classname="tests/integration/test_rag_integration.py" runstate="Runnable" seed="1" result="Passed" label="Test context compression for long documents" start-time="2026-03-22 01:49:17.724664" end-time="2026-03-22 01:49:17.725954" duration="0.00129" asserts="0"><properties><property name="python-version" value="3.12.12 (main, Jan 18 2026, 06:09:15) [GCC 13.3.0]" /><property name="fspath" value="tests/integration/test_rag_integration.py" /></properties><environment framework-version="3.6.2" clr-version="3.12.12 (main, Jan 18 2026, 06:09:15) [GCC 13.3.0]" os-version="6.8.0" platform="Linux" cwd="/app" machine-name="x86_64" user="" user-domain="" culture="C" uiculture="C" os-architecture="64bit" /><failure><message><![CDATA[]]></message><stack-trace><![CDATA[None]]></stack-trace></failure><reason><message><![CDATA[]]></message></reason><output><![CDATA[]]></output></test-case><test-case id="104" name="tests/integration/test_rag_integration.py::test_batch_query" fullname="tests/integration/test_rag_integration.py::test_batch_query" methodname="test_batch_query" classname="tests/integration/test_rag_integration.py" runstate="Runnable" seed="1" result="Passed" label="Test batch query processing" start-time="2026-03-22 01:49:17.727200" end-time="2026-03-22 01:49:17.730556" duration="0.003356" asserts="0"><properties><property name="python-version" value="3.12.12 (main, Jan 18 2026, 06:09:15) [GCC 13.3.0]" /><property name="fspath" value="tests/integration/test_rag_integration.py" /></properties><environment framework-version="3.6.2" clr-version="3.12.12 (main, Jan 18 2026, 06:09:15) [GCC 13.3.0]" os-version="6.8.0" platform="Linux" cwd="/app" machine-name="x86_64" user="" user-domain="" culture="C" uiculture="C" os-architecture="64bit" /><failure><message><![CDATA[]]></message><stack-trace><![CDATA[None]]></stack-trace></failure><reason><message><![CDATA[]]></message></reason><output><![CDATA[]]></output></test-case><test-case id="105" name="tests/integration/test_rag_integration.py::test_retrieval_with_filters" fullname="tests/integration/test_rag_integration.py::test_retrieval_with_filters" methodname="test_retrieval_with_filters" classname="tests/integration/test_rag_integration.py" runstate="Runnable" seed="1" result="Passed" label="Test retrieval with metadata filters" start-time="2026-03-22 01:49:17.731646" end-time="2026-03-22 01:49:17.735783" duration="0.004137" asserts="0"><properties><property name="python-version" value="3.12.12 (main, Jan 18 2026, 06:09:15) [GCC 13.3.0]" /><property name="fspath" value="tests/integration/test_rag_integration.py" /></properties><environment framework-version="3.6.2" clr-version="3.12.12 (main, Jan 18 2026, 06:09:15) [GCC 13.3.0]" os-version="6.8.0" platform="Linux" cwd="/app" machine-name="x86_64" user="" user-domain="" culture="C" uiculture="C" os-architecture="64bit" /><failure><message><![CDATA[]]></message><stack-trace><![CDATA[None]]></stack-trace></failure><reason><message><![CDATA[]]></message></reason><output><![CDATA[]]></output></test-case><test-case id="106" name="tests/integration/test_rag_integration.py::test_confidence_calculation" fullname="tests/integration/test_rag_integration.py::test_confidence_calculation" methodname="test_confidence_calculation" classname="tests/integration/test_rag_integration.py" runstate="Runnable" seed="1" result="Passed" label="Test confidence score calculation" start-time="2026-03-22 01:49:17.736798" end-time="2026-03-22 01:49:17.738259" duration="0.001461" asserts="0"><properties><property name="python-version" value="3.12.12 (main, Jan 18 2026, 06:09:15) [GCC 13.3.0]" /><property name="fspath" value="tests/integration/test_rag_integration.py" /></properties><environment framework-version="3.6.2" clr-version="3.12.12 (main, Jan 18 2026, 06:09:15) [GCC 13.3.0]" os-version="6.8.0" platform="Linux" cwd="/app" machine-name="x86_64" user="" user-domain="" culture="C" uiculture="C" os-architecture="64bit" /><failure><message><![CDATA[]]></message><stack-trace><![CDATA[None]]></stack-trace></failure><reason><message><![CDATA[]]></message></reason><output><![CDATA[]]></output></test-case><environment framework-version="3.6.2" clr-version="3.12.12 (main, Jan 18 2026, 06:09:15) [GCC 13.3.0]" os-version="6.8.0" platform="Linux" cwd="/app" machine-name="x86_64" user="" user-domain="" culture="C" uiculture="C" os-architecture="64bit" /></test-suite><test-suite id="tests/unit/test_rag_pipeline.py" name="tests/unit/test_rag_pipeline.py" fullname="tests/unit/test_rag_pipeline.py" methodname="" classname="" runstate="Runnable" type="Assembly" testcasecount="6" result="Passed" label="Unit tests for RAG Pipeline" start-time="2026-03-22 01:49:17.741024" end-time="2026-03-22 01:49:18.179184" duration="0.43816" asserts="0" total="6" passed="6" failed="0" warnings="0" inconclusive="0" skipped="0"><properties><property name="python_version" value="3.12.12 (main, Jan 18 2026, 06:09:15) [GCC 13.3.0]" /></properties><test-case id="107" name="tests/unit/test_rag_pipeline.py::test_rag_pipeline_initialization" fullname="tests/unit/test_rag_pipeline.py::test_rag_pipeline_initialization" methodname="test_rag_pipeline_initialization" classname="tests/unit/test_rag_pipeline.py" runstate="Runnable" seed="1" result="Passed" label="Test RAG pipeline initialization" start-time="2026-03-22 01:49:17.741024" end-time="2026-03-22 01:49:17.742384" duration="0.00136" asserts="0"><properties><property name="python-version" value="3.12.12 (main, Jan 18 2026, 06:09:15) [GCC 13.3.0]" /><property name="fspath" value="tests/unit/test_rag_pipeline.py" /></properties><environment framework-version="3.6.2" clr-version="3.12.12 (main, Jan 18 2026, 06:09:15) [GCC 13.3.0]" os-version="6.8.0" platform="Linux" cwd="/app" machine-name="x86_64" user="" user-domain="" culture="C" uiculture="C" os-architecture="64bit" /><failure><message><![CDATA[]]></message><stack-trace><![CDATA[None]]></stack-trace></failure><reason><message><![CDATA[]]></message></reason><output><![CDATA[]]></output></test-case><test-case id="108" name="tests/unit/test_rag_pipeline.py::test_rag_pipeline_query" fullname="tests/unit/test_rag_pipeline.py::test_rag_pipeline_query" methodname="test_rag_pipeline_query" classname="tests/unit/test_rag_pipeline.py" runstate="Runnable" seed="1" result="Passed" label="Test RAG pipeline query" start-time="2026-03-22 01:49:17.743862" end-time="2026-03-22 01:49:17.749788" duration="0.005926" asserts="0"><properties><property name="python-version" value="3.12.12 (main, Jan 18 2026, 06:09:15) [GCC 13.3.0]" /><property name="fspath" value="tests/unit/test_rag_pipeline.py" /></properties><environment framework-version="3.6.2" clr-version="3.12.12 (main, Jan 18 2026, 06:09:15) [GCC 13.3.0]" os-version="6.8.0" platform="Linux" cwd="/app" machine-name="x86_64" user="" user-domain="" culture="C" uiculture="C" os-architecture="64bit" /><failure><message><![CDATA[]]></message><stack-trace><![CDATA[None]]></stack-trace></failure><reason><message><![CDATA[]]></message></reason><output><![CDATA[]]></output></test-case><test-case id="109" name="tests/unit/test_rag_pipeline.py::test_rag_pipeline_no_results" fullname="tests/unit/test_rag_pipeline.py::test_rag_pipeline_no_results" methodname="test_rag_pipeline_no_results" classname="tests/unit/test_rag_pipeline.py" runstate="Runnable" seed="1" result="Passed" label="Test RAG pipeline with no retrieval results" start-time="2026-03-22 01:49:17.751000" end-time="2026-03-22 01:49:17.753042" duration="0.002042" asserts="0"><properties><property name="python-version" value="3.12.12 (main, Jan 18 2026, 06:09:15) [GCC 13.3.0]" /><property name="fspath" value="tests/unit/test_rag_pipeline.py" /></properties><environment framework-version="3.6.2" clr-version="3.12.12 (main, Jan 18 2026, 06:09:15) [GCC 13.3.0]" os-version="6.8.0" platform="Linux" cwd="/app" machine-name="x86_64" user="" user-domain="" culture="C" uiculture="C" os-architecture="64bit" /><failure><message><![CDATA[]]></message><stack-trace><![CDATA[None]]></stack-trace></failure><reason><message><![CDATA[]]></message></reason><output><![CDATA[]]></output></test-case><test-case id="110" name="tests/unit/test_rag_pipeline.py::test_rag_pipeline_batch_query" fullname="tests/unit/test_rag_pipeline.py::test_rag_pipeline_batch_query" methodname="test_rag_pipeline_batch_query" classname="tests/unit/test_rag_pipeline.py" runstate="Runnable" seed="1" result="Passed" label="Test batch query processing" start-time="2026-03-22 01:49:17.754539" end-time="2026-03-22 01:49:18.173407" duration="0.418868" asserts="0"><properties><property name="python-version" value="3.12.12 (main, Jan 18 2026, 06:09:15) [GCC 13.3.0]" /><property name="fspath" value="tests/unit/test_rag_pipeline.py" /></properties><environment framework-version="3.6.2" clr-version="3.12.12 (main, Jan 18 2026, 06:09:15) [GCC 13.3.0]" os-version="6.8.0" platform="Linux" cwd="/app" machine-name="x86_64" user="" user-domain="" culture="C" uiculture="C" os-architecture="64bit" /><failure><message><![CDATA[]]></message><stack-trace><![CDATA[None]]></stack-trace></failure><reason><message><![CDATA[]]></message></reason><output><![CDATA[]]></output></test-case><test-case id="111" name="tests/unit/test_rag_pipeline.py::test_confidence_calculation" fullname="tests/unit/test_rag_pipeline.py::test_confidence_calculation" methodname="test_confidence_calculation" classname="tests/unit/test_rag_pipeline.py" runstate="Runnable" seed="1" result="Passed" label="Test confidence score calculation" start-time="2026-03-22 01:49:18.175142" end-time="2026-03-22 01:49:18.176633" duration="0.001491" asserts="0"><properties><property name="python-version" value="3.12.12 (main, Jan 18 2026, 06:09:15) [GCC 13.3.0]" /><property name="fspath" value="tests/unit/test_rag_pipeline.py" /></properties><environment framework-version="3.6.2" clr-version="3.12.12 (main, Jan 18 2026, 06:09:15) [GCC 13.3.0]" os-version="6.8.0" platform="Linux" cwd="/app" machine-name="x86_64" user="" user-domain="" culture="C" uiculture="C" os-architecture="64bit" /><failure><message><![CDATA[]]></message><stack-trace><![CDATA[None]]></stack-trace></failure><reason><message><![CDATA[]]></message></reason><output><![CDATA[]]></output></test-case><test-case id="112" name="tests/unit/test_rag_pipeline.py::test_prompt_building" fullname="tests/unit/test_rag_pipeline.py::test_prompt_building" methodname="test_prompt_building" classname="tests/unit/test_rag_pipeline.py" runstate="Runnable" seed="1" result="Passed" label="Test prompt building" start-time="2026-03-22 01:49:18.177792" end-time="2026-03-22 01:49:18.179184" duration="0.001392" asserts="0"><properties><property name="python-version" value="3.12.12 (main, Jan 18 2026, 06:09:15) [GCC 13.3.0]" /><property name="fspath" value="tests/unit/test_rag_pipeline.py" /></properties><environment framework-version="3.6.2" clr-version="3.12.12 (main, Jan 18 2026, 06:09:15) [GCC 13.3.0]" os-version="6.8.0" platform="Linux" cwd="/app" machine-name="x86_64" user="" user-domain="" culture="C" uiculture="C" os-architecture="64bit" /><failure><message><![CDATA[]]></message><stack-trace><![CDATA[None]]></stack-trace></failure><reason><message><![CDATA[]]></message></reason><output><![CDATA[]]></output></test-case><environment framework-version="3.6.2" clr-version="3.12.12 (main, Jan 18 2026, 06:09:15) [GCC 13.3.0]" os-version="6.8.0" platform="Linux" cwd="/app" machine-name="x86_64" user="" user-domain="" culture="C" uiculture="C" os-architecture="64bit" /></test-suite></test-run>