<test-run id="2" testcasecount="297" result="Passed" start-time="2026-07-01 01:44:52.811195" end-time="2026-07-01 01:44:59.541681" duration="6" total="297" passed="297" failed="0" inconclusive="0" skipped="0" asserts="0" clr-version="3.12.13 (main, Mar  6 2026, 16:37:31) [GCC 13.3.0]" engine-version="3.6.2"><command-line>/home/jules/.pyenv/versions/3.12.13/lib/python3.12/site-packages/pytest/__main__.py tests/unit/</command-line><filter><test re="0">tests/unit/</test></filter><test-suite id="tests/unit/test_retrieval.py::TestHybridRetriever" name="tests/unit/test_retrieval.py::TestHybridRetriever" fullname="tests/unit/test_retrieval.py::TestHybridRetriever" methodname="" classname="" runstate="Runnable" type="Assembly" testcasecount="9" result="Passed" label="Tests for HybridRetriever" start-time="2026-07-01 01:44:59.226036" end-time="2026-07-01 01:44:59.243775" duration="0.017739" asserts="0" total="9" passed="9" failed="0" warnings="0" inconclusive="0" skipped="0"><properties><property name="python_version" value="3.12.13 (main, Mar  6 2026, 16:37:31) [GCC 13.3.0]" /></properties><test-case id="352" name="tests/unit/test_retrieval.py::TestHybridRetriever::test_initialization" fullname="tests/unit/test_retrieval.py::TestHybridRetriever::test_initialization" methodname="test_initialization" classname="TestHybridRetriever" runstate="Runnable" seed="1" result="Passed" label="Test retriever initialisation stores dependencies." start-time="2026-07-01 01:44:59.226036" end-time="2026-07-01 01:44:59.226769" duration="0.000733" asserts="0"><properties><property name="python-version" value="3.12.13 (main, Mar  6 2026, 16:37:31) [GCC 13.3.0]" /><property name="fspath" value="tests/unit/test_retrieval.py" /></properties><environment framework-version="3.6.2" clr-version="3.12.13 (main, Mar  6 2026, 16:37:31) [GCC 13.3.0]" os-version="6.8.0" platform="Linux" cwd="/app" machine-name="x86_64" user="" user-domain="" culture="C" uiculture="C" os-architecture="64bit" /><failure><message><![CDATA[]]></message><stack-trace><![CDATA[None]]></stack-trace></failure><reason><message><![CDATA[]]></message></reason><output><![CDATA[]]></output></test-case><test-case id="353" name="tests/unit/test_retrieval.py::TestHybridRetriever::test_semantic_search" fullname="tests/unit/test_retrieval.py::TestHybridRetriever::test_semantic_search" methodname="test_semantic_search" classname="TestHybridRetriever" runstate="Runnable" seed="1" result="Passed" label="Test semantic search delegates to vector_db." start-time="2026-07-01 01:44:59.228041" end-time="2026-07-01 01:44:59.228804" duration="0.000763" asserts="0"><properties><property name="python-version" value="3.12.13 (main, Mar  6 2026, 16:37:31) [GCC 13.3.0]" /><property name="fspath" value="tests/unit/test_retrieval.py" /></properties><environment framework-version="3.6.2" clr-version="3.12.13 (main, Mar  6 2026, 16:37:31) [GCC 13.3.0]" os-version="6.8.0" platform="Linux" cwd="/app" machine-name="x86_64" user="" user-domain="" culture="C" uiculture="C" os-architecture="64bit" /><failure><message><![CDATA[]]></message><stack-trace><![CDATA[None]]></stack-trace></failure><reason><message><![CDATA[]]></message></reason><output><![CDATA[]]></output></test-case><test-case id="354" name="tests/unit/test_retrieval.py::TestHybridRetriever::test_semantic_search_with_collection" fullname="tests/unit/test_retrieval.py::TestHybridRetriever::test_semantic_search_with_collection" methodname="test_semantic_search_with_collection" classname="TestHybridRetriever" runstate="Runnable" seed="1" result="Passed" label="Test semantic search passes collection parameter." start-time="2026-07-01 01:44:59.229915" end-time="2026-07-01 01:44:59.230727" duration="0.000812" asserts="0"><properties><property name="python-version" value="3.12.13 (main, Mar  6 2026, 16:37:31) [GCC 13.3.0]" /><property name="fspath" value="tests/unit/test_retrieval.py" /></properties><environment framework-version="3.6.2" clr-version="3.12.13 (main, Mar  6 2026, 16:37:31) [GCC 13.3.0]" os-version="6.8.0" platform="Linux" cwd="/app" machine-name="x86_64" user="" user-domain="" culture="C" uiculture="C" os-architecture="64bit" /><failure><message><![CDATA[]]></message><stack-trace><![CDATA[None]]></stack-trace></failure><reason><message><![CDATA[]]></message></reason><output><![CDATA[]]></output></test-case><test-case id="355" name="tests/unit/test_retrieval.py::TestHybridRetriever::test_keyword_search_empty_without_index" fullname="tests/unit/test_retrieval.py::TestHybridRetriever::test_keyword_search_empty_without_index" methodname="test_keyword_search_empty_without_index" classname="TestHybridRetriever" runstate="Runnable" seed="1" result="Passed" label="Test keyword search returns empty when BM25 not built." start-time="2026-07-01 01:44:59.231771" end-time="2026-07-01 01:44:59.232461" duration="0.00069" asserts="0"><properties><property name="python-version" value="3.12.13 (main, Mar  6 2026, 16:37:31) [GCC 13.3.0]" /><property name="fspath" value="tests/unit/test_retrieval.py" /></properties><environment framework-version="3.6.2" clr-version="3.12.13 (main, Mar  6 2026, 16:37:31) [GCC 13.3.0]" os-version="6.8.0" platform="Linux" cwd="/app" machine-name="x86_64" user="" user-domain="" culture="C" uiculture="C" os-architecture="64bit" /><failure><message><![CDATA[]]></message><stack-trace><![CDATA[None]]></stack-trace></failure><reason><message><![CDATA[]]></message></reason><output><![CDATA[]]></output></test-case><test-case id="356" name="tests/unit/test_retrieval.py::TestHybridRetriever::test_build_bm25_index" fullname="tests/unit/test_retrieval.py::TestHybridRetriever::test_build_bm25_index" methodname="test_build_bm25_index" classname="TestHybridRetriever" runstate="Runnable" seed="1" result="Passed" label="Test BM25 index can be built from documents." start-time="2026-07-01 01:44:59.233504" end-time="2026-07-01 01:44:59.235748" duration="0.002244" asserts="0"><properties><property name="python-version" value="3.12.13 (main, Mar  6 2026, 16:37:31) [GCC 13.3.0]" /><property name="fspath" value="tests/unit/test_retrieval.py" /></properties><environment framework-version="3.6.2" clr-version="3.12.13 (main, Mar  6 2026, 16:37:31) [GCC 13.3.0]" os-version="6.8.0" platform="Linux" cwd="/app" machine-name="x86_64" user="" user-domain="" culture="C" uiculture="C" os-architecture="64bit" /><failure><message><![CDATA[]]></message><stack-trace><![CDATA[None]]></stack-trace></failure><reason><message><![CDATA[INFO     app.services.retrieval:retrieval.py:65 Built BM25 index with 2 documents]]></message></reason><output><![CDATA[INFO     app.services.retrieval:retrieval.py:65 Built BM25 index with 2 documents]]></output></test-case><test-case id="357" name="tests/unit/test_retrieval.py::TestHybridRetriever::test_keyword_search_with_index" fullname="tests/unit/test_retrieval.py::TestHybridRetriever::test_keyword_search_with_index" methodname="test_keyword_search_with_index" classname="TestHybridRetriever" runstate="Runnable" seed="1" result="Passed" label="Test BM25 keyword search returns scored results." start-time="2026-07-01 01:44:59.236824" end-time="2026-07-01 01:44:59.237960" duration="0.001136" asserts="0"><properties><property name="python-version" value="3.12.13 (main, Mar  6 2026, 16:37:31) [GCC 13.3.0]" /><property name="fspath" value="tests/unit/test_retrieval.py" /></properties><environment framework-version="3.6.2" clr-version="3.12.13 (main, Mar  6 2026, 16:37:31) [GCC 13.3.0]" os-version="6.8.0" platform="Linux" cwd="/app" machine-name="x86_64" user="" user-domain="" culture="C" uiculture="C" os-architecture="64bit" /><failure><message><![CDATA[]]></message><stack-trace><![CDATA[None]]></stack-trace></failure><reason><message><![CDATA[INFO     app.services.retrieval:retrieval.py:65 Built BM25 index with 3 documents]]></message></reason><output><![CDATA[INFO     app.services.retrieval:retrieval.py:65 Built BM25 index with 3 documents]]></output></test-case><test-case id="358" name="tests/unit/test_retrieval.py::TestHybridRetriever::test_retrieve_semantic_only" fullname="tests/unit/test_retrieval.py::TestHybridRetriever::test_retrieve_semantic_only" methodname="test_retrieve_semantic_only" classname="TestHybridRetriever" runstate="Runnable" seed="1" result="Passed" label="Test retrieve falls back to semantic when no BM25." start-time="2026-07-01 01:44:59.239049" end-time="2026-07-01 01:44:59.239759" duration="0.00071" asserts="0"><properties><property name="python-version" value="3.12.13 (main, Mar  6 2026, 16:37:31) [GCC 13.3.0]" /><property name="fspath" value="tests/unit/test_retrieval.py" /></properties><environment framework-version="3.6.2" clr-version="3.12.13 (main, Mar  6 2026, 16:37:31) [GCC 13.3.0]" os-version="6.8.0" platform="Linux" cwd="/app" machine-name="x86_64" user="" user-domain="" culture="C" uiculture="C" os-architecture="64bit" /><failure><message><![CDATA[]]></message><stack-trace><![CDATA[None]]></stack-trace></failure><reason><message><![CDATA[]]></message></reason><output><![CDATA[]]></output></test-case><test-case id="359" name="tests/unit/test_retrieval.py::TestHybridRetriever::test_retrieve_hybrid_with_bm25" fullname="tests/unit/test_retrieval.py::TestHybridRetriever::test_retrieve_hybrid_with_bm25" methodname="test_retrieve_hybrid_with_bm25" classname="TestHybridRetriever" runstate="Runnable" seed="1" result="Passed" label="Test retrieve uses hybrid search when BM25 available." start-time="2026-07-01 01:44:59.240774" end-time="2026-07-01 01:44:59.241912" duration="0.001138" asserts="0"><properties><property name="python-version" value="3.12.13 (main, Mar  6 2026, 16:37:31) [GCC 13.3.0]" /><property name="fspath" value="tests/unit/test_retrieval.py" /></properties><environment framework-version="3.6.2" clr-version="3.12.13 (main, Mar  6 2026, 16:37:31) [GCC 13.3.0]" os-version="6.8.0" platform="Linux" cwd="/app" machine-name="x86_64" user="" user-domain="" culture="C" uiculture="C" os-architecture="64bit" /><failure><message><![CDATA[]]></message><stack-trace><![CDATA[None]]></stack-trace></failure><reason><message><![CDATA[INFO     app.services.retrieval:retrieval.py:65 Built BM25 index with 1 documents]]></message></reason><output><![CDATA[INFO     app.services.retrieval:retrieval.py:65 Built BM25 index with 1 documents]]></output></test-case><test-case id="360" name="tests/unit/test_retrieval.py::TestHybridRetriever::test_retrieve_forced_semantic" fullname="tests/unit/test_retrieval.py::TestHybridRetriever::test_retrieve_forced_semantic" methodname="test_retrieve_forced_semantic" classname="TestHybridRetriever" runstate="Runnable" seed="1" result="Passed" label="Test retrieve with use_hybrid=False forces semantic only." start-time="2026-07-01 01:44:59.243034" end-time="2026-07-01 01:44:59.243775" duration="0.000741" asserts="0"><properties><property name="python-version" value="3.12.13 (main, Mar  6 2026, 16:37:31) [GCC 13.3.0]" /><property name="fspath" value="tests/unit/test_retrieval.py" /></properties><environment framework-version="3.6.2" clr-version="3.12.13 (main, Mar  6 2026, 16:37:31) [GCC 13.3.0]" os-version="6.8.0" platform="Linux" cwd="/app" machine-name="x86_64" user="" user-domain="" culture="C" uiculture="C" os-architecture="64bit" /><failure><message><![CDATA[]]></message><stack-trace><![CDATA[None]]></stack-trace></failure><reason><message><![CDATA[]]></message></reason><output><![CDATA[]]></output></test-case><environment framework-version="3.6.2" clr-version="3.12.13 (main, Mar  6 2026, 16:37:31) [GCC 13.3.0]" os-version="6.8.0" platform="Linux" cwd="/app" machine-name="x86_64" user="" user-domain="" culture="C" uiculture="C" os-architecture="64bit" /></test-suite><test-suite id="tests/unit/test_circuit_breaker.py::TestCircuitBreakerStates" name="tests/unit/test_circuit_breaker.py::TestCircuitBreakerStates" fullname="tests/unit/test_circuit_breaker.py::TestCircuitBreakerStates" methodname="" classname="" runstate="Runnable" type="Assembly" testcasecount="5" result="Passed" label="Test circuit breaker state transitions" start-time="2026-07-01 01:44:56.325889" end-time="2026-07-01 01:44:56.793823" duration="0.467934" asserts="0" total="5" passed="5" failed="0" warnings="0" inconclusive="0" skipped="0"><properties><property name="python_version" value="3.12.13 (main, Mar  6 2026, 16:37:31) [GCC 13.3.0]" /></properties><test-case id="185" name="tests/unit/test_circuit_breaker.py::TestCircuitBreakerStates::test_closed_to_open_on_failures" fullname="tests/unit/test_circuit_breaker.py::TestCircuitBreakerStates::test_closed_to_open_on_failures" methodname="test_closed_to_open_on_failures" classname="TestCircuitBreakerStates" runstate="Runnable" seed="1" result="Passed" label="Test circuit opens after failure threshold" start-time="2026-07-01 01:44:56.325889" end-time="2026-07-01 01:44:56.328794" duration="0.002905" asserts="0"><properties><property name="python-version" value="3.12.13 (main, Mar  6 2026, 16:37:31) [GCC 13.3.0]" /><property name="fspath" value="tests/unit/test_circuit_breaker.py" /></properties><environment framework-version="3.6.2" clr-version="3.12.13 (main, Mar  6 2026, 16:37:31) [GCC 13.3.0]" os-version="6.8.0" platform="Linux" cwd="/app" machine-name="x86_64" user="" user-domain="" culture="C" uiculture="C" os-architecture="64bit" /><failure><message><![CDATA[]]></message><stack-trace><![CDATA[None]]></stack-trace></failure><reason><message><![CDATA[INFO     app.core.circuit_breaker:circuit_breaker.py:88 Circuit breaker 'test' initialized: failure_threshold=3, timeout=60.0s
WARNING  app.core.circuit_breaker:circuit_breaker.py:143 Circuit breaker 'test' tripped to OPEN state after 3 failures]]></message></reason><output><![CDATA[INFO     app.core.circuit_breaker:circuit_breaker.py:88 Circuit breaker 'test' initialized: failure_threshold=3, timeout=60.0s
WARNING  app.core.circuit_breaker:circuit_breaker.py:143 Circuit breaker 'test' tripped to OPEN state after 3 failures]]></output></test-case><test-case id="186" name="tests/unit/test_circuit_breaker.py::TestCircuitBreakerStates::test_open_rejects_requests" fullname="tests/unit/test_circuit_breaker.py::TestCircuitBreakerStates::test_open_rejects_requests" methodname="test_open_rejects_requests" classname="TestCircuitBreakerStates" runstate="Runnable" seed="1" result="Passed" label="Test open circuit rejects requests immediately" start-time="2026-07-01 01:44:56.329813" end-time="2026-07-01 01:44:56.331498" duration="0.001685" asserts="0"><properties><property name="python-version" value="3.12.13 (main, Mar  6 2026, 16:37:31) [GCC 13.3.0]" /><property name="fspath" value="tests/unit/test_circuit_breaker.py" /></properties><environment framework-version="3.6.2" clr-version="3.12.13 (main, Mar  6 2026, 16:37:31) [GCC 13.3.0]" os-version="6.8.0" platform="Linux" cwd="/app" machine-name="x86_64" user="" user-domain="" culture="C" uiculture="C" os-architecture="64bit" /><failure><message><![CDATA[]]></message><stack-trace><![CDATA[None]]></stack-trace></failure><reason><message><![CDATA[INFO     app.core.circuit_breaker:circuit_breaker.py:88 Circuit breaker 'test' initialized: failure_threshold=2, timeout=10.0s
WARNING  app.core.circuit_breaker:circuit_breaker.py:143 Circuit breaker 'test' tripped to OPEN state after 2 failures]]></message></reason><output><![CDATA[INFO     app.core.circuit_breaker:circuit_breaker.py:88 Circuit breaker 'test' initialized: failure_threshold=2, timeout=10.0s
WARNING  app.core.circuit_breaker:circuit_breaker.py:143 Circuit breaker 'test' tripped to OPEN state after 2 failures]]></output></test-case><test-case id="187" name="tests/unit/test_circuit_breaker.py::TestCircuitBreakerStates::test_open_to_half_open_after_timeout" fullname="tests/unit/test_circuit_breaker.py::TestCircuitBreakerStates::test_open_to_half_open_after_timeout" methodname="test_open_to_half_open_after_timeout" classname="TestCircuitBreakerStates" runstate="Runnable" seed="1" result="Passed" label="Test circuit transitions to half-open after timeout" start-time="2026-07-01 01:44:56.332461" end-time="2026-07-01 01:44:56.485254" duration="0.152793" asserts="0"><properties><property name="python-version" value="3.12.13 (main, Mar  6 2026, 16:37:31) [GCC 13.3.0]" /><property name="fspath" value="tests/unit/test_circuit_breaker.py" /></properties><environment framework-version="3.6.2" clr-version="3.12.13 (main, Mar  6 2026, 16:37:31) [GCC 13.3.0]" os-version="6.8.0" platform="Linux" cwd="/app" machine-name="x86_64" user="" user-domain="" culture="C" uiculture="C" os-architecture="64bit" /><failure><message><![CDATA[]]></message><stack-trace><![CDATA[None]]></stack-trace></failure><reason><message><![CDATA[INFO     app.core.circuit_breaker:circuit_breaker.py:88 Circuit breaker 'test' initialized: failure_threshold=2, timeout=0.1s
WARNING  app.core.circuit_breaker:circuit_breaker.py:143 Circuit breaker 'test' tripped to OPEN state after 2 failures
INFO     app.core.circuit_breaker:circuit_breaker.py:157 Circuit breaker 'test' attempting recovery (timeout elapsed)
WARNING  app.core.circuit_breaker:circuit_breaker.py:143 Circuit breaker 'test' tripped to OPEN state after 3 failures]]></message></reason><output><![CDATA[INFO     app.core.circuit_breaker:circuit_breaker.py:88 Circuit breaker 'test' initialized: failure_threshold=2, timeout=0.1s
WARNING  app.core.circuit_breaker:circuit_breaker.py:143 Circuit breaker 'test' tripped to OPEN state after 2 failures
INFO     app.core.circuit_breaker:circuit_breaker.py:157 Circuit breaker 'test' attempting recovery (timeout elapsed)
WARNING  app.core.circuit_breaker:circuit_breaker.py:143 Circuit breaker 'test' tripped to OPEN state after 3 failures]]></output></test-case><test-case id="188" name="tests/unit/test_circuit_breaker.py::TestCircuitBreakerStates::test_half_open_to_closed_on_success" fullname="tests/unit/test_circuit_breaker.py::TestCircuitBreakerStates::test_half_open_to_closed_on_success" methodname="test_half_open_to_closed_on_success" classname="TestCircuitBreakerStates" runstate="Runnable" seed="1" result="Passed" label="Test circuit closes after successful calls in half-open" start-time="2026-07-01 01:44:56.486500" end-time="2026-07-01 01:44:56.639412" duration="0.152912" asserts="0"><properties><property name="python-version" value="3.12.13 (main, Mar  6 2026, 16:37:31) [GCC 13.3.0]" /><property name="fspath" value="tests/unit/test_circuit_breaker.py" /></properties><environment framework-version="3.6.2" clr-version="3.12.13 (main, Mar  6 2026, 16:37:31) [GCC 13.3.0]" os-version="6.8.0" platform="Linux" cwd="/app" machine-name="x86_64" user="" user-domain="" culture="C" uiculture="C" os-architecture="64bit" /><failure><message><![CDATA[]]></message><stack-trace><![CDATA[None]]></stack-trace></failure><reason><message><![CDATA[INFO     app.core.circuit_breaker:circuit_breaker.py:88 Circuit breaker 'test' initialized: failure_threshold=2, timeout=0.1s
WARNING  app.core.circuit_breaker:circuit_breaker.py:143 Circuit breaker 'test' tripped to OPEN state after 2 failures
INFO     app.core.circuit_breaker:circuit_breaker.py:157 Circuit breaker 'test' attempting recovery (timeout elapsed)
INFO     app.core.circuit_breaker:circuit_breaker.py:126 Circuit breaker 'test' reset to CLOSED state]]></message></reason><output><![CDATA[INFO     app.core.circuit_breaker:circuit_breaker.py:88 Circuit breaker 'test' initialized: failure_threshold=2, timeout=0.1s
WARNING  app.core.circuit_breaker:circuit_breaker.py:143 Circuit breaker 'test' tripped to OPEN state after 2 failures
INFO     app.core.circuit_breaker:circuit_breaker.py:157 Circuit breaker 'test' attempting recovery (timeout elapsed)
INFO     app.core.circuit_breaker:circuit_breaker.py:126 Circuit breaker 'test' reset to CLOSED state]]></output></test-case><test-case id="189" name="tests/unit/test_circuit_breaker.py::TestCircuitBreakerStates::test_half_open_to_open_on_failure" fullname="tests/unit/test_circuit_breaker.py::TestCircuitBreakerStates::test_half_open_to_open_on_failure" methodname="test_half_open_to_open_on_failure" classname="TestCircuitBreakerStates" runstate="Runnable" seed="1" result="Passed" label="Test circuit reopens on failure in half-open" start-time="2026-07-01 01:44:56.640586" end-time="2026-07-01 01:44:56.793823" duration="0.153237" asserts="0"><properties><property name="python-version" value="3.12.13 (main, Mar  6 2026, 16:37:31) [GCC 13.3.0]" /><property name="fspath" value="tests/unit/test_circuit_breaker.py" /></properties><environment framework-version="3.6.2" clr-version="3.12.13 (main, Mar  6 2026, 16:37:31) [GCC 13.3.0]" os-version="6.8.0" platform="Linux" cwd="/app" machine-name="x86_64" user="" user-domain="" culture="C" uiculture="C" os-architecture="64bit" /><failure><message><![CDATA[]]></message><stack-trace><![CDATA[None]]></stack-trace></failure><reason><message><![CDATA[INFO     app.core.circuit_breaker:circuit_breaker.py:88 Circuit breaker 'test' initialized: failure_threshold=3, timeout=0.1s
WARNING  app.core.circuit_breaker:circuit_breaker.py:143 Circuit breaker 'test' tripped to OPEN state after 3 failures
INFO     app.core.circuit_breaker:circuit_breaker.py:157 Circuit breaker 'test' attempting recovery (timeout elapsed)
INFO     app.core.circuit_breaker:circuit_breaker.py:126 Circuit breaker 'test' reset to CLOSED state
WARNING  app.core.circuit_breaker:circuit_breaker.py:143 Circuit breaker 'test' tripped to OPEN state after 3 failures]]></message></reason><output><![CDATA[INFO     app.core.circuit_breaker:circuit_breaker.py:88 Circuit breaker 'test' initialized: failure_threshold=3, timeout=0.1s
WARNING  app.core.circuit_breaker:circuit_breaker.py:143 Circuit breaker 'test' tripped to OPEN state after 3 failures
INFO     app.core.circuit_breaker:circuit_breaker.py:157 Circuit breaker 'test' attempting recovery (timeout elapsed)
INFO     app.core.circuit_breaker:circuit_breaker.py:126 Circuit breaker 'test' reset to CLOSED state
WARNING  app.core.circuit_breaker:circuit_breaker.py:143 Circuit breaker 'test' tripped to OPEN state after 3 failures]]></output></test-case><environment framework-version="3.6.2" clr-version="3.12.13 (main, Mar  6 2026, 16:37:31) [GCC 13.3.0]" os-version="6.8.0" platform="Linux" cwd="/app" machine-name="x86_64" user="" user-domain="" culture="C" uiculture="C" os-architecture="64bit" /></test-suite><test-suite id="tests/unit/test_circuit_breaker.py::TestCircuitBreakerDecorator" name="tests/unit/test_circuit_breaker.py::TestCircuitBreakerDecorator" fullname="tests/unit/test_circuit_breaker.py::TestCircuitBreakerDecorator" methodname="" classname="" runstate="Runnable" type="Assembly" testcasecount="2" result="Passed" label="Test circuit breaker decorator" start-time="2026-07-01 01:44:56.811512" end-time="2026-07-01 01:44:56.819530" duration="0.008018" asserts="0" total="2" passed="2" failed="0" warnings="0" inconclusive="0" skipped="0"><properties><property name="python_version" value="3.12.13 (main, Mar  6 2026, 16:37:31) [GCC 13.3.0]" /></properties><test-case id="196" name="tests/unit/test_circuit_breaker.py::TestCircuitBreakerDecorator::test_decorator_basic" fullname="tests/unit/test_circuit_breaker.py::TestCircuitBreakerDecorator::test_decorator_basic" methodname="test_decorator_basic" classname="TestCircuitBreakerDecorator" runstate="Runnable" seed="1" result="Passed" label="Test basic decorator usage" start-time="2026-07-01 01:44:56.811512" end-time="2026-07-01 01:44:56.814786" duration="0.003274" asserts="0"><properties><property name="python-version" value="3.12.13 (main, Mar  6 2026, 16:37:31) [GCC 13.3.0]" /><property name="fspath" value="tests/unit/test_circuit_breaker.py" /></properties><environment framework-version="3.6.2" clr-version="3.12.13 (main, Mar  6 2026, 16:37:31) [GCC 13.3.0]" os-version="6.8.0" platform="Linux" cwd="/app" machine-name="x86_64" user="" user-domain="" culture="C" uiculture="C" os-architecture="64bit" /><failure><message><![CDATA[]]></message><stack-trace><![CDATA[None]]></stack-trace></failure><reason><message><![CDATA[INFO     app.core.circuit_breaker:circuit_breaker.py:88 Circuit breaker 'decorator_test' initialized: failure_threshold=2, timeout=60.0s
WARNING  app.core.circuit_breaker:circuit_breaker.py:143 Circuit breaker 'decorator_test' tripped to OPEN state after 2 failures]]></message></reason><output><![CDATA[INFO     app.core.circuit_breaker:circuit_breaker.py:88 Circuit breaker 'decorator_test' initialized: failure_threshold=2, timeout=60.0s
WARNING  app.core.circuit_breaker:circuit_breaker.py:143 Circuit breaker 'decorator_test' tripped to OPEN state after 2 failures]]></output></test-case><test-case id="197" name="tests/unit/test_circuit_breaker.py::TestCircuitBreakerDecorator::test_decorator_with_custom_config" fullname="tests/unit/test_circuit_breaker.py::TestCircuitBreakerDecorator::test_decorator_with_custom_config" methodname="test_decorator_with_custom_config" classname="TestCircuitBreakerDecorator" runstate="Runnable" seed="1" result="Passed" label="Test decorator with custom configuration" start-time="2026-07-01 01:44:56.816622" end-time="2026-07-01 01:44:56.819530" duration="0.002908" asserts="0"><properties><property name="python-version" value="3.12.13 (main, Mar  6 2026, 16:37:31) [GCC 13.3.0]" /><property name="fspath" value="tests/unit/test_circuit_breaker.py" /></properties><environment framework-version="3.6.2" clr-version="3.12.13 (main, Mar  6 2026, 16:37:31) [GCC 13.3.0]" os-version="6.8.0" platform="Linux" cwd="/app" machine-name="x86_64" user="" user-domain="" culture="C" uiculture="C" os-architecture="64bit" /><failure><message><![CDATA[]]></message><stack-trace><![CDATA[None]]></stack-trace></failure><reason><message><![CDATA[INFO     app.core.circuit_breaker:circuit_breaker.py:88 Circuit breaker 'custom_decorator' initialized: failure_threshold=3, timeout=0.1s
WARNING  app.core.circuit_breaker:circuit_breaker.py:143 Circuit breaker 'custom_decorator' tripped to OPEN state after 3 failures]]></message></reason><output><![CDATA[INFO     app.core.circuit_breaker:circuit_breaker.py:88 Circuit breaker 'custom_decorator' initialized: failure_threshold=3, timeout=0.1s
WARNING  app.core.circuit_breaker:circuit_breaker.py:143 Circuit breaker 'custom_decorator' tripped to OPEN state after 3 failures]]></output></test-case><environment framework-version="3.6.2" clr-version="3.12.13 (main, Mar  6 2026, 16:37:31) [GCC 13.3.0]" os-version="6.8.0" platform="Linux" cwd="/app" machine-name="x86_64" user="" user-domain="" culture="C" uiculture="C" os-architecture="64bit" /></test-suite><test-suite id="tests/unit/test_reranker.py::TestRerankerInit" name="tests/unit/test_reranker.py::TestRerankerInit" fullname="tests/unit/test_reranker.py::TestRerankerInit" methodname="" classname="" runstate="Runnable" type="Assembly" testcasecount="4" result="Passed" label="Tests for Reranker initialization" start-time="2026-07-01 01:44:59.192445" end-time="2026-07-01 01:44:59.201334" duration="0.008889" asserts="0" total="4" passed="4" failed="0" warnings="0" inconclusive="0" skipped="0"><properties><property name="python_version" value="3.12.13 (main, Mar  6 2026, 16:37:31) [GCC 13.3.0]" /></properties><test-case id="339" name="tests/unit/test_reranker.py::TestRerankerInit::test_init_with_default_model" fullname="tests/unit/test_reranker.py::TestRerankerInit::test_init_with_default_model" methodname="test_init_with_default_model" classname="TestRerankerInit" runstate="Runnable" seed="1" result="Passed" label="Test initialization with default model" start-time="2026-07-01 01:44:59.192445" end-time="2026-07-01 01:44:59.194271" duration="0.001826" asserts="0"><properties><property name="python-version" value="3.12.13 (main, Mar  6 2026, 16:37:31) [GCC 13.3.0]" /><property name="fspath" value="tests/unit/test_reranker.py" /></properties><environment framework-version="3.6.2" clr-version="3.12.13 (main, Mar  6 2026, 16:37:31) [GCC 13.3.0]" os-version="6.8.0" platform="Linux" cwd="/app" machine-name="x86_64" user="" user-domain="" culture="C" uiculture="C" os-architecture="64bit" /><failure><message><![CDATA[]]></message><stack-trace><![CDATA[None]]></stack-trace></failure><reason><message><![CDATA[INFO     app.services.reranker:reranker.py:38 Loading cross-encoder model: cross-encoder/ms-marco-MiniLM-L-6-v2
INFO     app.services.reranker:reranker.py:40 Cross-encoder model loaded successfully]]></message></reason><output><![CDATA[INFO     app.services.reranker:reranker.py:38 Loading cross-encoder model: cross-encoder/ms-marco-MiniLM-L-6-v2
INFO     app.services.reranker:reranker.py:40 Cross-encoder model loaded successfully]]></output></test-case><test-case id="340" name="tests/unit/test_reranker.py::TestRerankerInit::test_init_with_custom_model" fullname="tests/unit/test_reranker.py::TestRerankerInit::test_init_with_custom_model" methodname="test_init_with_custom_model" classname="TestRerankerInit" runstate="Runnable" seed="1" result="Passed" label="Test initialization with custom model" start-time="2026-07-01 01:44:59.194917" end-time="2026-07-01 01:44:59.196805" duration="0.001888" asserts="0"><properties><property name="python-version" value="3.12.13 (main, Mar  6 2026, 16:37:31) [GCC 13.3.0]" /><property name="fspath" value="tests/unit/test_reranker.py" /></properties><environment framework-version="3.6.2" clr-version="3.12.13 (main, Mar  6 2026, 16:37:31) [GCC 13.3.0]" os-version="6.8.0" platform="Linux" cwd="/app" machine-name="x86_64" user="" user-domain="" culture="C" uiculture="C" os-architecture="64bit" /><failure><message><![CDATA[]]></message><stack-trace><![CDATA[None]]></stack-trace></failure><reason><message><![CDATA[INFO     app.services.reranker:reranker.py:38 Loading cross-encoder model: custom-model
INFO     app.services.reranker:reranker.py:40 Cross-encoder model loaded successfully]]></message></reason><output><![CDATA[INFO     app.services.reranker:reranker.py:38 Loading cross-encoder model: custom-model
INFO     app.services.reranker:reranker.py:40 Cross-encoder model loaded successfully]]></output></test-case><test-case id="341" name="tests/unit/test_reranker.py::TestRerankerInit::test_init_with_env_var" fullname="tests/unit/test_reranker.py::TestRerankerInit::test_init_with_env_var" methodname="test_init_with_env_var" classname="TestRerankerInit" runstate="Runnable" seed="1" result="Passed" label="Test initialization with environment variable" start-time="2026-07-01 01:44:59.197472" end-time="2026-07-01 01:44:59.199482" duration="0.00201" asserts="0"><properties><property name="python-version" value="3.12.13 (main, Mar  6 2026, 16:37:31) [GCC 13.3.0]" /><property name="fspath" value="tests/unit/test_reranker.py" /></properties><environment framework-version="3.6.2" clr-version="3.12.13 (main, Mar  6 2026, 16:37:31) [GCC 13.3.0]" os-version="6.8.0" platform="Linux" cwd="/app" machine-name="x86_64" user="" user-domain="" culture="C" uiculture="C" os-architecture="64bit" /><failure><message><![CDATA[]]></message><stack-trace><![CDATA[None]]></stack-trace></failure><reason><message><![CDATA[INFO     app.services.reranker:reranker.py:38 Loading cross-encoder model: env-model
INFO     app.services.reranker:reranker.py:40 Cross-encoder model loaded successfully]]></message></reason><output><![CDATA[INFO     app.services.reranker:reranker.py:38 Loading cross-encoder model: env-model
INFO     app.services.reranker:reranker.py:40 Cross-encoder model loaded successfully]]></output></test-case><test-case id="342" name="tests/unit/test_reranker.py::TestRerankerInit::test_init_import_error" fullname="tests/unit/test_reranker.py::TestRerankerInit::test_init_import_error" methodname="test_init_import_error" classname="TestRerankerInit" runstate="Runnable" seed="1" result="Passed" label="Test initialization fails gracefully without sentence-transformers" start-time="2026-07-01 01:44:59.200116" end-time="2026-07-01 01:44:59.201334" duration="0.001218" asserts="0"><properties><property name="python-version" value="3.12.13 (main, Mar  6 2026, 16:37:31) [GCC 13.3.0]" /><property name="fspath" value="tests/unit/test_reranker.py" /></properties><environment framework-version="3.6.2" clr-version="3.12.13 (main, Mar  6 2026, 16:37:31) [GCC 13.3.0]" os-version="6.8.0" platform="Linux" cwd="/app" machine-name="x86_64" user="" user-domain="" culture="C" uiculture="C" os-architecture="64bit" /><failure><message><![CDATA[]]></message><stack-trace><![CDATA[None]]></stack-trace></failure><reason><message><![CDATA[INFO     app.services.reranker:reranker.py:38 Loading cross-encoder model: cross-encoder/ms-marco-MiniLM-L-6-v2
ERROR    app.services.reranker:reranker.py:42 sentence-transformers not installed. Install with: pip install sentence-transformers]]></message></reason><output><![CDATA[INFO     app.services.reranker:reranker.py:38 Loading cross-encoder model: cross-encoder/ms-marco-MiniLM-L-6-v2
ERROR    app.services.reranker:reranker.py:42 sentence-transformers not installed. Install with: pip install sentence-transformers]]></output></test-case><environment framework-version="3.6.2" clr-version="3.12.13 (main, Mar  6 2026, 16:37:31) [GCC 13.3.0]" os-version="6.8.0" platform="Linux" cwd="/app" machine-name="x86_64" user="" user-domain="" culture="C" uiculture="C" os-architecture="64bit" /></test-suite><test-suite id="tests/unit/test_api_routes.py::TestQueryRequestValidation" name="tests/unit/test_api_routes.py::TestQueryRequestValidation" fullname="tests/unit/test_api_routes.py::TestQueryRequestValidation" methodname="" classname="" runstate="Runnable" type="Assembly" testcasecount="4" result="Passed" label="Test QueryRequest validation" start-time="2026-07-01 01:44:55.789567" end-time="2026-07-01 01:44:55.794651" duration="0.005084" asserts="0" total="4" passed="4" failed="0" warnings="0" inconclusive="0" skipped="0"><properties><property name="python_version" value="3.12.13 (main, Mar  6 2026, 16:37:31) [GCC 13.3.0]" /></properties><test-case id="120" name="tests/unit/test_api_routes.py::TestQueryRequestValidation::test_valid_query_request" fullname="tests/unit/test_api_routes.py::TestQueryRequestValidation::test_valid_query_request" methodname="test_valid_query_request" classname="TestQueryRequestValidation" runstate="Runnable" seed="1" result="Passed" label="Test valid query request creation" start-time="2026-07-01 01:44:55.789567" end-time="2026-07-01 01:44:55.790496" duration="0.000929" asserts="0"><properties><property name="python-version" value="3.12.13 (main, Mar  6 2026, 16:37:31) [GCC 13.3.0]" /><property name="fspath" value="tests/unit/test_api_routes.py" /></properties><environment framework-version="3.6.2" clr-version="3.12.13 (main, Mar  6 2026, 16:37:31) [GCC 13.3.0]" os-version="6.8.0" platform="Linux" cwd="/app" machine-name="x86_64" user="" user-domain="" culture="C" uiculture="C" os-architecture="64bit" /><failure><message><![CDATA[]]></message><stack-trace><![CDATA[None]]></stack-trace></failure><reason><message><![CDATA[]]></message></reason><output><![CDATA[]]></output></test-case><test-case id="121" name="tests/unit/test_api_routes.py::TestQueryRequestValidation::test_query_request_min_length_validation" fullname="tests/unit/test_api_routes.py::TestQueryRequestValidation::test_query_request_min_length_validation" methodname="test_query_request_min_length_validation" classname="TestQueryRequestValidation" runstate="Runnable" seed="1" result="Passed" label="Test that empty query is rejected" start-time="2026-07-01 01:44:55.791093" end-time="2026-07-01 01:44:55.791934" duration="0.000841" asserts="0"><properties><property name="python-version" value="3.12.13 (main, Mar  6 2026, 16:37:31) [GCC 13.3.0]" /><property name="fspath" value="tests/unit/test_api_routes.py" /></properties><environment framework-version="3.6.2" clr-version="3.12.13 (main, Mar  6 2026, 16:37:31) [GCC 13.3.0]" os-version="6.8.0" platform="Linux" cwd="/app" machine-name="x86_64" user="" user-domain="" culture="C" uiculture="C" os-architecture="64bit" /><failure><message><![CDATA[]]></message><stack-trace><![CDATA[None]]></stack-trace></failure><reason><message><![CDATA[]]></message></reason><output><![CDATA[]]></output></test-case><test-case id="122" name="tests/unit/test_api_routes.py::TestQueryRequestValidation::test_query_request_top_k_bounds" fullname="tests/unit/test_api_routes.py::TestQueryRequestValidation::test_query_request_top_k_bounds" methodname="test_query_request_top_k_bounds" classname="TestQueryRequestValidation" runstate="Runnable" seed="1" result="Passed" label="Test top_k bounds validation" start-time="2026-07-01 01:44:55.792589" end-time="2026-07-01 01:44:55.793299" duration="0.00071" asserts="0"><properties><property name="python-version" value="3.12.13 (main, Mar  6 2026, 16:37:31) [GCC 13.3.0]" /><property name="fspath" value="tests/unit/test_api_routes.py" /></properties><environment framework-version="3.6.2" clr-version="3.12.13 (main, Mar  6 2026, 16:37:31) [GCC 13.3.0]" os-version="6.8.0" platform="Linux" cwd="/app" machine-name="x86_64" user="" user-domain="" culture="C" uiculture="C" os-architecture="64bit" /><failure><message><![CDATA[]]></message><stack-trace><![CDATA[None]]></stack-trace></failure><reason><message><![CDATA[]]></message></reason><output><![CDATA[]]></output></test-case><test-case id="123" name="tests/unit/test_api_routes.py::TestQueryRequestValidation::test_query_request_with_optional_fields" fullname="tests/unit/test_api_routes.py::TestQueryRequestValidation::test_query_request_with_optional_fields" methodname="test_query_request_with_optional_fields" classname="TestQueryRequestValidation" runstate="Runnable" seed="1" result="Passed" label="Test query request with optional fields" start-time="2026-07-01 01:44:55.793881" end-time="2026-07-01 01:44:55.794651" duration="0.00077" asserts="0"><properties><property name="python-version" value="3.12.13 (main, Mar  6 2026, 16:37:31) [GCC 13.3.0]" /><property name="fspath" value="tests/unit/test_api_routes.py" /></properties><environment framework-version="3.6.2" clr-version="3.12.13 (main, Mar  6 2026, 16:37:31) [GCC 13.3.0]" os-version="6.8.0" platform="Linux" cwd="/app" machine-name="x86_64" user="" user-domain="" culture="C" uiculture="C" os-architecture="64bit" /><failure><message><![CDATA[]]></message><stack-trace><![CDATA[None]]></stack-trace></failure><reason><message><![CDATA[]]></message></reason><output><![CDATA[]]></output></test-case><environment framework-version="3.6.2" clr-version="3.12.13 (main, Mar  6 2026, 16:37:31) [GCC 13.3.0]" os-version="6.8.0" platform="Linux" cwd="/app" machine-name="x86_64" user="" user-domain="" culture="C" uiculture="C" os-architecture="64bit" /></test-suite><test-suite id="tests/unit/test_cache.py::TestQueryNormalization" name="tests/unit/test_cache.py::TestQueryNormalization" fullname="tests/unit/test_cache.py::TestQueryNormalization" methodname="" classname="" runstate="Runnable" type="Assembly" testcasecount="3" result="Passed" label="Tests for query normalization" start-time="2026-07-01 01:44:56.108349" end-time="2026-07-01 01:44:56.115945" duration="0.007596" asserts="0" total="3" passed="3" failed="0" warnings="0" inconclusive="0" skipped="0"><properties><property name="python_version" value="3.12.13 (main, Mar  6 2026, 16:37:31) [GCC 13.3.0]" /></properties><test-case id="168" name="tests/unit/test_cache.py::TestQueryNormalization::test_normalize_query_basic" fullname="tests/unit/test_cache.py::TestQueryNormalization::test_normalize_query_basic" methodname="test_normalize_query_basic" classname="TestQueryNormalization" runstate="Runnable" seed="1" result="Passed" label="Test basic query normalization" start-time="2026-07-01 01:44:56.108349" end-time="2026-07-01 01:44:56.109028" duration="0.000679" asserts="0"><properties><property name="python-version" value="3.12.13 (main, Mar  6 2026, 16:37:31) [GCC 13.3.0]" /><property name="fspath" value="tests/unit/test_cache.py" /></properties><environment framework-version="3.6.2" clr-version="3.12.13 (main, Mar  6 2026, 16:37:31) [GCC 13.3.0]" os-version="6.8.0" platform="Linux" cwd="/app" machine-name="x86_64" user="" user-domain="" culture="C" uiculture="C" os-architecture="64bit" /><failure><message><![CDATA[]]></message><stack-trace><![CDATA[None]]></stack-trace></failure><reason><message><![CDATA[INFO     app.core.cache:cache.py:88 Cache connected to Redis at localhost:6379 (L1: 128 entries)]]></message></reason><output><![CDATA[INFO     app.core.cache:cache.py:88 Cache connected to Redis at localhost:6379 (L1: 128 entries)]]></output></test-case><test-case id="169" name="tests/unit/test_cache.py::TestQueryNormalization::test_normalize_query_with_special_chars" fullname="tests/unit/test_cache.py::TestQueryNormalization::test_normalize_query_with_special_chars" methodname="test_normalize_query_with_special_chars" classname="TestQueryNormalization" runstate="Runnable" seed="1" result="Passed" label="Test normalization with special characters" start-time="2026-07-01 01:44:56.111831" end-time="2026-07-01 01:44:56.112575" duration="0.000744" asserts="0"><properties><property name="python-version" value="3.12.13 (main, Mar  6 2026, 16:37:31) [GCC 13.3.0]" /><property name="fspath" value="tests/unit/test_cache.py" /></properties><environment framework-version="3.6.2" clr-version="3.12.13 (main, Mar  6 2026, 16:37:31) [GCC 13.3.0]" os-version="6.8.0" platform="Linux" cwd="/app" machine-name="x86_64" user="" user-domain="" culture="C" uiculture="C" os-architecture="64bit" /><failure><message><![CDATA[]]></message><stack-trace><![CDATA[None]]></stack-trace></failure><reason><message><![CDATA[INFO     app.core.cache:cache.py:88 Cache connected to Redis at localhost:6379 (L1: 128 entries)]]></message></reason><output><![CDATA[INFO     app.core.cache:cache.py:88 Cache connected to Redis at localhost:6379 (L1: 128 entries)]]></output></test-case><test-case id="170" name="tests/unit/test_cache.py::TestQueryNormalization::test_normalize_query_extra_whitespace" fullname="tests/unit/test_cache.py::TestQueryNormalization::test_normalize_query_extra_whitespace" methodname="test_normalize_query_extra_whitespace" classname="TestQueryNormalization" runstate="Runnable" seed="1" result="Passed" label="Test normalization with extra whitespace" start-time="2026-07-01 01:44:56.115259" end-time="2026-07-01 01:44:56.115945" duration="0.000686" asserts="0"><properties><property name="python-version" value="3.12.13 (main, Mar  6 2026, 16:37:31) [GCC 13.3.0]" /><property name="fspath" value="tests/unit/test_cache.py" /></properties><environment framework-version="3.6.2" clr-version="3.12.13 (main, Mar  6 2026, 16:37:31) [GCC 13.3.0]" os-version="6.8.0" platform="Linux" cwd="/app" machine-name="x86_64" user="" user-domain="" culture="C" uiculture="C" os-architecture="64bit" /><failure><message><![CDATA[]]></message><stack-trace><![CDATA[None]]></stack-trace></failure><reason><message><![CDATA[INFO     app.core.cache:cache.py:88 Cache connected to Redis at localhost:6379 (L1: 128 entries)]]></message></reason><output><![CDATA[INFO     app.core.cache:cache.py:88 Cache connected to Redis at localhost:6379 (L1: 128 entries)]]></output></test-case><environment framework-version="3.6.2" clr-version="3.12.13 (main, Mar  6 2026, 16:37:31) [GCC 13.3.0]" os-version="6.8.0" platform="Linux" cwd="/app" machine-name="x86_64" user="" user-domain="" culture="C" uiculture="C" os-architecture="64bit" /></test-suite><test-suite id="tests/unit/test_feature_00.py::TestDatabasePoolConfiguration" name="tests/unit/test_feature_00.py::TestDatabasePoolConfiguration" fullname="tests/unit/test_feature_00.py::TestDatabasePoolConfiguration" methodname="" classname="" runstate="Runnable" type="Assembly" testcasecount="3" result="Passed" label="Test pool configuration and initialization." start-time="2026-07-01 01:44:58.091225" end-time="2026-07-01 01:44:58.094872" duration="0.003647" asserts="0" total="3" passed="3" failed="0" warnings="0" inconclusive="0" skipped="0"><properties><property name="python_version" value="3.12.13 (main, Mar  6 2026, 16:37:31) [GCC 13.3.0]" /></properties><test-case id="231" name="tests/unit/test_feature_00.py::TestDatabasePoolConfiguration::test_pool_initialization_with_config" fullname="tests/unit/test_feature_00.py::TestDatabasePoolConfiguration::test_pool_initialization_with_config" methodname="test_pool_initialization_with_config" classname="TestDatabasePoolConfiguration" runstate="Runnable" seed="1" result="Passed" label="Test that pool is created with correct configuration." start-time="2026-07-01 01:44:58.091225" end-time="2026-07-01 01:44:58.092178" duration="0.000953" asserts="0"><properties><property name="python-version" value="3.12.13 (main, Mar  6 2026, 16:37:31) [GCC 13.3.0]" /><property name="fspath" value="tests/unit/test_feature_00.py" /></properties><environment framework-version="3.6.2" clr-version="3.12.13 (main, Mar  6 2026, 16:37:31) [GCC 13.3.0]" os-version="6.8.0" platform="Linux" cwd="/app" machine-name="x86_64" user="" user-domain="" culture="C" uiculture="C" os-architecture="64bit" /><failure><message><![CDATA[]]></message><stack-trace><![CDATA[None]]></stack-trace></failure><reason><message><![CDATA[]]></message></reason><output><![CDATA[]]></output></test-case><test-case id="232" name="tests/unit/test_feature_00.py::TestDatabasePoolConfiguration::test_default_configuration" fullname="tests/unit/test_feature_00.py::TestDatabasePoolConfiguration::test_default_configuration" methodname="test_default_configuration" classname="TestDatabasePoolConfiguration" runstate="Runnable" seed="1" result="Passed" label="Test pool with default configuration." start-time="2026-07-01 01:44:58.092885" end-time="2026-07-01 01:44:58.093539" duration="0.000654" asserts="0"><properties><property name="python-version" value="3.12.13 (main, Mar  6 2026, 16:37:31) [GCC 13.3.0]" /><property name="fspath" value="tests/unit/test_feature_00.py" /></properties><environment framework-version="3.6.2" clr-version="3.12.13 (main, Mar  6 2026, 16:37:31) [GCC 13.3.0]" os-version="6.8.0" platform="Linux" cwd="/app" machine-name="x86_64" user="" user-domain="" culture="C" uiculture="C" os-architecture="64bit" /><failure><message><![CDATA[]]></message><stack-trace><![CDATA[None]]></stack-trace></failure><reason><message><![CDATA[]]></message></reason><output><![CDATA[]]></output></test-case><test-case id="233" name="tests/unit/test_feature_00.py::TestDatabasePoolConfiguration::test_pool_info_retrieval" fullname="tests/unit/test_feature_00.py::TestDatabasePoolConfiguration::test_pool_info_retrieval" methodname="test_pool_info_retrieval" classname="TestDatabasePoolConfiguration" runstate="Runnable" seed="1" result="Passed" label="Test getting pool configuration information." start-time="2026-07-01 01:44:58.094270" end-time="2026-07-01 01:44:58.094872" duration="0.000602" asserts="0"><properties><property name="python-version" value="3.12.13 (main, Mar  6 2026, 16:37:31) [GCC 13.3.0]" /><property name="fspath" value="tests/unit/test_feature_00.py" /></properties><environment framework-version="3.6.2" clr-version="3.12.13 (main, Mar  6 2026, 16:37:31) [GCC 13.3.0]" os-version="6.8.0" platform="Linux" cwd="/app" machine-name="x86_64" user="" user-domain="" culture="C" uiculture="C" os-architecture="64bit" /><failure><message><![CDATA[]]></message><stack-trace><![CDATA[None]]></stack-trace></failure><reason><message><![CDATA[]]></message></reason><output><![CDATA[]]></output></test-case><environment framework-version="3.6.2" clr-version="3.12.13 (main, Mar  6 2026, 16:37:31) [GCC 13.3.0]" os-version="6.8.0" platform="Linux" cwd="/app" machine-name="x86_64" user="" user-domain="" culture="C" uiculture="C" os-architecture="64bit" /></test-suite><test-suite id="tests/unit/test_circuit_breaker.py::TestCircuitBreakerEdgeCases" name="tests/unit/test_circuit_breaker.py::TestCircuitBreakerEdgeCases" fullname="tests/unit/test_circuit_breaker.py::TestCircuitBreakerEdgeCases" methodname="" classname="" runstate="Runnable" type="Assembly" testcasecount="2" result="Passed" label="Test edge cases and error handling" start-time="2026-07-01 01:44:56.822261" end-time="2026-07-01 01:44:56.860813" duration="0.038552" asserts="0" total="2" passed="2" failed="0" warnings="0" inconclusive="0" skipped="0"><properties><property name="python_version" value="3.12.13 (main, Mar  6 2026, 16:37:31) [GCC 13.3.0]" /></properties><test-case id="199" name="tests/unit/test_circuit_breaker.py::TestCircuitBreakerEdgeCases::test_exception_type_filtering" fullname="tests/unit/test_circuit_breaker.py::TestCircuitBreakerEdgeCases::test_exception_type_filtering" methodname="test_exception_type_filtering" classname="TestCircuitBreakerEdgeCases" runstate="Runnable" seed="1" result="Passed" label="Test that only expected exceptions count as failures" start-time="2026-07-01 01:44:56.822261" end-time="2026-07-01 01:44:56.825441" duration="0.00318" asserts="0"><properties><property name="python-version" value="3.12.13 (main, Mar  6 2026, 16:37:31) [GCC 13.3.0]" /><property name="fspath" value="tests/unit/test_circuit_breaker.py" /></properties><environment framework-version="3.6.2" clr-version="3.12.13 (main, Mar  6 2026, 16:37:31) [GCC 13.3.0]" os-version="6.8.0" platform="Linux" cwd="/app" machine-name="x86_64" user="" user-domain="" culture="C" uiculture="C" os-architecture="64bit" /><failure><message><![CDATA[]]></message><stack-trace><![CDATA[None]]></stack-trace></failure><reason><message><![CDATA[INFO     app.core.circuit_breaker:circuit_breaker.py:88 Circuit breaker 'test' initialized: failure_threshold=3, timeout=60.0s
WARNING  app.core.circuit_breaker:circuit_breaker.py:143 Circuit breaker 'test' tripped to OPEN state after 3 failures]]></message></reason><output><![CDATA[INFO     app.core.circuit_breaker:circuit_breaker.py:88 Circuit breaker 'test' initialized: failure_threshold=3, timeout=60.0s
WARNING  app.core.circuit_breaker:circuit_breaker.py:143 Circuit breaker 'test' tripped to OPEN state after 3 failures]]></output></test-case><test-case id="200" name="tests/unit/test_circuit_breaker.py::TestCircuitBreakerEdgeCases::test_concurrent_calls" fullname="tests/unit/test_circuit_breaker.py::TestCircuitBreakerEdgeCases::test_concurrent_calls" methodname="test_concurrent_calls" classname="TestCircuitBreakerEdgeCases" runstate="Runnable" seed="1" result="Passed" label="Test concurrent calls through circuit breaker" start-time="2026-07-01 01:44:56.826795" end-time="2026-07-01 01:44:56.860813" duration="0.034018" asserts="0"><properties><property name="python-version" value="3.12.13 (main, Mar  6 2026, 16:37:31) [GCC 13.3.0]" /><property name="fspath" value="tests/unit/test_circuit_breaker.py" /></properties><environment framework-version="3.6.2" clr-version="3.12.13 (main, Mar  6 2026, 16:37:31) [GCC 13.3.0]" os-version="6.8.0" platform="Linux" cwd="/app" machine-name="x86_64" user="" user-domain="" culture="C" uiculture="C" os-architecture="64bit" /><failure><message><![CDATA[]]></message><stack-trace><![CDATA[None]]></stack-trace></failure><reason><message><![CDATA[INFO     app.core.circuit_breaker:circuit_breaker.py:88 Circuit breaker 'test' initialized: failure_threshold=5, timeout=60.0s]]></message></reason><output><![CDATA[INFO     app.core.circuit_breaker:circuit_breaker.py:88 Circuit breaker 'test' initialized: failure_threshold=5, timeout=60.0s]]></output></test-case><environment framework-version="3.6.2" clr-version="3.12.13 (main, Mar  6 2026, 16:37:31) [GCC 13.3.0]" os-version="6.8.0" platform="Linux" cwd="/app" machine-name="x86_64" user="" user-domain="" culture="C" uiculture="C" os-architecture="64bit" /></test-suite><test-suite id="tests/unit/test_rate_limit.py::TestRateLimitingEndpoints" name="tests/unit/test_rate_limit.py::TestRateLimitingEndpoints" fullname="tests/unit/test_rate_limit.py::TestRateLimitingEndpoints" methodname="" classname="" runstate="Runnable" type="Assembly" testcasecount="5" result="Passed" label="Test rate limiting on API endpoints" start-time="2026-07-01 01:44:58.662705" end-time="2026-07-01 01:44:59.183019" duration="0.520314" asserts="0" total="5" passed="5" failed="0" warnings="0" inconclusive="0" skipped="0"><properties><property name="python_version" value="3.12.13 (main, Mar  6 2026, 16:37:31) [GCC 13.3.0]" /></properties><test-case id="329" name="tests/unit/test_rate_limit.py::TestRateLimitingEndpoints::test_query_endpoint_allows_requests" fullname="tests/unit/test_rate_limit.py::TestRateLimitingEndpoints::test_query_endpoint_allows_requests" methodname="test_query_endpoint_allows_requests" classname="TestRateLimitingEndpoints" runstate="Runnable" seed="1" result="Passed" label="Test that query endpoint allows requests within limit" start-time="2026-07-01 01:44:58.662705" end-time="2026-07-01 01:44:58.671267" duration="0.008562" asserts="0"><properties><property name="python-version" value="3.12.13 (main, Mar  6 2026, 16:37:31) [GCC 13.3.0]" /><property name="fspath" value="tests/unit/test_rate_limit.py" /></properties><environment framework-version="3.6.2" clr-version="3.12.13 (main, Mar  6 2026, 16:37:31) [GCC 13.3.0]" os-version="6.8.0" platform="Linux" cwd="/app" machine-name="x86_64" user="" user-domain="" culture="C" uiculture="C" os-architecture="64bit" /><failure><message><![CDATA[]]></message><stack-trace><![CDATA[None]]></stack-trace></failure><reason><message><![CDATA[INFO     httpx:_client.py:1026 HTTP Request: POST http://testserver/api/v1/query/ "HTTP/1.1 500 Internal Server Error"]]></message></reason><output><![CDATA[INFO     httpx:_client.py:1026 HTTP Request: POST http://testserver/api/v1/query/ "HTTP/1.1 500 Internal Server Error"]]></output></test-case><test-case id="330" name="tests/unit/test_rate_limit.py::TestRateLimitingEndpoints::test_health_endpoint_allows_requests" fullname="tests/unit/test_rate_limit.py::TestRateLimitingEndpoints::test_health_endpoint_allows_requests" methodname="test_health_endpoint_allows_requests" classname="TestRateLimitingEndpoints" runstate="Runnable" seed="1" result="Passed" label="Test that health endpoint allows requests" start-time="2026-07-01 01:44:58.672236" end-time="2026-07-01 01:44:58.678984" duration="0.006748" asserts="0"><properties><property name="python-version" value="3.12.13 (main, Mar  6 2026, 16:37:31) [GCC 13.3.0]" /><property name="fspath" value="tests/unit/test_rate_limit.py" /></properties><environment framework-version="3.6.2" clr-version="3.12.13 (main, Mar  6 2026, 16:37:31) [GCC 13.3.0]" os-version="6.8.0" platform="Linux" cwd="/app" machine-name="x86_64" user="" user-domain="" culture="C" uiculture="C" os-architecture="64bit" /><failure><message><![CDATA[]]></message><stack-trace><![CDATA[None]]></stack-trace></failure><reason><message><![CDATA[INFO     httpx:_client.py:1026 HTTP Request: GET http://testserver/health "HTTP/1.1 200 OK"]]></message></reason><output><![CDATA[INFO     httpx:_client.py:1026 HTTP Request: GET http://testserver/health "HTTP/1.1 200 OK"]]></output></test-case><test-case id="331" name="tests/unit/test_rate_limit.py::TestRateLimitingEndpoints::test_root_endpoint_allows_requests" fullname="tests/unit/test_rate_limit.py::TestRateLimitingEndpoints::test_root_endpoint_allows_requests" methodname="test_root_endpoint_allows_requests" classname="TestRateLimitingEndpoints" runstate="Runnable" seed="1" result="Passed" label="Test that root endpoint allows requests" start-time="2026-07-01 01:44:58.679931" end-time="2026-07-01 01:44:58.687464" duration="0.007533" asserts="0"><properties><property name="python-version" value="3.12.13 (main, Mar  6 2026, 16:37:31) [GCC 13.3.0]" /><property name="fspath" value="tests/unit/test_rate_limit.py" /></properties><environment framework-version="3.6.2" clr-version="3.12.13 (main, Mar  6 2026, 16:37:31) [GCC 13.3.0]" os-version="6.8.0" platform="Linux" cwd="/app" machine-name="x86_64" user="" user-domain="" culture="C" uiculture="C" os-architecture="64bit" /><failure><message><![CDATA[]]></message><stack-trace><![CDATA[None]]></stack-trace></failure><reason><message><![CDATA[INFO     httpx:_client.py:1026 HTTP Request: GET http://testserver/ "HTTP/1.1 200 OK"]]></message></reason><output><![CDATA[INFO     httpx:_client.py:1026 HTTP Request: GET http://testserver/ "HTTP/1.1 200 OK"]]></output></test-case><test-case id="332" name="tests/unit/test_rate_limit.py::TestRateLimitingEndpoints::test_query_endpoint_rate_limit_exceeded" fullname="tests/unit/test_rate_limit.py::TestRateLimitingEndpoints::test_query_endpoint_rate_limit_exceeded" methodname="test_query_endpoint_rate_limit_exceeded" classname="TestRateLimitingEndpoints" runstate="Runnable" seed="1" result="Passed" label="Test that query endpoint enforces rate limiting after threshold" start-time="2026-07-01 01:44:58.688428" end-time="2026-07-01 01:44:59.172703" duration="0.484275" asserts="0"><properties><property name="python-version" value="3.12.13 (main, Mar  6 2026, 16:37:31) [GCC 13.3.0]" /><property name="fspath" value="tests/unit/test_rate_limit.py" /></properties><environment framework-version="3.6.2" clr-version="3.12.13 (main, Mar  6 2026, 16:37:31) [GCC 13.3.0]" os-version="6.8.0" platform="Linux" cwd="/app" machine-name="x86_64" user="" user-domain="" culture="C" uiculture="C" os-architecture="64bit" /><failure><message><![CDATA[]]></message><stack-trace><![CDATA[None]]></stack-trace></failure><reason><message><![CDATA[INFO     httpx:_client.py:1026 HTTP Request: POST http://testserver/api/v1/query/ "HTTP/1.1 500 Internal Server Error"
INFO     httpx:_client.py:1026 HTTP Request: POST http://testserver/api/v1/query/ "HTTP/1.1 500 Internal Server Error"
INFO     httpx:_client.py:1026 HTTP Request: POST http://testserver/api/v1/query/ "HTTP/1.1 500 Internal Server Error"
INFO     httpx:_client.py:1026 HTTP Request: POST http://testserver/api/v1/query/ "HTTP/1.1 500 Internal Server Error"
INFO     httpx:_client.py:1026 HTTP Request: POST http://testserver/api/v1/query/ "HTTP/1.1 500 Internal Server Error"
INFO     httpx:_client.py:1026 HTTP Request: POST http://testserver/api/v1/query/ "HTTP/1.1 500 Internal Server Error"
INFO     httpx:_client.py:1026 HTTP Request: POST http://testserver/api/v1/query/ "HTTP/1.1 500 Internal Server Error"
INFO     httpx:_client.py:1026 HTTP Request: POST http://testserver/api/v1/query/ "HTTP/1.1 500 Internal Server Error"
INFO     httpx:_client.py:1026 HTTP Request: POST http://testserver/api/v1/query/ "HTTP/1.1 500 Internal Server Error"
INFO     httpx:_client.py:1026 HTTP Request: POST http://testserver/api/v1/query/ "HTTP/1.1 500 Internal Server Error"
INFO     httpx:_client.py:1026 HTTP Request: POST http://testserver/api/v1/query/ "HTTP/1.1 500 Internal Server Error"
INFO     httpx:_client.py:1026 HTTP Request: POST http://testserver/api/v1/query/ "HTTP/1.1 500 Internal Server Error"
INFO     httpx:_client.py:1026 HTTP Request: POST http://testserver/api/v1/query/ "HTTP/1.1 500 Internal Server Error"
INFO     httpx:_client.py:1026 HTTP Request: POST http://testserver/api/v1/query/ "HTTP/1.1 500 Internal Server Error"
INFO     httpx:_client.py:1026 HTTP Request: POST http://testserver/api/v1/query/ "HTTP/1.1 500 Internal Server Error"
INFO     httpx:_client.py:1026 HTTP Request: POST http://testserver/api/v1/query/ "HTTP/1.1 500 Internal Server Error"
INFO     httpx:_client.py:1026 HTTP Request: POST http://testserver/api/v1/query/ "HTTP/1.1 500 Internal Server Error"
INFO     httpx:_client.py:1026 HTTP Request: POST http://testserver/api/v1/query/ "HTTP/1.1 500 Internal Server Error"
INFO     httpx:_client.py:1026 HTTP Request: POST http://testserver/api/v1/query/ "HTTP/1.1 500 Internal Server Error"
INFO     httpx:_client.py:1026 HTTP Request: POST http://testserver/api/v1/query/ "HTTP/1.1 500 Internal Server Error"
INFO     httpx:_client.py:1026 HTTP Request: POST http://testserver/api/v1/query/ "HTTP/1.1 500 Internal Server Error"
INFO     httpx:_client.py:1026 HTTP Request: POST http://testserver/api/v1/query/ "HTTP/1.1 500 Internal Server Error"
INFO     httpx:_client.py:1026 HTTP Request: POST http://testserver/api/v1/query/ "HTTP/1.1 500 Internal Server Error"
INFO     httpx:_client.py:1026 HTTP Request: POST http://testserver/api/v1/query/ "HTTP/1.1 500 Internal Server Error"
INFO     httpx:_client.py:1026 HTTP Request: POST http://testserver/api/v1/query/ "HTTP/1.1 500 Internal Server Error"
INFO     httpx:_client.py:1026 HTTP Request: POST http://testserver/api/v1/query/ "HTTP/1.1 500 Internal Server Error"
INFO     httpx:_client.py:1026 HTTP Request: POST http://testserver/api/v1/query/ "HTTP/1.1 500 Internal Server Error"
INFO     httpx:_client.py:1026 HTTP Request: POST http://testserver/api/v1/query/ "HTTP/1.1 500 Internal Server Error"
INFO     httpx:_client.py:1026 HTTP Request: POST http://testserver/api/v1/query/ "HTTP/1.1 500 Internal Server Error"
INFO     httpx:_client.py:1026 HTTP Request: POST http://testserver/api/v1/query/ "HTTP/1.1 500 Internal Server Error"
INFO     httpx:_client.py:1026 HTTP Request: POST http://testserver/api/v1/query/ "HTTP/1.1 500 Internal Server Error"
INFO     httpx:_client.py:1026 HTTP Request: POST http://testserver/api/v1/query/ "HTTP/1.1 500 Internal Server Error"
INFO     httpx:_client.py:1026 HTTP Request: POST http://testserver/api/v1/query/ "HTTP/1.1 500 Internal Server Error"
INFO     httpx:_client.py:1026 HTTP Request: POST http://testserver/api/v1/query/ "HTTP/1.1 500 Internal Server Error"
INFO     httpx:_client.py:1026 HTTP Request: POST http://testserver/api/v1/query/ "HTTP/1.1 500 Internal Server Error"
INFO     httpx:_client.py:1026 HTTP Request: POST http://testserver/api/v1/query/ "HTTP/1.1 500 Internal Server Error"
INFO     httpx:_client.py:1026 HTTP Request: POST http://testserver/api/v1/query/ "HTTP/1.1 500 Internal Server Error"
INFO     httpx:_client.py:1026 HTTP Request: POST http://testserver/api/v1/query/ "HTTP/1.1 500 Internal Server Error"
INFO     httpx:_client.py:1026 HTTP Request: POST http://testserver/api/v1/query/ "HTTP/1.1 500 Internal Server Error"
INFO     httpx:_client.py:1026 HTTP Request: POST http://testserver/api/v1/query/ "HTTP/1.1 500 Internal Server Error"
INFO     httpx:_client.py:1026 HTTP Request: POST http://testserver/api/v1/query/ "HTTP/1.1 500 Internal Server Error"
INFO     httpx:_client.py:1026 HTTP Request: POST http://testserver/api/v1/query/ "HTTP/1.1 500 Internal Server Error"
INFO     httpx:_client.py:1026 HTTP Request: POST http://testserver/api/v1/query/ "HTTP/1.1 500 Internal Server Error"
INFO     httpx:_client.py:1026 HTTP Request: POST http://testserver/api/v1/query/ "HTTP/1.1 500 Internal Server Error"
INFO     httpx:_client.py:1026 HTTP Request: POST http://testserver/api/v1/query/ "HTTP/1.1 500 Internal Server Error"
INFO     httpx:_client.py:1026 HTTP Request: POST http://testserver/api/v1/query/ "HTTP/1.1 500 Internal Server Error"
INFO     httpx:_client.py:1026 HTTP Request: POST http://testserver/api/v1/query/ "HTTP/1.1 500 Internal Server Error"
INFO     httpx:_client.py:1026 HTTP Request: POST http://testserver/api/v1/query/ "HTTP/1.1 500 Internal Server Error"
INFO     httpx:_client.py:1026 HTTP Request: POST http://testserver/api/v1/query/ "HTTP/1.1 500 Internal Server Error"
INFO     httpx:_client.py:1026 HTTP Request: POST http://testserver/api/v1/query/ "HTTP/1.1 500 Internal Server Error"
INFO     httpx:_client.py:1026 HTTP Request: POST http://testserver/api/v1/query/ "HTTP/1.1 500 Internal Server Error"
INFO     httpx:_client.py:1026 HTTP Request: POST http://testserver/api/v1/query/ "HTTP/1.1 500 Internal Server Error"
INFO     httpx:_client.py:1026 HTTP Request: POST http://testserver/api/v1/query/ "HTTP/1.1 500 Internal Server Error"
INFO     httpx:_client.py:1026 HTTP Request: POST http://testserver/api/v1/query/ "HTTP/1.1 500 Internal Server Error"
INFO     httpx:_client.py:1026 HTTP Request: POST http://testserver/api/v1/query/ "HTTP/1.1 500 Internal Server Error"
INFO     httpx:_client.py:1026 HTTP Request: POST http://testserver/api/v1/query/ "HTTP/1.1 500 Internal Server Error"
INFO     httpx:_client.py:1026 HTTP Request: POST http://testserver/api/v1/query/ "HTTP/1.1 500 Internal Server Error"
WARNING  slowapi:extension.py:515 ratelimit 60 per 1 minute (ip:unknown) exceeded at endpoint: /api/v1/query/
INFO     httpx:_client.py:1026 HTTP Request: POST http://testserver/api/v1/query/ "HTTP/1.1 429 Too Many Requests"
WARNING  slowapi:extension.py:515 ratelimit 60 per 1 minute (ip:unknown) exceeded at endpoint: /api/v1/query/
INFO     httpx:_client.py:1026 HTTP Request: POST http://testserver/api/v1/query/ "HTTP/1.1 429 Too Many Requests"
WARNING  slowapi:extension.py:515 ratelimit 60 per 1 minute (ip:unknown) exceeded at endpoint: /api/v1/query/
INFO     httpx:_client.py:1026 HTTP Request: POST http://testserver/api/v1/query/ "HTTP/1.1 429 Too Many Requests"
WARNING  slowapi:extension.py:515 ratelimit 60 per 1 minute (ip:unknown) exceeded at endpoint: /api/v1/query/
INFO     httpx:_client.py:1026 HTTP Request: POST http://testserver/api/v1/query/ "HTTP/1.1 429 Too Many Requests"
WARNING  slowapi:extension.py:515 ratelimit 60 per 1 minute (ip:unknown) exceeded at endpoint: /api/v1/query/
INFO     httpx:_client.py:1026 HTTP Request: POST http://testserver/api/v1/query/ "HTTP/1.1 429 Too Many Requests"
WARNING  slowapi:extension.py:515 ratelimit 60 per 1 minute (ip:unknown) exceeded at endpoint: /api/v1/query/
INFO     httpx:_client.py:1026 HTTP Request: POST http://testserver/api/v1/query/ "HTTP/1.1 429 Too Many Requests"
WARNING  slowapi:extension.py:515 ratelimit 60 per 1 minute (ip:unknown) exceeded at endpoint: /api/v1/query/
INFO     httpx:_client.py:1026 HTTP Request: POST http://testserver/api/v1/query/ "HTTP/1.1 429 Too Many Requests"
WARNING  slowapi:extension.py:515 ratelimit 60 per 1 minute (ip:unknown) exceeded at endpoint: /api/v1/query/
INFO     httpx:_client.py:1026 HTTP Request: POST http://testserver/api/v1/query/ "HTTP/1.1 429 Too Many Requests"]]></message></reason><output><![CDATA[INFO     httpx:_client.py:1026 HTTP Request: POST http://testserver/api/v1/query/ "HTTP/1.1 500 Internal Server Error"
INFO     httpx:_client.py:1026 HTTP Request: POST http://testserver/api/v1/query/ "HTTP/1.1 500 Internal Server Error"
INFO     httpx:_client.py:1026 HTTP Request: POST http://testserver/api/v1/query/ "HTTP/1.1 500 Internal Server Error"
INFO     httpx:_client.py:1026 HTTP Request: POST http://testserver/api/v1/query/ "HTTP/1.1 500 Internal Server Error"
INFO     httpx:_client.py:1026 HTTP Request: POST http://testserver/api/v1/query/ "HTTP/1.1 500 Internal Server Error"
INFO     httpx:_client.py:1026 HTTP Request: POST http://testserver/api/v1/query/ "HTTP/1.1 500 Internal Server Error"
INFO     httpx:_client.py:1026 HTTP Request: POST http://testserver/api/v1/query/ "HTTP/1.1 500 Internal Server Error"
INFO     httpx:_client.py:1026 HTTP Request: POST http://testserver/api/v1/query/ "HTTP/1.1 500 Internal Server Error"
INFO     httpx:_client.py:1026 HTTP Request: POST http://testserver/api/v1/query/ "HTTP/1.1 500 Internal Server Error"
INFO     httpx:_client.py:1026 HTTP Request: POST http://testserver/api/v1/query/ "HTTP/1.1 500 Internal Server Error"
INFO     httpx:_client.py:1026 HTTP Request: POST http://testserver/api/v1/query/ "HTTP/1.1 500 Internal Server Error"
INFO     httpx:_client.py:1026 HTTP Request: POST http://testserver/api/v1/query/ "HTTP/1.1 500 Internal Server Error"
INFO     httpx:_client.py:1026 HTTP Request: POST http://testserver/api/v1/query/ "HTTP/1.1 500 Internal Server Error"
INFO     httpx:_client.py:1026 HTTP Request: POST http://testserver/api/v1/query/ "HTTP/1.1 500 Internal Server Error"
INFO     httpx:_client.py:1026 HTTP Request: POST http://testserver/api/v1/query/ "HTTP/1.1 500 Internal Server Error"
INFO     httpx:_client.py:1026 HTTP Request: POST http://testserver/api/v1/query/ "HTTP/1.1 500 Internal Server Error"
INFO     httpx:_client.py:1026 HTTP Request: POST http://testserver/api/v1/query/ "HTTP/1.1 500 Internal Server Error"
INFO     httpx:_client.py:1026 HTTP Request: POST http://testserver/api/v1/query/ "HTTP/1.1 500 Internal Server Error"
INFO     httpx:_client.py:1026 HTTP Request: POST http://testserver/api/v1/query/ "HTTP/1.1 500 Internal Server Error"
INFO     httpx:_client.py:1026 HTTP Request: POST http://testserver/api/v1/query/ "HTTP/1.1 500 Internal Server Error"
INFO     httpx:_client.py:1026 HTTP Request: POST http://testserver/api/v1/query/ "HTTP/1.1 500 Internal Server Error"
INFO     httpx:_client.py:1026 HTTP Request: POST http://testserver/api/v1/query/ "HTTP/1.1 500 Internal Server Error"
INFO     httpx:_client.py:1026 HTTP Request: POST http://testserver/api/v1/query/ "HTTP/1.1 500 Internal Server Error"
INFO     httpx:_client.py:1026 HTTP Request: POST http://testserver/api/v1/query/ "HTTP/1.1 500 Internal Server Error"
INFO     httpx:_client.py:1026 HTTP Request: POST http://testserver/api/v1/query/ "HTTP/1.1 500 Internal Server Error"
INFO     httpx:_client.py:1026 HTTP Request: POST http://testserver/api/v1/query/ "HTTP/1.1 500 Internal Server Error"
INFO     httpx:_client.py:1026 HTTP Request: POST http://testserver/api/v1/query/ "HTTP/1.1 500 Internal Server Error"
INFO     httpx:_client.py:1026 HTTP Request: POST http://testserver/api/v1/query/ "HTTP/1.1 500 Internal Server Error"
INFO     httpx:_client.py:1026 HTTP Request: POST http://testserver/api/v1/query/ "HTTP/1.1 500 Internal Server Error"
INFO     httpx:_client.py:1026 HTTP Request: POST http://testserver/api/v1/query/ "HTTP/1.1 500 Internal Server Error"
INFO     httpx:_client.py:1026 HTTP Request: POST http://testserver/api/v1/query/ "HTTP/1.1 500 Internal Server Error"
INFO     httpx:_client.py:1026 HTTP Request: POST http://testserver/api/v1/query/ "HTTP/1.1 500 Internal Server Error"
INFO     httpx:_client.py:1026 HTTP Request: POST http://testserver/api/v1/query/ "HTTP/1.1 500 Internal Server Error"
INFO     httpx:_client.py:1026 HTTP Request: POST http://testserver/api/v1/query/ "HTTP/1.1 500 Internal Server Error"
INFO     httpx:_client.py:1026 HTTP Request: POST http://testserver/api/v1/query/ "HTTP/1.1 500 Internal Server Error"
INFO     httpx:_client.py:1026 HTTP Request: POST http://testserver/api/v1/query/ "HTTP/1.1 500 Internal Server Error"
INFO     httpx:_client.py:1026 HTTP Request: POST http://testserver/api/v1/query/ "HTTP/1.1 500 Internal Server Error"
INFO     httpx:_client.py:1026 HTTP Request: POST http://testserver/api/v1/query/ "HTTP/1.1 500 Internal Server Error"
INFO     httpx:_client.py:1026 HTTP Request: POST http://testserver/api/v1/query/ "HTTP/1.1 500 Internal Server Error"
INFO     httpx:_client.py:1026 HTTP Request: POST http://testserver/api/v1/query/ "HTTP/1.1 500 Internal Server Error"
INFO     httpx:_client.py:1026 HTTP Request: POST http://testserver/api/v1/query/ "HTTP/1.1 500 Internal Server Error"
INFO     httpx:_client.py:1026 HTTP Request: POST http://testserver/api/v1/query/ "HTTP/1.1 500 Internal Server Error"
INFO     httpx:_client.py:1026 HTTP Request: POST http://testserver/api/v1/query/ "HTTP/1.1 500 Internal Server Error"
INFO     httpx:_client.py:1026 HTTP Request: POST http://testserver/api/v1/query/ "HTTP/1.1 500 Internal Server Error"
INFO     httpx:_client.py:1026 HTTP Request: POST http://testserver/api/v1/query/ "HTTP/1.1 500 Internal Server Error"
INFO     httpx:_client.py:1026 HTTP Request: POST http://testserver/api/v1/query/ "HTTP/1.1 500 Internal Server Error"
INFO     httpx:_client.py:1026 HTTP Request: POST http://testserver/api/v1/query/ "HTTP/1.1 500 Internal Server Error"
INFO     httpx:_client.py:1026 HTTP Request: POST http://testserver/api/v1/query/ "HTTP/1.1 500 Internal Server Error"
INFO     httpx:_client.py:1026 HTTP Request: POST http://testserver/api/v1/query/ "HTTP/1.1 500 Internal Server Error"
INFO     httpx:_client.py:1026 HTTP Request: POST http://testserver/api/v1/query/ "HTTP/1.1 500 Internal Server Error"
INFO     httpx:_client.py:1026 HTTP Request: POST http://testserver/api/v1/query/ "HTTP/1.1 500 Internal Server Error"
INFO     httpx:_client.py:1026 HTTP Request: POST http://testserver/api/v1/query/ "HTTP/1.1 500 Internal Server Error"
INFO     httpx:_client.py:1026 HTTP Request: POST http://testserver/api/v1/query/ "HTTP/1.1 500 Internal Server Error"
INFO     httpx:_client.py:1026 HTTP Request: POST http://testserver/api/v1/query/ "HTTP/1.1 500 Internal Server Error"
INFO     httpx:_client.py:1026 HTTP Request: POST http://testserver/api/v1/query/ "HTTP/1.1 500 Internal Server Error"
INFO     httpx:_client.py:1026 HTTP Request: POST http://testserver/api/v1/query/ "HTTP/1.1 500 Internal Server Error"
INFO     httpx:_client.py:1026 HTTP Request: POST http://testserver/api/v1/query/ "HTTP/1.1 500 Internal Server Error"
WARNING  slowapi:extension.py:515 ratelimit 60 per 1 minute (ip:unknown) exceeded at endpoint: /api/v1/query/
INFO     httpx:_client.py:1026 HTTP Request: POST http://testserver/api/v1/query/ "HTTP/1.1 429 Too Many Requests"
WARNING  slowapi:extension.py:515 ratelimit 60 per 1 minute (ip:unknown) exceeded at endpoint: /api/v1/query/
INFO     httpx:_client.py:1026 HTTP Request: POST http://testserver/api/v1/query/ "HTTP/1.1 429 Too Many Requests"
WARNING  slowapi:extension.py:515 ratelimit 60 per 1 minute (ip:unknown) exceeded at endpoint: /api/v1/query/
INFO     httpx:_client.py:1026 HTTP Request: POST http://testserver/api/v1/query/ "HTTP/1.1 429 Too Many Requests"
WARNING  slowapi:extension.py:515 ratelimit 60 per 1 minute (ip:unknown) exceeded at endpoint: /api/v1/query/
INFO     httpx:_client.py:1026 HTTP Request: POST http://testserver/api/v1/query/ "HTTP/1.1 429 Too Many Requests"
WARNING  slowapi:extension.py:515 ratelimit 60 per 1 minute (ip:unknown) exceeded at endpoint: /api/v1/query/
INFO     httpx:_client.py:1026 HTTP Request: POST http://testserver/api/v1/query/ "HTTP/1.1 429 Too Many Requests"
WARNING  slowapi:extension.py:515 ratelimit 60 per 1 minute (ip:unknown) exceeded at endpoint: /api/v1/query/
INFO     httpx:_client.py:1026 HTTP Request: POST http://testserver/api/v1/query/ "HTTP/1.1 429 Too Many Requests"
WARNING  slowapi:extension.py:515 ratelimit 60 per 1 minute (ip:unknown) exceeded at endpoint: /api/v1/query/
INFO     httpx:_client.py:1026 HTTP Request: POST http://testserver/api/v1/query/ "HTTP/1.1 429 Too Many Requests"
WARNING  slowapi:extension.py:515 ratelimit 60 per 1 minute (ip:unknown) exceeded at endpoint: /api/v1/query/
INFO     httpx:_client.py:1026 HTTP Request: POST http://testserver/api/v1/query/ "HTTP/1.1 429 Too Many Requests"]]></output></test-case><test-case id="333" name="tests/unit/test_rate_limit.py::TestRateLimitingEndpoints::test_ingest_endpoint_stricter_rate_limit" fullname="tests/unit/test_rate_limit.py::TestRateLimitingEndpoints::test_ingest_endpoint_stricter_rate_limit" methodname="test_ingest_endpoint_stricter_rate_limit" classname="TestRateLimitingEndpoints" runstate="Runnable" seed="1" result="Passed" label="Test that ingest endpoint has stricter rate limiting (20/minute)" start-time="2026-07-01 01:44:59.173771" end-time="2026-07-01 01:44:59.183019" duration="0.009248" asserts="0"><properties><property name="python-version" value="3.12.13 (main, Mar  6 2026, 16:37:31) [GCC 13.3.0]" /><property name="fspath" value="tests/unit/test_rate_limit.py" /></properties><environment framework-version="3.6.2" clr-version="3.12.13 (main, Mar  6 2026, 16:37:31) [GCC 13.3.0]" os-version="6.8.0" platform="Linux" cwd="/app" machine-name="x86_64" user="" user-domain="" culture="C" uiculture="C" os-architecture="64bit" /><failure><message><![CDATA[]]></message><stack-trace><![CDATA[None]]></stack-trace></failure><reason><message><![CDATA[INFO     httpx:_client.py:1026 HTTP Request: POST http://testserver/api/v1/ingest?source_path=/tmp/test&amp;collection=default "HTTP/1.1 200 OK"]]></message></reason><output><![CDATA[INFO     httpx:_client.py:1026 HTTP Request: POST http://testserver/api/v1/ingest?source_path=/tmp/test&amp;collection=default "HTTP/1.1 200 OK"]]></output></test-case><environment framework-version="3.6.2" clr-version="3.12.13 (main, Mar  6 2026, 16:37:31) [GCC 13.3.0]" os-version="6.8.0" platform="Linux" cwd="/app" machine-name="x86_64" user="" user-domain="" culture="C" uiculture="C" os-architecture="64bit" /></test-suite><test-suite id="tests/unit/test_circuit_breaker.py::TestCircuitBreakerSynchronous" name="tests/unit/test_circuit_breaker.py::TestCircuitBreakerSynchronous" fullname="tests/unit/test_circuit_breaker.py::TestCircuitBreakerSynchronous" methodname="" classname="" runstate="Runnable" type="Assembly" testcasecount="3" result="Passed" label="Test synchronous circuit breaker calls" start-time="2026-07-01 01:44:56.803078" end-time="2026-07-01 01:44:56.809583" duration="0.006505" asserts="0" total="3" passed="3" failed="0" warnings="0" inconclusive="0" skipped="0"><properties><property name="python_version" value="3.12.13 (main, Mar  6 2026, 16:37:31) [GCC 13.3.0]" /></properties><test-case id="193" name="tests/unit/test_circuit_breaker.py::TestCircuitBreakerSynchronous::test_sync_call_success" fullname="tests/unit/test_circuit_breaker.py::TestCircuitBreakerSynchronous::test_sync_call_success" methodname="test_sync_call_success" classname="TestCircuitBreakerSynchronous" runstate="Runnable" seed="1" result="Passed" label="Test successful synchronous call" start-time="2026-07-01 01:44:56.803078" end-time="2026-07-01 01:44:56.804198" duration="0.00112" asserts="0"><properties><property name="python-version" value="3.12.13 (main, Mar  6 2026, 16:37:31) [GCC 13.3.0]" /><property name="fspath" value="tests/unit/test_circuit_breaker.py" /></properties><environment framework-version="3.6.2" clr-version="3.12.13 (main, Mar  6 2026, 16:37:31) [GCC 13.3.0]" os-version="6.8.0" platform="Linux" cwd="/app" machine-name="x86_64" user="" user-domain="" culture="C" uiculture="C" os-architecture="64bit" /><failure><message><![CDATA[]]></message><stack-trace><![CDATA[None]]></stack-trace></failure><reason><message><![CDATA[INFO     app.core.circuit_breaker:circuit_breaker.py:88 Circuit breaker 'test' initialized: failure_threshold=5, timeout=60.0s]]></message></reason><output><![CDATA[INFO     app.core.circuit_breaker:circuit_breaker.py:88 Circuit breaker 'test' initialized: failure_threshold=5, timeout=60.0s]]></output></test-case><test-case id="194" name="tests/unit/test_circuit_breaker.py::TestCircuitBreakerSynchronous::test_sync_call_failure" fullname="tests/unit/test_circuit_breaker.py::TestCircuitBreakerSynchronous::test_sync_call_failure" methodname="test_sync_call_failure" classname="TestCircuitBreakerSynchronous" runstate="Runnable" seed="1" result="Passed" label="Test failed synchronous call" start-time="2026-07-01 01:44:56.805543" end-time="2026-07-01 01:44:56.806801" duration="0.001258" asserts="0"><properties><property name="python-version" value="3.12.13 (main, Mar  6 2026, 16:37:31) [GCC 13.3.0]" /><property name="fspath" value="tests/unit/test_circuit_breaker.py" /></properties><environment framework-version="3.6.2" clr-version="3.12.13 (main, Mar  6 2026, 16:37:31) [GCC 13.3.0]" os-version="6.8.0" platform="Linux" cwd="/app" machine-name="x86_64" user="" user-domain="" culture="C" uiculture="C" os-architecture="64bit" /><failure><message><![CDATA[]]></message><stack-trace><![CDATA[None]]></stack-trace></failure><reason><message><![CDATA[INFO     app.core.circuit_breaker:circuit_breaker.py:88 Circuit breaker 'test' initialized: failure_threshold=2, timeout=60.0s
WARNING  app.core.circuit_breaker:circuit_breaker.py:143 Circuit breaker 'test' tripped to OPEN state after 2 failures]]></message></reason><output><![CDATA[INFO     app.core.circuit_breaker:circuit_breaker.py:88 Circuit breaker 'test' initialized: failure_threshold=2, timeout=60.0s
[...]
-name="x86_64" user="" user-domain="" culture="C" uiculture="C" os-architecture="64bit" /><failure><message><![CDATA[]]></message><stack-trace><![CDATA[None]]></stack-trace></failure><reason><message><![CDATA[]]></message></reason><output><![CDATA[]]></output></test-case><test-case id="278" name="tests/unit/test_metrics.py::TestMetricsDefinitions::test_cache_metrics_exist" fullname="tests/unit/test_metrics.py::TestMetricsDefinitions::test_cache_metrics_exist" methodname="test_cache_metrics_exist" classname="TestMetricsDefinitions" runstate="Runnable" seed="1" result="Passed" label="Test cache metrics are defined" start-time="2026-07-01 01:44:58.469660" end-time="2026-07-01 01:44:58.471133" duration="0.001473" asserts="0"><properties><property name="python-version" value="3.12.13 (main, Mar  6 2026, 16:37:31) [GCC 13.3.0]" /><property name="fspath" value="tests/unit/test_metrics.py" /></properties><environment framework-version="3.6.2" clr-version="3.12.13 (main, Mar  6 2026, 16:37:31) [GCC 13.3.0]" os-version="6.8.0" platform="Linux" cwd="/app" machine-name="x86_64" user="" user-domain="" culture="C" uiculture="C" os-architecture="64bit" /><failure><message><![CDATA[]]></message><stack-trace><![CDATA[None]]></stack-trace></failure><reason><message><![CDATA[]]></message></reason><output><![CDATA[]]></output></test-case><test-case id="279" name="tests/unit/test_metrics.py::TestMetricsDefinitions::test_llm_metrics_exist" fullname="tests/unit/test_metrics.py::TestMetricsDefinitions::test_llm_metrics_exist" methodname="test_llm_metrics_exist" classname="TestMetricsDefinitions" runstate="Runnable" seed="1" result="Passed" label="Test LLM metrics are defined" start-time="2026-07-01 01:44:58.472351" end-time="2026-07-01 01:44:58.473493" duration="0.001142" asserts="0"><properties><property name="python-version" value="3.12.13 (main, Mar  6 2026, 16:37:31) [GCC 13.3.0]" /><property name="fspath" value="tests/unit/test_metrics.py" /></properties><environment framework-version="3.6.2" clr-version="3.12.13 (main, Mar  6 2026, 16:37:31) [GCC 13.3.0]" os-version="6.8.0" platform="Linux" cwd="/app" machine-name="x86_64" user="" user-domain="" culture="C" uiculture="C" os-architecture="64bit" /><failure><message><![CDATA[]]></message><stack-trace><![CDATA[None]]></stack-trace></failure><reason><message><![CDATA[]]></message></reason><output><![CDATA[]]></output></test-case><test-case id="280" name="tests/unit/test_metrics.py::TestMetricsDefinitions::test_vectordb_metrics_exist" fullname="tests/unit/test_metrics.py::TestMetricsDefinitions::test_vectordb_metrics_exist" methodname="test_vectordb_metrics_exist" classname="TestMetricsDefinitions" runstate="Runnable" seed="1" result="Passed" label="Test VectorDB metrics are defined" start-time="2026-07-01 01:44:58.474118" end-time="2026-07-01 01:44:58.475465" duration="0.001347" asserts="0"><properties><property name="python-version" value="3.12.13 (main, Mar  6 2026, 16:37:31) [GCC 13.3.0]" /><property name="fspath" value="tests/unit/test_metrics.py" /></properties><environment framework-version="3.6.2" clr-version="3.12.13 (main, Mar  6 2026, 16:37:31) [GCC 13.3.0]" os-version="6.8.0" platform="Linux" cwd="/app" machine-name="x86_64" user="" user-domain="" culture="C" uiculture="C" os-architecture="64bit" /><failure><message><![CDATA[]]></message><stack-trace><![CDATA[None]]></stack-trace></failure><reason><message><![CDATA[]]></message></reason><output><![CDATA[]]></output></test-case><test-case id="281" name="tests/unit/test_metrics.py::TestMetricsDefinitions::test_retrieval_metrics_exist" fullname="tests/unit/test_metrics.py::TestMetricsDefinitions::test_retrieval_metrics_exist" methodname="test_retrieval_metrics_exist" classname="TestMetricsDefinitions" runstate="Runnable" seed="1" result="Passed" label="Test retrieval metrics are defined" start-time="2026-07-01 01:44:58.476121" end-time="2026-07-01 01:44:58.478726" duration="0.002605" asserts="0"><properties><property name="python-version" value="3.12.13 (main, Mar  6 2026, 16:37:31) [GCC 13.3.0]" /><property name="fspath" value="tests/unit/test_metrics.py" /></properties><environment framework-version="3.6.2" clr-version="3.12.13 (main, Mar  6 2026, 16:37:31) [GCC 13.3.0]" os-version="6.8.0" platform="Linux" cwd="/app" machine-name="x86_64" user="" user-domain="" culture="C" uiculture="C" os-architecture="64bit" /><failure><message><![CDATA[]]></message><stack-trace><![CDATA[None]]></stack-trace></failure><reason><message><![CDATA[]]></message></reason><output><![CDATA[]]></output></test-case><test-case id="282" name="tests/unit/test_metrics.py::TestMetricsDefinitions::test_application_info_exists" fullname="tests/unit/test_metrics.py::TestMetricsDefinitions::test_application_info_exists" methodname="test_application_info_exists" classname="TestMetricsDefinitions" runstate="Runnable" seed="1" result="Passed" label="Test application info metric is defined" start-time="2026-07-01 01:44:58.480054" end-time="2026-07-01 01:44:58.481484" duration="0.00143" asserts="0"><properties><property name="python-version" value="3.12.13 (main, Mar  6 2026, 16:37:31) [GCC 13.3.0]" /><property name="fspath" value="tests/unit/test_metrics.py" /></properties><environment framework-version="3.6.2" clr-version="3.12.13 (main, Mar  6 2026, 16:37:31) [GCC 13.3.0]" os-version="6.8.0" platform="Linux" cwd="/app" machine-name="x86_64" user="" user-domain="" culture="C" uiculture="C" os-architecture="64bit" /><failure><message><![CDATA[]]></message><stack-trace><![CDATA[None]]></stack-trace></failure><reason><message><![CDATA[]]></message></reason><output><![CDATA[]]></output></test-case><environment framework-version="3.6.2" clr-version="3.12.13 (main, Mar  6 2026, 16:37:31) [GCC 13.3.0]" os-version="6.8.0" platform="Linux" cwd="/app" machine-name="x86_64" user="" user-domain="" culture="C" uiculture="C" os-architecture="64bit" /></test-suite><test-suite id="tests/unit/test_feature_00.py::TestMethodSignatures" name="tests/unit/test_feature_00.py::TestMethodSignatures" fullname="tests/unit/test_feature_00.py::TestMethodSignatures" methodname="" classname="" runstate="Runnable" type="Assembly" testcasecount="6" result="Passed" label="Test that public methods have correct signatures." start-time="2026-07-01 01:44:58.134650" end-time="2026-07-01 01:44:58.143753" duration="0.009103" asserts="0" total="6" passed="6" failed="0" warnings="0" inconclusive="0" skipped="0"><properties><property name="python_version" value="3.12.13 (main, Mar  6 2026, 16:37:31) [GCC 13.3.0]" /></properties><test-case id="250" name="tests/unit/test_feature_00.py::TestMethodSignatures::test_initialize_method_exists" fullname="tests/unit/test_feature_00.py::TestMethodSignatures::test_initialize_method_exists" methodname="test_initialize_method_exists" classname="TestMethodSignatures" runstate="Runnable" seed="1" result="Passed" label="Test that initialize method exists." start-time="2026-07-01 01:44:58.134650" end-time="2026-07-01 01:44:58.135376" duration="0.000726" asserts="0"><properties><property name="python-version" value="3.12.13 (main, Mar  6 2026, 16:37:31) [GCC 13.3.0]" /><property name="fspath" value="tests/unit/test_feature_00.py" /></properties><environment framework-version="3.6.2" clr-version="3.12.13 (main, Mar  6 2026, 16:37:31) [GCC 13.3.0]" os-version="6.8.0" platform="Linux" cwd="/app" machine-name="x86_64" user="" user-domain="" culture="C" uiculture="C" os-architecture="64bit" /><failure><message><![CDATA[]]></message><stack-trace><![CDATA[None]]></stack-trace></failure><reason><message><![CDATA[]]></message></reason><output><![CDATA[]]></output></test-case><test-case id="251" name="tests/unit/test_feature_00.py::TestMethodSignatures::test_close_method_exists" fullname="tests/unit/test_feature_00.py::TestMethodSignatures::test_close_method_exists" methodname="test_close_method_exists" classname="TestMethodSignatures" runstate="Runnable" seed="1" result="Passed" label="Test that close method exists." start-time="2026-07-01 01:44:58.136374" end-time="2026-07-01 01:44:58.137407" duration="0.001033" asserts="0"><properties><property name="python-version" value="3.12.13 (main, Mar  6 2026, 16:37:31) [GCC 13.3.0]" /><property name="fspath" value="tests/unit/test_feature_00.py" /></properties><environment framework-version="3.6.2" clr-version="3.12.13 (main, Mar  6 2026, 16:37:31) [GCC 13.3.0]" os-version="6.8.0" platform="Linux" cwd="/app" machine-name="x86_64" user="" user-domain="" culture="C" uiculture="C" os-architecture="64bit" /><failure><message><![CDATA[]]></message><stack-trace><![CDATA[None]]></stack-trace></failure><reason><message><![CDATA[]]></message></reason><output><![CDATA[]]></output></test-case><test-case id="252" name="tests/unit/test_feature_00.py::TestMethodSignatures::test_execute_method_exists" fullname="tests/unit/test_feature_00.py::TestMethodSignatures::test_execute_method_exists" methodname="test_execute_method_exists" classname="TestMethodSignatures" runstate="Runnable" seed="1" result="Passed" label="Test that execute method exists." start-time="2026-07-01 01:44:58.137996" end-time="2026-07-01 01:44:58.138698" duration="0.000702" asserts="0"><properties><property name="python-version" value="3.12.13 (main, Mar  6 2026, 16:37:31) [GCC 13.3.0]" /><property name="fspath" value="tests/unit/test_feature_00.py" /></properties><environment framework-version="3.6.2" clr-version="3.12.13 (main, Mar  6 2026, 16:37:31) [GCC 13.3.0]" os-version="6.8.0" platform="Linux" cwd="/app" machine-name="x86_64" user="" user-domain="" culture="C" uiculture="C" os-architecture="64bit" /><failure><message><![CDATA[]]></message><stack-trace><![CDATA[None]]></stack-trace></failure><reason><message><![CDATA[]]></message></reason><output><![CDATA[]]></output></test-case><test-case id="253" name="tests/unit/test_feature_00.py::TestMethodSignatures::test_fetch_method_exists" fullname="tests/unit/test_feature_00.py::TestMethodSignatures::test_fetch_method_exists" methodname="test_fetch_method_exists" classname="TestMethodSignatures" runstate="Runnable" seed="1" result="Passed" label="Test that fetch method exists." start-time="2026-07-01 01:44:58.139421" end-time="2026-07-01 01:44:58.140080" duration="0.000659" asserts="0"><properties><property name="python-version" value="3.12.13 (main, Mar  6 2026, 16:37:31) [GCC 13.3.0]" /><property name="fspath" value="tests/unit/test_feature_00.py" /></properties><environment framework-version="3.6.2" clr-version="3.12.13 (main, Mar  6 2026, 16:37:31) [GCC 13.3.0]" os-version="6.8.0" platform="Linux" cwd="/app" machine-name="x86_64" user="" user-domain="" culture="C" uiculture="C" os-architecture="64bit" /><failure><message><![CDATA[]]></message><stack-trace><![CDATA[None]]></stack-trace></failure><reason><message><![CDATA[]]></message></reason><output><![CDATA[]]></output></test-case><test-case id="254" name="tests/unit/test_feature_00.py::TestMethodSignatures::test_health_check_method_exists" fullname="tests/unit/test_feature_00.py::TestMethodSignatures::test_health_check_method_exists" methodname="test_health_check_method_exists" classname="TestMethodSignatures" runstate="Runnable" seed="1" result="Passed" label="Test that health_check method exists." start-time="2026-07-01 01:44:58.140635" end-time="2026-07-01 01:44:58.141652" duration="0.001017" asserts="0"><properties><property name="python-version" value="3.12.13 (main, Mar  6 2026, 16:37:31) [GCC 13.3.0]" /><property name="fspath" value="tests/unit/test_feature_00.py" /></properties><environment framework-version="3.6.2" clr-version="3.12.13 (main, Mar  6 2026, 16:37:31) [GCC 13.3.0]" os-version="6.8.0" platform="Linux" cwd="/app" machine-name="x86_64" user="" user-domain="" culture="C" uiculture="C" os-architecture="64bit" /><failure><message><![CDATA[]]></message><stack-trace><![CDATA[None]]></stack-trace></failure><reason><message><![CDATA[]]></message></reason><output><![CDATA[]]></output></test-case><test-case id="255" name="tests/unit/test_feature_00.py::TestMethodSignatures::test_acquire_method_exists" fullname="tests/unit/test_feature_00.py::TestMethodSignatures::test_acquire_method_exists" methodname="test_acquire_method_exists" classname="TestMethodSignatures" runstate="Runnable" seed="1" result="Passed" label="Test that acquire method exists." start-time="2026-07-01 01:44:58.142807" end-time="2026-07-01 01:44:58.143753" duration="0.000946" asserts="0"><properties><property name="python-version" value="3.12.13 (main, Mar  6 2026, 16:37:31) [GCC 13.3.0]" /><property name="fspath" value="tests/unit/test_feature_00.py" /></properties><environment framework-version="3.6.2" clr-version="3.12.13 (main, Mar  6 2026, 16:37:31) [GCC 13.3.0]" os-version="6.8.0" platform="Linux" cwd="/app" machine-name="x86_64" user="" user-domain="" culture="C" uiculture="C" os-architecture="64bit" /><failure><message><![CDATA[]]></message><stack-trace><![CDATA[None]]></stack-trace></failure><reason><message><![CDATA[]]></message></reason><output><![CDATA[]]></output></test-case><environment framework-version="3.6.2" clr-version="3.12.13 (main, Mar  6 2026, 16:37:31) [GCC 13.3.0]" os-version="6.8.0" platform="Linux" cwd="/app" machine-name="x86_64" user="" user-domain="" culture="C" uiculture="C" os-architecture="64bit" /></test-suite><test-suite id="tests/unit/test_rate_limit.py::TestRateLimitErrorHandling" name="tests/unit/test_rate_limit.py::TestRateLimitErrorHandling" fullname="tests/unit/test_rate_limit.py::TestRateLimitErrorHandling" methodname="" classname="" runstate="Runnable" type="Assembly" testcasecount="1" result="Passed" label="Test rate limit error handling" start-time="2026-07-01 01:44:59.184041" end-time="2026-07-01 01:44:59.184720" duration="0.000679" asserts="0" total="1" passed="1" failed="0" warnings="0" inconclusive="0" skipped="0"><properties><property name="python_version" value="3.12.13 (main, Mar  6 2026, 16:37:31) [GCC 13.3.0]" /></properties><test-case id="334" name="tests/unit/test_rate_limit.py::TestRateLimitErrorHandling::test_rate_limit_error_response_format" fullname="tests/unit/test_rate_limit.py::TestRateLimitErrorHandling::test_rate_limit_error_response_format" methodname="test_rate_limit_error_response_format" classname="TestRateLimitErrorHandling" runstate="Runnable" seed="1" result="Passed" label="Test that rate limit errors return proper format" start-time="2026-07-01 01:44:59.184041" end-time="2026-07-01 01:44:59.184720" duration="0.000679" asserts="0"><properties><property name="python-version" value="3.12.13 (main, Mar  6 2026, 16:37:31) [GCC 13.3.0]" /><property name="fspath" value="tests/unit/test_rate_limit.py" /></properties><environment framework-version="3.6.2" clr-version="3.12.13 (main, Mar  6 2026, 16:37:31) [GCC 13.3.0]" os-version="6.8.0" platform="Linux" cwd="/app" machine-name="x86_64" user="" user-domain="" culture="C" uiculture="C" os-architecture="64bit" /><failure><message><![CDATA[]]></message><stack-trace><![CDATA[None]]></stack-trace></failure><reason><message><![CDATA[]]></message></reason><output><![CDATA[]]></output></test-case><environment framework-version="3.6.2" clr-version="3.12.13 (main, Mar  6 2026, 16:37:31) [GCC 13.3.0]" os-version="6.8.0" platform="Linux" cwd="/app" machine-name="x86_64" user="" user-domain="" culture="C" uiculture="C" os-architecture="64bit" /></test-suite><test-suite id="tests/unit/test_cache.py::TestGetStats" name="tests/unit/test_cache.py::TestGetStats" fullname="tests/unit/test_cache.py::TestGetStats" methodname="" classname="" runstate="Runnable" type="Assembly" testcasecount="3" result="Passed" label="Tests for cache statistics" start-time="2026-07-01 01:44:56.054000" end-time="2026-07-01 01:44:56.061483" duration="0.007483" asserts="0" total="3" passed="3" failed="0" warnings="0" inconclusive="0" skipped="0"><properties><property name="python_version" value="3.12.13 (main, Mar  6 2026, 16:37:31) [GCC 13.3.0]" /></properties><test-case id="155" name="tests/unit/test_cache.py::TestGetStats::test_get_stats_enabled" fullname="tests/unit/test_cache.py::TestGetStats::test_get_stats_enabled" methodname="test_get_stats_enabled" classname="TestGetStats" runstate="Runnable" seed="1" result="Passed" label="Test getting stats when cache is enabled" start-time="2026-07-01 01:44:56.054000" end-time="2026-07-01 01:44:56.055299" duration="0.001299" asserts="0"><properties><property name="python-version" value="3.12.13 (main, Mar  6 2026, 16:37:31) [GCC 13.3.0]" /><property name="fspath" value="tests/unit/test_cache.py" /></properties><environment framework-version="3.6.2" clr-version="3.12.13 (main, Mar  6 2026, 16:37:31) [GCC 13.3.0]" os-version="6.8.0" platform="Linux" cwd="/app" machine-name="x86_64" user="" user-domain="" culture="C" uiculture="C" os-architecture="64bit" /><failure><message><![CDATA[]]></message><stack-trace><![CDATA[None]]></stack-trace></failure><reason><message><![CDATA[INFO     app.core.cache:cache.py:88 Cache connected to Redis at localhost:6379 (L1: 128 entries)]]></message></reason><output><![CDATA[INFO     app.core.cache:cache.py:88 Cache connected to Redis at localhost:6379 (L1: 128 entries)]]></output></test-case><test-case id="156" name="tests/unit/test_cache.py::TestGetStats::test_get_stats_disabled" fullname="tests/unit/test_cache.py::TestGetStats::test_get_stats_disabled" methodname="test_get_stats_disabled" classname="TestGetStats" runstate="Runnable" seed="1" result="Passed" label="Test getting stats when cache is disabled" start-time="2026-07-01 01:44:56.056206" end-time="2026-07-01 01:44:56.056836" duration="0.00063" asserts="0"><properties><property name="python-version" value="3.12.13 (main, Mar  6 2026, 16:37:31) [GCC 13.3.0]" /><property name="fspath" value="tests/unit/test_cache.py" /></properties><environment framework-version="3.6.2" clr-version="3.12.13 (main, Mar  6 2026, 16:37:31) [GCC 13.3.0]" os-version="6.8.0" platform="Linux" cwd="/app" machine-name="x86_64" user="" user-domain="" culture="C" uiculture="C" os-architecture="64bit" /><failure><message><![CDATA[]]></message><stack-trace><![CDATA[None]]></stack-trace></failure><reason><message><![CDATA[INFO     app.core.cache:cache.py:91 Caching disabled]]></message></reason><output><![CDATA[INFO     app.core.cache:cache.py:91 Caching disabled]]></output></test-case><test-case id="157" name="tests/unit/test_cache.py::TestGetStats::test_get_stats_redis_error" fullname="tests/unit/test_cache.py::TestGetStats::test_get_stats_redis_error" methodname="test_get_stats_redis_error" classname="TestGetStats" runstate="Runnable" seed="1" result="Passed" label="Test handling of Redis error when getting stats" start-time="2026-07-01 01:44:56.060256" end-time="2026-07-01 01:44:56.061483" duration="0.001227" asserts="0"><properties><property name="python-version" value="3.12.13 (main, Mar  6 2026, 16:37:31) [GCC 13.3.0]" /><property name="fspath" value="tests/unit/test_cache.py" /></properties><environment framework-version="3.6.2" clr-version="3.12.13 (main, Mar  6 2026, 16:37:31) [GCC 13.3.0]" os-version="6.8.0" platform="Linux" cwd="/app" machine-name="x86_64" user="" user-domain="" culture="C" uiculture="C" os-architecture="64bit" /><failure><message><![CDATA[]]></message><stack-trace><![CDATA[None]]></stack-trace></failure><reason><message><![CDATA[INFO     app.core.cache:cache.py:88 Cache connected to Redis at localhost:6379 (L1: 128 entries)
WARNING  app.core.cache:cache.py:415 Failed to get L2 cache stats: Redis error]]></message></reason><output><![CDATA[INFO     app.core.cache:cache.py:88 Cache connected to Redis at localhost:6379 (L1: 128 entries)
WARNING  app.core.cache:cache.py:415 Failed to get L2 cache stats: Redis error]]></output></test-case><environment framework-version="3.6.2" clr-version="3.12.13 (main, Mar  6 2026, 16:37:31) [GCC 13.3.0]" os-version="6.8.0" platform="Linux" cwd="/app" machine-name="x86_64" user="" user-domain="" culture="C" uiculture="C" os-architecture="64bit" /></test-suite></test-run>